[0.040s] Invoking command in '/home/nicola/Desktop/Progetto_Sapore/build/robot_skills': CMAKE_PREFIX_PATH=${CMAKE_PREFIX_PATH}:/opt/ros/jazzy DEBUGINFOD_URLS=https://debuginfod.ubuntu.com /usr/bin/cmake --build /home/nicola/Desktop/Progetto_Sapore/build/robot_skills -- -j8 -l8
[0.211s] [ 25%] [32mBuilding CXX object CMakeFiles/SaveYaml.dir/src/SaveYaml.cpp.o[0m
[1.732s] In file included from [01m[K/home/nicola/Desktop/Progetto_Sapore/src/robot_skills/include/SaveYaml.hpp:3[m[K,
[1.732s]                  from [01m[K/home/nicola/Desktop/Progetto_Sapore/src/robot_skills/src/SaveYaml.cpp:2[m[K:
[1.732s] [01m[K/opt/ros/jazzy/include/moveit_ros_planning_interface/moveit/move_group_interface/move_group_interface.h:51:77:[m[K [01;36m[Knote: [m[Kâ€˜[01m[K#pragma message: .h header is obsolete. Please use the .hpp header instead.[m[Kâ€™
[1.732s]    51 | #pragma message(".h header is obsolete. Please use the .hpp header instead."[01;36m[K)[m[K
[1.732s]       |                                                                             [01;36m[K^[m[K
[9.777s] [ 50%] [32m[1mLinking CXX static library libSaveYaml.a[0m
[9.818s] [ 50%] Built target SaveYaml
[9.879s] [ 75%] [32mBuilding CXX object CMakeFiles/pick_place_server.dir/src/pick_place_server.cpp.o[0m
[13.591s] In file included from [01m[K/home/nicola/Desktop/Progetto_Sapore/src/robot_skills/src/pick_place_server.cpp:2[m[K:
[13.591s] [01m[K/opt/ros/jazzy/include/moveit_ros_planning_interface/moveit/move_group_interface/move_group_interface.h:51:77:[m[K [01;36m[Knote: [m[Kâ€˜[01m[K#pragma message: .h header is obsolete. Please use the .hpp header instead.[m[Kâ€™
[13.591s]    51 | #pragma message(".h header is obsolete. Please use the .hpp header instead."[01;36m[K)[m[K
[13.592s]       |                                                                             [01;36m[K^[m[K
[15.863s] In file included from [01m[K/home/nicola/Desktop/Progetto_Sapore/src/robot_skills/src/pick_place_server.cpp:3[m[K:
[15.863s] [01m[K/opt/ros/jazzy/include/moveit_ros_planning_interface/moveit/planning_scene_interface/planning_scene_interface.h:50:77:[m[K [01;36m[Knote: [m[Kâ€˜[01m[K#pragma message: .h header is obsolete. Please use the .hpp header instead.[m[Kâ€™
[15.863s]    50 | #pragma message(".h header is obsolete. Please use the .hpp header instead."[01;36m[K)[m[K
[15.863s]       |                                                                             [01;36m[K^[m[K
[16.086s] In file included from [01m[K/home/nicola/Desktop/Progetto_Sapore/src/robot_skills/src/pick_place_server.cpp:16[m[K:
[16.086s] [01m[K/opt/ros/jazzy/include/moveit_core/moveit/utils/moveit_error_code.h:48:77:[m[K [01;36m[Knote: [m[Kâ€˜[01m[K#pragma message: .h header is obsolete. Please use the .hpp header instead.[m[Kâ€™
[16.086s]    48 | #pragma message(".h header is obsolete. Please use the .hpp header instead."[01;36m[K)[m[K
[16.087s]       |                                                                             [01;36m[K^[m[K
[16.133s] [01m[K/home/nicola/Desktop/Progetto_Sapore/src/robot_skills/src/pick_place_server.cpp:386:76:[m[K [01;35m[Kwarning: [m[Kuse of â€˜[01m[Kauto[m[Kâ€™ in parameter declaration only available with â€˜[01m[K-std=c++20[m[Kâ€™ or â€˜[01m[K-fconcepts[m[Kâ€™
[16.133s]   386 |                         double final_z_rotation_rad = 120.0 * M_PI / 180.0,[01;35m[Kauto[m[K plan1 = moveit::planning_interface::MoveGroupInterface::Plan())
[16.133s]       |                                                                            [01;35m[K^~~~[m[K
[16.153s] [01m[K/home/nicola/Desktop/Progetto_Sapore/src/robot_skills/src/pick_place_server.cpp:[m[K In member function â€˜[01m[Kvoid PickPlaceServer::[01;32m[Kinit[m[K()[m[Kâ€™:
[16.154s] [01m[K/home/nicola/Desktop/Progetto_Sapore/src/robot_skills/src/pick_place_server.cpp:61:13:[m[K [01;35m[Kwarning: [m[Kunused variable â€˜[01m[Kattempts[m[Kâ€™ [[01;35m[K]8;;https://gcc.gnu.org/onlinedocs/gcc/Warning-Options.html#index-Wunused-variable-Wunused-variable]8;;[m[K]
[16.154s]    61 |         int [01;35m[Kattempts[m[K = 0;
[16.154s]       |             [01;35m[K^~~~~~~~[m[K
[16.154s] [01m[K/home/nicola/Desktop/Progetto_Sapore/src/robot_skills/src/pick_place_server.cpp:62:19:[m[K [01;35m[Kwarning: [m[Kunused variable â€˜[01m[Kmax_attempts[m[Kâ€™ [[01;35m[K]8;;https://gcc.gnu.org/onlinedocs/gcc/Warning-Options.html#index-Wunused-variable-Wunused-variable]8;;[m[K]
[16.154s]    62 |         const int [01;35m[Kmax_attempts[m[K = 30;  // 30 secondi max
[16.154s]       |                   [01;35m[K^~~~~~~~~~~~[m[K
[16.176s] [01m[K/home/nicola/Desktop/Progetto_Sapore/src/robot_skills/src/pick_place_server.cpp:[m[K In member function â€˜[01m[Kbool PickPlaceServer::[01;32m[KexecutePickAndPlace[m[K(const std::string&, const geometry_msgs::msg::Pose&)[m[Kâ€™:
[16.176s] [01m[K/home/nicola/Desktop/Progetto_Sapore/src/robot_skills/src/pick_place_server.cpp:568:56:[m[K [01;35m[Kwarning: [m[Kâ€˜[01m[Kdouble moveit::planning_interface::MoveGroupInterface::[01;32m[KcomputeCartesianPath[m[K(const std::vector<geometry_msgs::msg::Pose_<std::allocator<void> > >&, double, double, moveit_msgs::msg::RobotTrajectory&, bool, moveit_msgs::msg::MoveItErrorCodes*)[m[Kâ€™ is deprecated: Drop jump_threshold [[01;35m[K]8;;https://gcc.gnu.org/onlinedocs/gcc/Warning-Options.html#index-Wdeprecated-declarations-Wdeprecated-declarations]8;;[m[K]
[16.176s]   568 |     double fraction = [01;35m[Kmove_group_->computeCartesianPath(waypoints, eef_step, jump_threshold, trajectory)[m[K;
[16.176s]       |                       [01;35m[K~~~~~~~~~~~~~~~~~~~~~~~~~~~~~~~~~^~~~~~~~~~~~~~~~~~~~~~~~~~~~~~~~~~~~~~~~~~~~~~~~~[m[K
[16.176s] In file included from [01m[K/opt/ros/jazzy/include/moveit_ros_planning_interface/moveit/move_group_interface/move_group_interface.h:52[m[K:
[16.176s] [01m[K/opt/ros/jazzy/include/moveit_ros_planning_interface/moveit/move_group_interface/move_group_interface.hpp:765:3:[m[K [01;36m[Knote: [m[Kdeclared here
[16.176s]   765 |   [01;36m[KcomputeCartesianPath[m[K(const std::vector<geometry_msgs::msg::Pose>& waypoints, double eef_step,
[16.176s]       |   [01;36m[K^~~~~~~~~~~~~~~~~~~~[m[K
[16.178s] [01m[K/home/nicola/Desktop/Progetto_Sapore/src/robot_skills/src/pick_place_server.cpp:621:49:[m[K [01;35m[Kwarning: [m[Kâ€˜[01m[Kdouble moveit::planning_interface::MoveGroupInterface::[01;32m[KcomputeCartesianPath[m[K(const std::vector<geometry_msgs::msg::Pose_<std::allocator<void> > >&, double, double, moveit_msgs::msg::RobotTrajectory&, bool, moveit_msgs::msg::MoveItErrorCodes*)[m[Kâ€™ is deprecated: Drop jump_threshold [[01;35m[K]8;;https://gcc.gnu.org/onlinedocs/gcc/Warning-Options.html#index-Wdeprecated-declarations-Wdeprecated-declarations]8;;[m[K]
[16.178s]   621 |     fraction = [01;35m[Kmove_group_->computeCartesianPath(waypoints, eef_step, jump_threshold, trajectory)[m[K;
[16.178s]       |                [01;35m[K~~~~~~~~~~~~~~~~~~~~~~~~~~~~~~~~~^~~~~~~~~~~~~~~~~~~~~~~~~~~~~~~~~~~~~~~~~~~~~~~~~[m[K
[16.178s] [01m[K/opt/ros/jazzy/include/moveit_ros_planning_interface/moveit/move_group_interface/move_group_interface.hpp:765:3:[m[K [01;36m[Knote: [m[Kdeclared here
[16.178s]   765 |   [01;36m[KcomputeCartesianPath[m[K(const std::vector<geometry_msgs::msg::Pose>& waypoints, double eef_step,
[16.178s]       |   [01;36m[K^~~~~~~~~~~~~~~~~~~~[m[K
[16.182s] [01m[K/home/nicola/Desktop/Progetto_Sapore/src/robot_skills/src/pick_place_server.cpp:728:39:[m[K [01;31m[Kerror: [m[Kredeclaration of â€˜[01m[Kmoveit_msgs::msg::RobotTrajectory PouringTrajectory[m[Kâ€™
[16.182s]   728 |     moveit_msgs::msg::RobotTrajectory [01;31m[KPouringTrajectory[m[K = testPlannerPouring(lift_pose, planning_group_name_, 120.0 * M_PI / 180.0,plan);
[16.182s]       |                                       [01;31m[K^~~~~~~~~~~~~~~~~[m[K
[16.182s] [01m[K/home/nicola/Desktop/Progetto_Sapore/src/robot_skills/src/pick_place_server.cpp:505:39:[m[K [01;36m[Knote: [m[Kâ€˜[01m[Kmoveit_msgs::msg::RobotTrajectory PouringTrajectory[m[Kâ€™ previously declared here
[16.182s]   505 |     moveit_msgs::msg::RobotTrajectory [01;36m[KPouringTrajectory[m[K;
[16.182s]       |                                       [01;36m[K^~~~~~~~~~~~~~~~~[m[K
[16.184s] [01m[K/home/nicola/Desktop/Progetto_Sapore/src/robot_skills/src/pick_place_server.cpp:808:49:[m[K [01;35m[Kwarning: [m[Kâ€˜[01m[Kdouble moveit::planning_interface::MoveGroupInterface::[01;32m[KcomputeCartesianPath[m[K(const std::vector<geometry_msgs::msg::Pose_<std::allocator<void> > >&, double, double, moveit_msgs::msg::RobotTrajectory&, bool, moveit_msgs::msg::MoveItErrorCodes*)[m[Kâ€™ is deprecated: Drop jump_threshold [[01;35m[K]8;;https://gcc.gnu.org/onlinedocs/gcc/Warning-Options.html#index-Wdeprecated-declarations-Wdeprecated-declarations]8;;[m[K]
[16.184s]   808 |     fraction = [01;35m[Kmove_group_->computeCartesianPath(waypoints, eef_step1, jump_threshold1, trajectory1)[m[K;
[16.184s]       |                [01;35m[K~~~~~~~~~~~~~~~~~~~~~~~~~~~~~~~~~^~~~~~~~~~~~~~~~~~~~~~~~~~~~~~~~~~~~~~~~~~~~~~~~~~~~[m[K
[16.184s] [01m[K/opt/ros/jazzy/include/moveit_ros_planning_interface/moveit/move_group_interface/move_group_interface.hpp:765:3:[m[K [01;36m[Knote: [m[Kdeclared here
[16.184s]   765 |   [01;36m[KcomputeCartesianPath[m[K(const std::vector<geometry_msgs::msg::Pose>& waypoints, double eef_step,
[16.184s]       |   [01;36m[K^~~~~~~~~~~~~~~~~~~~[m[K
[16.186s] [01m[K/home/nicola/Desktop/Progetto_Sapore/src/robot_skills/src/pick_place_server.cpp:522:12:[m[K [01;35m[Kwarning: [m[Kunused variable â€˜[01m[Kapproach_dist[m[Kâ€™ [[01;35m[K]8;;https://gcc.gnu.org/onlinedocs/gcc/Warning-Options.html#index-Wunused-variable-Wunused-variable]8;;[m[K]
[16.186s]   522 |     double [01;35m[Kapproach_dist[m[K = this->get_parameter("approach_distance").as_double();
[16.186s]       |            [01;35m[K^~~~~~~~~~~~~[m[K
[16.186s] [01m[K/home/nicola/Desktop/Progetto_Sapore/src/robot_skills/src/pick_place_server.cpp:523:12:[m[K [01;35m[Kwarning: [m[Kunused variable â€˜[01m[Klift_dist[m[Kâ€™ [[01;35m[K]8;;https://gcc.gnu.org/onlinedocs/gcc/Warning-Options.html#index-Wunused-variable-Wunused-variable]8;;[m[K]
[16.187s]   523 |     double [01;35m[Klift_dist[m[K = this->get_parameter("lift_distance").as_double();
[16.187s]       |            [01;35m[K^~~~~~~~~[m[K
[16.562s] /home/nicola/Desktop/Progetto_Sapore/src/robot_skills/src/pick_place_server.cpp: In instantiation of â€˜[01m[Kmoveit_msgs::msg::RobotTrajectory PickPlaceServer::[01;32m[KtestPlannerPouring[m[K(const geometry_msgs::msg::Pose&, const std::string&, double, auto:45) [35m[K[with auto:45 = moveit::planning_interface::MoveGroupInterface::Plan; moveit_msgs::msg::RobotTrajectory = moveit_msgs::msg::RobotTrajectory_<std::allocator<void> >; geometry_msgs::msg::Pose = geometry_msgs::msg::Pose_<std::allocator<void> >; std::string = std::__cxx11::basic_string<char>][m[K[m[Kâ€™:
[16.562s] [01m[K/home/nicola/Desktop/Progetto_Sapore/src/robot_skills/src/pick_place_server.cpp:728:77:[m[K   required from here
[16.562s] [01m[K/home/nicola/Desktop/Progetto_Sapore/src/robot_skills/src/pick_place_server.cpp:384:86:[m[K [01;35m[Kwarning: [m[Kunused parameter â€˜[01m[Kbase_pose[m[Kâ€™ [[01;35m[K]8;;https://gcc.gnu.org/onlinedocs/gcc/Warning-Options.html#index-Wunused-parameter-Wunused-parameter]8;;[m[K]
[16.562s]   384 | moveit_msgs::msg::RobotTrajectory testPlannerPouring([01;35m[Kconst geometry_msgs::msg::Pose &base_pose[m[K,
[16.562s]       |                                                      [01;35m[K~~~~~~~~~~~~~~~~~~~~~~~~~~~~~~~~^~~~~~~~~[m[K
[21.149s] gmake[2]: *** [CMakeFiles/pick_place_server.dir/build.make:76: CMakeFiles/pick_place_server.dir/src/pick_place_server.cpp.o] Error 1
[21.150s] gmake[1]: *** [CMakeFiles/Makefile2:165: CMakeFiles/pick_place_server.dir/all] Error 2
[21.150s] gmake: *** [Makefile:146: all] Error 2
[21.152s] Invoked command in '/home/nicola/Desktop/Progetto_Sapore/build/robot_skills' returned '2': CMAKE_PREFIX_PATH=${CMAKE_PREFIX_PATH}:/opt/ros/jazzy DEBUGINFOD_URLS=https://debuginfod.ubuntu.com /usr/bin/cmake --build /home/nicola/Desktop/Progetto_Sapore/build/robot_skills -- -j8 -l8
