[0.011s] Invoking command in '/home/nicola/Desktop/Progetto_Sapore/build/nodes': AMENT_PREFIX_PATH=/home/nicola/Desktop/Progetto_Sapore/install/interfaces:${AMENT_PREFIX_PATH} CMAKE_PREFIX_PATH=/home/nicola/Desktop/Progetto_Sapore/install/interfaces:/opt/ros/jazzy/opt/sdformat_vendor:/opt/ros/jazzy/opt/gz_math_vendor:/opt/ros/jazzy/opt/gz_utils_vendor:/opt/ros/jazzy/opt/gz_tools_vendor:/opt/ros/jazzy/opt/gz_cmake_vendor:/opt/ros/jazzy DEBUGINFOD_URLS=https://debuginfod.ubuntu.com LD_LIBRARY_PATH=/home/nicola/Desktop/Progetto_Sapore/install/interfaces/lib:${LD_LIBRARY_PATH} PYTHONPATH=/home/nicola/Desktop/Progetto_Sapore/install/interfaces/lib/python3.12/site-packages:${PYTHONPATH} /usr/bin/cmake --build /home/nicola/Desktop/Progetto_Sapore/build/nodes -- -j8 -l8
[0.067s] [ 20%] Built target Raggiungibilita
[0.068s] [ 40%] Built target interactive_reach
[0.081s] [ 60%] Built target test_reach
[0.081s] [ 80%] Built target Reac_marker
[0.099s] [ 90%] [32mBuilding CXX object CMakeFiles/Reach.dir/src/test_reach.cpp.o[0m
[3.222s] In file included from [01m[K/home/nicola/Desktop/Progetto_Sapore/src/nodes/src/test_reach.cpp:9[m[K:
[3.222s] [01m[K/opt/ros/jazzy/include/moveit_ros_planning/moveit/planning_scene_monitor/planning_scene_monitor.h:50:77:[m[K [01;36m[Knote: [m[Kâ€˜[01m[K#pragma message: .h header is obsolete. Please use the .hpp header instead.[m[Kâ€™
[3.222s]    50 | a message(".h header is obsolete. Please use the .hpp header instead."[01;36m[K)[m[K
[3.222s]       |                                                                       [01;36m[K^[m[K
[3.222s] 
[5.592s] In file included from [01m[K/home/nicola/Desktop/Progetto_Sapore/src/nodes/src/test_reach.cpp:10[m[K:
[5.592s] [01m[K/opt/ros/jazzy/include/moveit_core/moveit/planning_scene/planning_scene.h:50:77:[m[K [01;36m[Knote: [m[Kâ€˜[01m[K#pragma message: .h header is obsolete. Please use the .hpp header instead.[m[Kâ€™
[5.592s]    50 | a message(".h header is obsolete. Please use the .hpp header instead."[01;36m[K)[m[K
[5.592s]       |                                                                       [01;36m[K^[m[K
[5.592s] 
[5.592s] In file included from [01m[K/home/nicola/Desktop/Progetto_Sapore/src/nodes/src/test_reach.cpp:11[m[K:
[5.592s] [01m[K/opt/ros/jazzy/include/moveit_ros_planning/moveit/robot_model_loader/robot_model_loader.h:50:77:[m[K [01;36m[Knote: [m[Kâ€˜[01m[K#pragma message: .h header is obsolete. Please use the .hpp header instead.[m[Kâ€™
[5.592s]    50 | a message(".h header is obsolete. Please use the .hpp header instead."[01;36m[K)[m[K
[5.593s]       |                                                                       [01;36m[K^[m[K
[5.593s] 
[5.593s] In file included from [01m[K/home/nicola/Desktop/Progetto_Sapore/src/nodes/src/test_reach.cpp:12[m[K:
[5.593s] [01m[K/opt/ros/jazzy/include/moveit_core/moveit/robot_state/robot_state.h:51:77:[m[K [01;36m[Knote: [m[Kâ€˜[01m[K#pragma message: .h header is obsolete. Please use the .hpp header instead.[m[Kâ€™
[5.593s]    51 | a message(".h header is obsolete. Please use the .hpp header instead."[01;36m[K)[m[K
[5.593s]       |                                                                       [01;36m[K^[m[K
[5.593s] 
[5.593s] In file included from [01m[K/home/nicola/Desktop/Progetto_Sapore/src/nodes/src/test_reach.cpp:13[m[K:
[5.593s] [01m[K/opt/ros/jazzy/include/moveit_core/moveit/collision_detection/collision_common.h:50:77:[m[K [01;36m[Knote: [m[Kâ€˜[01m[K#pragma message: .h header is obsolete. Please use the .hpp header instead.[m[Kâ€™
[5.593s]    50 | a message(".h header is obsolete. Please use the .hpp header instead."[01;36m[K)[m[K
[5.594s]       |                                                                       [01;36m[K^[m[K
[5.594s] 
[5.652s] [01m[K/home/nicola/Desktop/Progetto_Sapore/src/nodes/src/test_reach.cpp:[m[K In member function â€˜[01m[Kbool ReachabilityIKNode::[01;32m[KtestPouringMotion[m[K(const geometry_msgs::msg::PoseStamped&, const std::string&)[m[Kâ€™:
[5.652s] [01m[K/home/nicola/Desktop/Progetto_Sapore/src/nodes/src/test_reach.cpp:335:41:[m[K [01;31m[Kerror: [m[Kâ€˜[01m[Klast_joint_state_[m[Kâ€™ was not declared in this scope
[5.652s]   335 |         display_msg.state.joint_state = [01;31m[Klast_joint_state_[m[K;
[5.652s]       |                                         [01;31m[K^~~~~~~~~~~~~~~~~[m[K
[5.657s] [01m[K/home/nicola/Desktop/Progetto_Sapore/src/nodes/src/test_reach.cpp:[m[K In member function â€˜[01m[Kint ReachabilityIKNode::[01;32m[KtestReachability[m[K(const geometry_msgs::msg::PoseStamped&, const std::string&)[m[Kâ€™:
[5.658s] [01m[K/home/nicola/Desktop/Progetto_Sapore/src/nodes/src/test_reach.cpp:348:14:[m[K [01;35m[Kwarning: [m[Kunused variable â€˜[01m[Kall_orientations_reachable[m[Kâ€™ [[01;35m[K]8;;https://gcc.gnu.org/onlinedocs/gcc/Warning-Options.html#index-Wunused-variable-Wunused-variable]8;;[m[K]
[5.658s]   348 |         bool [01;35m[Kall_orientations_reachable[m[K = true;
[5.658s]       |              [01;35m[K^~~~~~~~~~~~~~~~~~~~~~~~~~[m[K
[9.291s] gmake[2]: *** [CMakeFiles/Reach.dir/build.make:76: CMakeFiles/Reach.dir/src/test_reach.cpp.o] Error 1
[9.291s] gmake[1]: *** [CMakeFiles/Makefile2:145: CMakeFiles/Reach.dir/all] Error 2
[9.292s] gmake: *** [Makefile:146: all] Error 2
[9.294s] Invoked command in '/home/nicola/Desktop/Progetto_Sapore/build/nodes' returned '2': AMENT_PREFIX_PATH=/home/nicola/Desktop/Progetto_Sapore/install/interfaces:${AMENT_PREFIX_PATH} CMAKE_PREFIX_PATH=/home/nicola/Desktop/Progetto_Sapore/install/interfaces:/opt/ros/jazzy/opt/sdformat_vendor:/opt/ros/jazzy/opt/gz_math_vendor:/opt/ros/jazzy/opt/gz_utils_vendor:/opt/ros/jazzy/opt/gz_tools_vendor:/opt/ros/jazzy/opt/gz_cmake_vendor:/opt/ros/jazzy DEBUGINFOD_URLS=https://debuginfod.ubuntu.com LD_LIBRARY_PATH=/home/nicola/Desktop/Progetto_Sapore/install/interfaces/lib:${LD_LIBRARY_PATH} PYTHONPATH=/home/nicola/Desktop/Progetto_Sapore/install/interfaces/lib/python3.12/site-packages:${PYTHONPATH} /usr/bin/cmake --build /home/nicola/Desktop/Progetto_Sapore/build/nodes -- -j8 -l8
