[0.037s] Invoking command in '/home/nicola/OneDrive/Magistrale/AIRP/AIPR/ProgrammazionedeiRobot/EsercitazioneairpMio/ros_esercitazione/IIWA/build/nodes': CMAKE_PREFIX_PATH=/home/nicola/OneDrive/Magistrale/AIRP/AIPR/ProgrammazionedeiRobot/EsercitazioneairpMio/ros_esercitazione/IIWA/install/interfaces:/home/nicola/OneDrive/Magistrale/AIRP/AIPR/ProgrammazionedeiRobot/EsercitazioneairpMio/ros_esercitazione/IIWA/install/nodes:/home/nicola/OneDrive/Magistrale/AIRP/AIPR/ProgrammazionedeiRobot/EsercitazioneairpMio/ros_esercitazione/IIWA/install/iiwa_config_moveit_config:/home/nicola/OneDrive/Magistrale/AIRP/AIPR/ProgrammazionedeiRobot/EsercitazioneairpMio/ros_esercitazione/IIWA/install/iiwa_description:/home/nicola/OneDrive/Magistrale/AIRP/AIPR/ProgrammazionedeiRobot/EsercitazioneairpMio/ros_esercitazione/IIWA/install/build_scene_package:/opt/ros/jazzy/opt/sdformat_vendor:/opt/ros/jazzy/opt/gz_math_vendor:/opt/ros/jazzy/opt/gz_utils_vendor:/opt/ros/jazzy/opt/gz_tools_vendor:/opt/ros/jazzy/opt/gz_cmake_vendor:/opt/ros/jazzy DEBUGINFOD_URLS=https://debuginfod.ubuntu.com /usr/bin/cmake --build /home/nicola/OneDrive/Magistrale/AIRP/AIPR/ProgrammazionedeiRobot/EsercitazioneairpMio/ros_esercitazione/IIWA/build/nodes -- -j8 -l8
[0.190s] [ 16%] Built target jtraj_left_node
[0.208s] [ 33%] Built target task
[0.213s] [ 50%] Built target jtraj_node
[0.215s] [ 66%] Built target jtraj_right_node
[0.242s] [ 83%] Built target test_reach
[0.275s] [ 91%] [32mBuilding CXX object CMakeFiles/Reach.dir/src/test_reach.cpp.o[0m
[17.297s] [01m[K/home/nicola/OneDrive/Magistrale/AIRP/AIPR/ProgrammazionedeiRobot/EsercitazioneairpMio/ros_esercitazione/IIWA/src/nodes/src/test_reach.cpp:24:29:[m[K [01;31m[Kerror: [m[Kusing-declaration for non-member at class scope
[17.297s]    24 |     using moveit_msgs::srv::[01;31m[KGetPositionIK[m[K;
[17.298s]       |                             [01;31m[K^~~~~~~~~~~~~[m[K
[17.300s] [01m[K/home/nicola/OneDrive/Magistrale/AIRP/AIPR/ProgrammazionedeiRobot/EsercitazioneairpMio/ros_esercitazione/IIWA/src/nodes/src/test_reach.cpp:178:20:[m[K [01;31m[Kerror: [m[Kâ€˜[01m[KGetPositionIK[m[Kâ€™ was not declared in this scope; did you mean â€˜[01m[Kmoveit_msgs::srv::GetPositionIK[m[Kâ€™?
[17.300s]   178 |     rclcpp::Client<[01;31m[KGetPositionIK[m[K>::SharedPtr client_;
[17.300s]       |                    [01;31m[K^~~~~~~~~~~~~[m[K
[17.300s]       |                    [32m[Kmoveit_msgs::srv::GetPositionIK[m[K
[17.301s] In file included from [01m[K/opt/ros/jazzy/include/moveit_msgs/moveit_msgs/srv/get_position_ik.hpp:7[m[K,
[17.301s]                  from [01m[K/home/nicola/OneDrive/Magistrale/AIRP/AIPR/ProgrammazionedeiRobot/EsercitazioneairpMio/ros_esercitazione/IIWA/src/nodes/src/test_reach.cpp:12[m[K:
[17.301s] [01m[K/opt/ros/jazzy/include/moveit_msgs/moveit_msgs/srv/detail/get_position_ik__struct.hpp:399:8:[m[K [01;36m[Knote: [m[Kâ€˜[01m[Kmoveit_msgs::srv::GetPositionIK[m[Kâ€™ declared here
[17.301s]   399 | struct [01;36m[KGetPositionIK[m[K
[17.301s]       |        [01;36m[K^~~~~~~~~~~~~[m[K
[17.301s] [01m[K/home/nicola/OneDrive/Magistrale/AIRP/AIPR/ProgrammazionedeiRobot/EsercitazioneairpMio/ros_esercitazione/IIWA/src/nodes/src/test_reach.cpp:178:33:[m[K [01;31m[Kerror: [m[Ktemplate argument 1 is invalid
[17.302s]   178 |     rclcpp::Client<GetPositionIK[01;31m[K>[m[K::SharedPtr client_;
[17.302s]       |                                 [01;31m[K^[m[K
[17.302s] [01m[K/home/nicola/OneDrive/Magistrale/AIRP/AIPR/ProgrammazionedeiRobot/EsercitazioneairpMio/ros_esercitazione/IIWA/src/nodes/src/test_reach.cpp:178:36:[m[K [01;31m[Kerror: [m[Kexpected â€˜[01m[K;[m[Kâ€™ at end of member declaration
[17.302s]   178 |     rclcpp::Client<GetPositionIK>::[01;31m[KSharedPtr[m[K client_;
[17.302s]       |                                    [01;31m[K^~~~~~~~~[m[K
[17.302s]       |                                             [32m[K;[m[K
[17.306s] [01m[K/home/nicola/OneDrive/Magistrale/AIRP/AIPR/ProgrammazionedeiRobot/EsercitazioneairpMio/ros_esercitazione/IIWA/src/nodes/src/test_reach.cpp:178:46:[m[K [01;31m[Kerror: [m[Kâ€˜[01m[Kclient_[m[Kâ€™ does not name a type
[17.307s]   178 |     rclcpp::Client<GetPositionIK>::SharedPtr [01;31m[Kclient_[m[K;
[17.307s]       |                                              [01;31m[K^~~~~~~[m[K
[17.348s] [01m[K/home/nicola/OneDrive/Magistrale/AIRP/AIPR/ProgrammazionedeiRobot/EsercitazioneairpMio/ros_esercitazione/IIWA/src/nodes/src/test_reach.cpp:[m[K In constructor â€˜[01m[KReachabilityNodes::[01;32m[KReachabilityNodes[m[K()[m[Kâ€™:
[17.348s] [01m[K/home/nicola/OneDrive/Magistrale/AIRP/AIPR/ProgrammazionedeiRobot/EsercitazioneairpMio/ros_esercitazione/IIWA/src/nodes/src/test_reach.cpp:31:9:[m[K [01;31m[Kerror: [m[Kâ€˜[01m[Kclient_[m[Kâ€™ was not declared in this scope
[17.348s]    31 |         [01;31m[Kclient_[m[K = this->create_client<GetPositionIK>("/compute_ik");
[17.348s]       |         [01;31m[K^~~~~~~[m[K
[17.350s] [01m[K/home/nicola/OneDrive/Magistrale/AIRP/AIPR/ProgrammazionedeiRobot/EsercitazioneairpMio/ros_esercitazione/IIWA/src/nodes/src/test_reach.cpp:31:39:[m[K [01;31m[Kerror: [m[Kâ€˜[01m[KGetPositionIK[m[Kâ€™ was not declared in this scope; did you mean â€˜[01m[Kmoveit_msgs::srv::GetPositionIK[m[Kâ€™?
[17.351s]    31 |         client_ = this->create_client<[01;31m[KGetPositionIK[m[K>("/compute_ik");
[17.351s]       |                                       [01;31m[K^~~~~~~~~~~~~[m[K
[17.351s]       |                                       [32m[Kmoveit_msgs::srv::GetPositionIK[m[K
[17.351s] [01m[K/opt/ros/jazzy/include/moveit_msgs/moveit_msgs/srv/detail/get_position_ik__struct.hpp:399:8:[m[K [01;36m[Knote: [m[Kâ€˜[01m[Kmoveit_msgs::srv::GetPositionIK[m[Kâ€™ declared here
[17.351s]   399 | struct [01;36m[KGetPositionIK[m[K
[17.352s]       |        [01;36m[K^~~~~~~~~~~~~[m[K
[17.352s] [01m[K/home/nicola/OneDrive/Magistrale/AIRP/AIPR/ProgrammazionedeiRobot/EsercitazioneairpMio/ros_esercitazione/IIWA/src/nodes/src/test_reach.cpp:31:53:[m[K [01;31m[Kerror: [m[Kno matching function for call to â€˜[01m[KReachabilityNodes::create_client<<expression error> >(const char [12])[m[Kâ€™
[17.352s]    31 |         client_ = [01;31m[Kthis->create_client<GetPositionIK>("/compute_ik")[m[K;
[17.352s]       |                   [01;31m[K~~~~~~~~~~~~~~~~~~~~~~~~~~~~~~~~~~^~~~~~~~~~~~~~~[m[K
[17.352s] In file included from [01m[K/opt/ros/jazzy/include/rclcpp/rclcpp/executors/single_threaded_executor.hpp:28[m[K,
[17.352s]                  from [01m[K/opt/ros/jazzy/include/rclcpp/rclcpp/executors.hpp:22[m[K,
[17.353s]                  from [01m[K/opt/ros/jazzy/include/rclcpp/rclcpp/rclcpp.hpp:172[m[K,
[17.353s]                  from [01m[K/home/nicola/OneDrive/Magistrale/AIRP/AIPR/ProgrammazionedeiRobot/EsercitazioneairpMio/ros_esercitazione/IIWA/src/nodes/src/test_reach.cpp:1[m[K:
[17.353s] [01m[K/opt/ros/jazzy/include/rclcpp/rclcpp/node.hpp:271:3:[m[K [01;36m[Knote: [m[Kcandidate: â€˜[01m[Ktemplate<class ServiceT> typename rclcpp::Client<ServiceT>::SharedPtr rclcpp::Node::[01;32m[Kcreate_client[m[K(const std::string&, const rmw_qos_profile_t&, rclcpp::CallbackGroup::SharedPtr)[m[Kâ€™
[17.353s]   271 |   [01;36m[Kcreate_client[m[K(
[17.353s]       |   [01;36m[K^~~~~~~~~~~~~[m[K
[17.353s] [01m[K/opt/ros/jazzy/include/rclcpp/rclcpp/node.hpp:271:3:[m[K [01;36m[Knote: [m[K  candidate expects 2 arguments, 1 provided
[17.354s] [01m[K/opt/ros/jazzy/include/rclcpp/rclcpp/node.hpp:285:3:[m[K [01;36m[Knote: [m[Kcandidate: â€˜[01m[Ktemplate<class ServiceT> typename rclcpp::Client<ServiceT>::SharedPtr rclcpp::Node::[01;32m[Kcreate_client[m[K(const std::string&, const rclcpp::QoS&, rclcpp::CallbackGroup::SharedPtr)[m[Kâ€™
[17.354s]   285 |   [01;36m[Kcreate_client[m[K(
[17.354s]       |   [01;36m[K^~~~~~~~~~~~~[m[K
[17.354s] [01m[K/opt/ros/jazzy/include/rclcpp/rclcpp/node.hpp:285:3:[m[K [01;36m[Knote: [m[K  template argument deduction/substitution failed:
[17.354s] [01m[K/home/nicola/OneDrive/Magistrale/AIRP/AIPR/ProgrammazionedeiRobot/EsercitazioneairpMio/ros_esercitazione/IIWA/src/nodes/src/test_reach.cpp:31:53:[m[K [01;31m[Kerror: [m[Ktemplate argument 1 is invalid
[17.354s]    31 |         client_ = [01;31m[Kthis->create_client<GetPositionIK>("/compute_ik")[m[K;
[17.354s]       |                   [01;31m[K~~~~~~~~~~~~~~~~~~~~~~~~~~~~~~~~~~^~~~~~~~~~~~~~~[m[K
[25.131s] gmake[2]: *** [CMakeFiles/Reach.dir/build.make:76: CMakeFiles/Reach.dir/src/test_reach.cpp.o] Error 1
[25.132s] gmake[1]: *** [CMakeFiles/Makefile2:251: CMakeFiles/Reach.dir/all] Error 2
[25.132s] gmake: *** [Makefile:146: all] Error 2
[25.136s] Invoked command in '/home/nicola/OneDrive/Magistrale/AIRP/AIPR/ProgrammazionedeiRobot/EsercitazioneairpMio/ros_esercitazione/IIWA/build/nodes' returned '2': CMAKE_PREFIX_PATH=/home/nicola/OneDrive/Magistrale/AIRP/AIPR/ProgrammazionedeiRobot/EsercitazioneairpMio/ros_esercitazione/IIWA/install/interfaces:/home/nicola/OneDrive/Magistrale/AIRP/AIPR/ProgrammazionedeiRobot/EsercitazioneairpMio/ros_esercitazione/IIWA/install/nodes:/home/nicola/OneDrive/Magistrale/AIRP/AIPR/ProgrammazionedeiRobot/EsercitazioneairpMio/ros_esercitazione/IIWA/install/iiwa_config_moveit_config:/home/nicola/OneDrive/Magistrale/AIRP/AIPR/ProgrammazionedeiRobot/EsercitazioneairpMio/ros_esercitazione/IIWA/install/iiwa_description:/home/nicola/OneDrive/Magistrale/AIRP/AIPR/ProgrammazionedeiRobot/EsercitazioneairpMio/ros_esercitazione/IIWA/install/build_scene_package:/opt/ros/jazzy/opt/sdformat_vendor:/opt/ros/jazzy/opt/gz_math_vendor:/opt/ros/jazzy/opt/gz_utils_vendor:/opt/ros/jazzy/opt/gz_tools_vendor:/opt/ros/jazzy/opt/gz_cmake_vendor:/opt/ros/jazzy DEBUGINFOD_URLS=https://debuginfod.ubuntu.com /usr/bin/cmake --build /home/nicola/OneDrive/Magistrale/AIRP/AIPR/ProgrammazionedeiRobot/EsercitazioneairpMio/ros_esercitazione/IIWA/build/nodes -- -j8 -l8
