[0.013s] Invoking command in '/home/nicola/Desktop/Progetto_Sapore/build/nodes': AMENT_PREFIX_PATH=/home/nicola/Desktop/Progetto_Sapore/install/interfaces:${AMENT_PREFIX_PATH} CMAKE_PREFIX_PATH=/home/nicola/Desktop/Progetto_Sapore/install/interfaces:/opt/ros/jazzy/opt/sdformat_vendor:/opt/ros/jazzy/opt/gz_math_vendor:/opt/ros/jazzy/opt/gz_utils_vendor:/opt/ros/jazzy/opt/gz_tools_vendor:/opt/ros/jazzy/opt/gz_cmake_vendor:/opt/ros/jazzy DEBUGINFOD_URLS=https://debuginfod.ubuntu.com LD_LIBRARY_PATH=/home/nicola/Desktop/Progetto_Sapore/install/interfaces/lib:${LD_LIBRARY_PATH} PYTHONPATH=/home/nicola/Desktop/Progetto_Sapore/install/interfaces/lib/python3.12/site-packages:${PYTHONPATH} /usr/bin/cmake --build /home/nicola/Desktop/Progetto_Sapore/build/nodes -- -j8 -l8
[0.092s] [ 20%] Built target Raggiungibilita
[0.101s] [ 40%] Built target interactive_reach
[0.105s] [ 60%] Built target test_reach
[0.112s] [ 80%] Built target Reach
[0.125s] [ 90%] [32mBuilding CXX object CMakeFiles/Reac_marker.dir/src/Reachability_interactive.cpp.o[0m
[4.559s] In file included from [01m[K/home/nicola/Desktop/Progetto_Sapore/src/nodes/src/Reachability_interactive.cpp:9[m[K:
[4.559s] [01m[K/opt/ros/jazzy/include/moveit_ros_planning/moveit/planning_scene_monitor/planning_scene_monitor.h:50:77:[m[K [01;36m[Knote: [m[Kâ€˜[01m[K#pragma message: .h header is obsolete. Please use the .hpp header instead.[m[Kâ€™
[4.559s]    50 | #pragma message(".h header is obsolete. Please use the .hpp header instead."[01;36m[K)[m[K
[4.559s]       |                                                                             [01;36m[K^[m[K
[7.549s] [01m[K/home/nicola/Desktop/Progetto_Sapore/src/nodes/src/Reachability_interactive.cpp:[m[K In member function â€˜[01m[Kvoid ReachabilityIKNode::[01;32m[KControllerTrajectory[m[K(sensor_msgs::msg::JointState&)[m[Kâ€™:
[7.549s] [01m[K/home/nicola/Desktop/Progetto_Sapore/src/nodes/src/Reachability_interactive.cpp:90:36:[m[K [01;31m[Kerror: [m[Kâ€˜[01m[Kusing sensor_msgs::msg::JointState = struct sensor_msgs::msg::JointState_<std::allocator<void> >[m[Kâ€™ {aka â€˜[01m[Kstruct sensor_msgs::msg::JointState_<std::allocator<void> >[m[Kâ€™} has no member named â€˜[01m[Kjoint_state[m[Kâ€™; did you mean â€˜[01m[KJointState_[m[Kâ€™?
[7.549s]    90 |         point.positions = solution.[01;31m[Kjoint_state[m[K.position;
[7.549s]       |                                    [01;31m[K^~~~~~~~~~~[m[K
[7.549s]       |                                    [32m[KJointState_[m[K
[13.091s] gmake[2]: *** [CMakeFiles/Reac_marker.dir/build.make:76: CMakeFiles/Reac_marker.dir/src/Reachability_interactive.cpp.o] Error 1
[13.092s] gmake[1]: *** [CMakeFiles/Makefile2:249: CMakeFiles/Reac_marker.dir/all] Error 2
[13.092s] gmake: *** [Makefile:146: all] Error 2
[13.095s] Invoked command in '/home/nicola/Desktop/Progetto_Sapore/build/nodes' returned '2': AMENT_PREFIX_PATH=/home/nicola/Desktop/Progetto_Sapore/install/interfaces:${AMENT_PREFIX_PATH} CMAKE_PREFIX_PATH=/home/nicola/Desktop/Progetto_Sapore/install/interfaces:/opt/ros/jazzy/opt/sdformat_vendor:/opt/ros/jazzy/opt/gz_math_vendor:/opt/ros/jazzy/opt/gz_utils_vendor:/opt/ros/jazzy/opt/gz_tools_vendor:/opt/ros/jazzy/opt/gz_cmake_vendor:/opt/ros/jazzy DEBUGINFOD_URLS=https://debuginfod.ubuntu.com LD_LIBRARY_PATH=/home/nicola/Desktop/Progetto_Sapore/install/interfaces/lib:${LD_LIBRARY_PATH} PYTHONPATH=/home/nicola/Desktop/Progetto_Sapore/install/interfaces/lib/python3.12/site-packages:${PYTHONPATH} /usr/bin/cmake --build /home/nicola/Desktop/Progetto_Sapore/build/nodes -- -j8 -l8
