[ 16%] Built target interactive_reach
[ 33%] Built target Raggiungibilita
[ 50%] Built target test_reach
[ 66%] Built target check_collision
[ 83%] Built target Reac_marker
[ 91%] [32mBuilding CXX object CMakeFiles/Reach.dir/src/test_reach.cpp.o[0m
In file included from [01m[K/home/nicola/Desktop/Progetto_Sapore/src/nodes/src/test_reach.cpp:9[m[K:
[01m[K/opt/ros/jazzy/include/moveit_ros_planning/moveit/planning_scene_monitor/planning_scene_monitor.h:50:77:[m[K [01;36m[Knote: [m[Kâ€˜[01m[K#pragma message: .h header is obsolete. Please use the .hpp header instead.[m[Kâ€™
   50 | #pragma message(".h header is obsolete. Please use the .hpp header instead."[01;36m[K)[m[K
      |                                                                             [01;36m[K^[m[K
In file included from [01m[K/home/nicola/Desktop/Progetto_Sapore/src/nodes/src/test_reach.cpp:10[m[K:
[01m[K/opt/ros/jazzy/include/moveit_core/moveit/planning_scene/planning_scene.h:50:77:[m[K [01;36m[Knote: [m[Kâ€˜[01m[K#pragma message: .h header is obsolete. Please use the .hpp header instead.[m[Kâ€™
   50 | #pragma message(".h header is obsolete. Please use the .hpp header instead."[01;36m[K)[m[K
      |                                                                             [01;36m[K^[m[K
In file included from [01m[K/home/nicola/Desktop/Progetto_Sapore/src/nodes/src/test_reach.cpp:11[m[K:
[01m[K/opt/ros/jazzy/include/moveit_ros_planning/moveit/robot_model_loader/robot_model_loader.h:50:77:[m[K [01;36m[Knote: [m[Kâ€˜[01m[K#pragma message: .h header is obsolete. Please use the .hpp header instead.[m[Kâ€™
   50 | #pragma message(".h header is obsolete. Please use the .hpp header instead."[01;36m[K)[m[K
      |                                                                             [01;36m[K^[m[K
In file included from [01m[K/home/nicola/Desktop/Progetto_Sapore/src/nodes/src/test_reach.cpp:12[m[K:
[01m[K/opt/ros/jazzy/include/moveit_core/moveit/robot_state/robot_state.h:51:77:[m[K [01;36m[Knote: [m[Kâ€˜[01m[K#pragma message: .h header is obsolete. Please use the .hpp header instead.[m[Kâ€™
   51 | #pragma message(".h header is obsolete. Please use the .hpp header instead."[01;36m[K)[m[K
      |                                                                             [01;36m[K^[m[K
In file included from [01m[K/home/nicola/Desktop/Progetto_Sapore/src/nodes/src/test_reach.cpp:13[m[K:
[01m[K/opt/ros/jazzy/include/moveit_core/moveit/collision_detection/collision_common.h:50:77:[m[K [01;36m[Knote: [m[Kâ€˜[01m[K#pragma message: .h header is obsolete. Please use the .hpp header instead.[m[Kâ€™
   50 | #pragma message(".h header is obsolete. Please use the .hpp header instead."[01;36m[K)[m[K
      |                                                                             [01;36m[K^[m[K
In file included from [01m[K/home/nicola/Desktop/Progetto_Sapore/src/nodes/src/test_reach.cpp:15[m[K:
[01m[K/opt/ros/jazzy/include/moveit_ros_planning_interface/moveit/move_group_interface/move_group_interface.h:51:77:[m[K [01;36m[Knote: [m[Kâ€˜[01m[K#pragma message: .h header is obsolete. Please use the .hpp header instead.[m[Kâ€™
   51 | #pragma message(".h header is obsolete. Please use the .hpp header instead."[01;36m[K)[m[K
      |                                                                             [01;36m[K^[m[K
In file included from [01m[K/home/nicola/Desktop/Progetto_Sapore/src/nodes/src/test_reach.cpp:23[m[K:
[01m[K/opt/ros/jazzy/include/moveit_core/moveit/robot_state/conversions.h:50:77:[m[K [01;36m[Knote: [m[Kâ€˜[01m[K#pragma message: .h header is obsolete. Please use the .hpp header instead.[m[Kâ€™
   50 | #pragma message(".h header is obsolete. Please use the .hpp header instead."[01;36m[K)[m[K
      |                                                                             [01;36m[K^[m[K
In file included from [01m[K/home/nicola/Desktop/Progetto_Sapore/src/nodes/src/test_reach.cpp:24[m[K:
[01m[K/opt/ros/jazzy/include/moveit_core/moveit/utils/moveit_error_code.h:48:77:[m[K [01;36m[Knote: [m[Kâ€˜[01m[K#pragma message: .h header is obsolete. Please use the .hpp header instead.[m[Kâ€™
   48 | #pragma message(".h header is obsolete. Please use the .hpp header instead."[01;36m[K)[m[K
      |                                                                             [01;36m[K^[m[K
[01m[K/home/nicola/Desktop/Progetto_Sapore/src/nodes/src/test_reach.cpp:601:2:[m[K [01;31m[Kerror: [m[Kexpected â€˜[01m[K;[m[Kâ€™ after class definition
  601 | }
      |  [01;31m[K^[m[K
      |  [32m[K;[m[K
[01m[K/home/nicola/Desktop/Progetto_Sapore/src/nodes/src/test_reach.cpp:[m[K In constructor â€˜[01m[KReachabilityIKNode::[01;32m[KReachabilityIKNode[m[K()[m[Kâ€™:
[01m[K/home/nicola/Desktop/Progetto_Sapore/src/nodes/src/test_reach.cpp:46:58:[m[K [01;31m[Kerror: [m[Kclass â€˜[01m[KReachabilityIKNode[m[Kâ€™ does not have any field named â€˜[01m[Kcontinue_flag_[m[Kâ€™
   46 |     ReachabilityIKNode() : Node("reachability_ik_node"), [01;31m[Kcontinue_flag_[m[K(false)
      |                                                          [01;31m[K^~~~~~~~~~~~~~[m[K
[01m[K/home/nicola/Desktop/Progetto_Sapore/src/nodes/src/test_reach.cpp:48:9:[m[K [01;31m[Kerror: [m[Kâ€˜[01m[Kclient_[m[Kâ€™ was not declared in this scope
   48 |         [01;31m[Kclient_[m[K = this->create_client<GetPositionIK>("/compute_ik");
      |         [01;31m[K^~~~~~~[m[K
[01m[K/home/nicola/Desktop/Progetto_Sapore/src/nodes/src/test_reach.cpp:53:9:[m[K [01;31m[Kerror: [m[Kâ€˜[01m[Kdisplay_state_pub_[m[Kâ€™ was not declared in this scope
   53 |         [01;31m[Kdisplay_state_pub_[m[K = this->create_publisher<moveit_msgs::msg::DisplayRobotState>("/display_robot_state", 10);
      |         [01;31m[K^~~~~~~~~~~~~~~~~~[m[K
[01m[K/home/nicola/Desktop/Progetto_Sapore/src/nodes/src/test_reach.cpp:54:9:[m[K [01;31m[Kerror: [m[Kâ€˜[01m[Kmarker_pub_[m[Kâ€™ was not declared in this scope
   54 |         [01;31m[Kmarker_pub_[m[K = this->create_publisher<visualization_msgs::msg::MarkerArray>("visualization_marker_array", 10);
      |         [01;31m[K^~~~~~~~~~~[m[K
[01m[K/home/nicola/Desktop/Progetto_Sapore/src/nodes/src/test_reach.cpp:55:9:[m[K [01;31m[Kerror: [m[Kâ€˜[01m[Kdisplay_traj_pub_[m[Kâ€™ was not declared in this scope
   55 |         [01;31m[Kdisplay_traj_pub_[m[K = this->create_publisher<moveit_msgs::msg::DisplayTrajectory>("/display_planned_path", 10);
      |         [01;31m[K^~~~~~~~~~~~~~~~~[m[K
[01m[K/home/nicola/Desktop/Progetto_Sapore/src/nodes/src/test_reach.cpp:58:9:[m[K [01;31m[Kerror: [m[Kâ€˜[01m[Kcontinue_service_[m[Kâ€™ was not declared in this scope; did you mean â€˜[01m[Kcount_services[m[Kâ€™?
   58 |         [01;31m[Kcontinue_service_[m[K = this->create_service<std_srvs::srv::Trigger>(
      |         [01;31m[K^~~~~~~~~~~~~~~~~[m[K
      |         [32m[Kcount_services[m[K
[01m[K/home/nicola/Desktop/Progetto_Sapore/src/nodes/src/test_reach.cpp:[m[K In lambda function:
[01m[K/home/nicola/Desktop/Progetto_Sapore/src/nodes/src/test_reach.cpp:62:23:[m[K [01;31m[Kerror: [m[Kâ€˜[01m[Kclass ReachabilityIKNode[m[Kâ€™ has no member named â€˜[01m[Kcontinue_flag_[m[Kâ€™
   62 |                 this->[01;31m[Kcontinue_flag_[m[K = true;
      |                       [01;31m[K^~~~~~~~~~~~~~[m[K
[01m[K/home/nicola/Desktop/Progetto_Sapore/src/nodes/src/test_reach.cpp:[m[K In constructor â€˜[01m[KReachabilityIKNode::[01;32m[KReachabilityIKNode[m[K()[m[Kâ€™:
[01m[K/home/nicola/Desktop/Progetto_Sapore/src/nodes/src/test_reach.cpp:92:9:[m[K [01;31m[Kerror: [m[Kâ€˜[01m[Kgroup_[m[Kâ€™ was not declared in this scope; did you mean â€˜[01m[Kgroup[m[Kâ€™?
   92 |         [01;31m[Kgroup_[m[K = group + "arm";
      |         [01;31m[K^~~~~~[m[K
      |         [32m[Kgroup[m[K
[01m[K/home/nicola/Desktop/Progetto_Sapore/src/nodes/src/test_reach.cpp:93:9:[m[K [01;31m[Kerror: [m[Kâ€˜[01m[Ktcp_link_[m[Kâ€™ was not declared in this scope
   93 |         [01;31m[Ktcp_link_[m[K = group + "tcp";
      |         [01;31m[K^~~~~~~~~[m[K
[01m[K/home/nicola/Desktop/Progetto_Sapore/src/nodes/src/test_reach.cpp:97:9:[m[K [01;31m[Kerror: [m[Kâ€˜[01m[Kplans_output_file_[m[Kâ€™ was not declared in this scope
   97 |         [01;31m[Kplans_output_file_[m[K ="Traiettoria.yaml";
      |         [01;31m[K^~~~~~~~~~~~~~~~~~[m[K
[01m[K/home/nicola/Desktop/Progetto_Sapore/src/nodes/src/test_reach.cpp:[m[K In member function â€˜[01m[Kvoid ReachabilityIKNode::[01;32m[Kstart[m[K()[m[Kâ€™:
[01m[K/home/nicola/Desktop/Progetto_Sapore/src/nodes/src/test_reach.cpp:105:5:[m[K [01;31m[Kerror: [m[Kâ€˜[01m[Kpsm[m[Kâ€™ was not declared in this scope
  105 |     [01;31m[Kpsm[m[K = std::make_shared<planning_scene_monitor::PlanningSceneMonitor>(this->shared_from_this(), "robot_description");
      |     [01;31m[K^~~[m[K
[01m[K/home/nicola/Desktop/Progetto_Sapore/src/nodes/src/test_reach.cpp:106:5:[m[K [01;31m[Kerror: [m[Kâ€˜[01m[Kmove_group_[m[Kâ€™ was not declared in this scope
  106 |     [01;31m[Kmove_group_[m[K = std::make_unique<moveit::planning_interface::MoveGroupInterface>(
      |     [01;31m[K^~~~~~~~~~~[m[K
[01m[K/home/nicola/Desktop/Progetto_Sapore/src/nodes/src/test_reach.cpp:107:31:[m[K [01;31m[Kerror: [m[Kâ€˜[01m[Kgroup_[m[Kâ€™ was not declared in this scope; did you mean â€˜[01m[Kgroup[m[Kâ€™?
  107 |     this->shared_from_this(), [01;31m[Kgroup_[m[K);
      |                               [01;31m[K^~~~~~[m[K
      |                               [32m[Kgroup[m[K
[01m[K/home/nicola/Desktop/Progetto_Sapore/src/nodes/src/test_reach.cpp:115:20:[m[K [01;31m[Kerror: [m[Kexpected primary-expression before â€˜[01m[K=[m[Kâ€™ token
  115 |     planning_scene [01;31m[K=[m[K psm->getPlanningScene();
      |                    [01;31m[K^[m[K
In file included from [01m[K/opt/ros/jazzy/include/rclcpp/rclcpp/logging.hpp:24[m[K,
                 from [01m[K/opt/ros/jazzy/include/rclcpp/rclcpp/copy_all_parameter_values.hpp:27[m[K,
                 from [01m[K/opt/ros/jazzy/include/rclcpp/rclcpp/rclcpp.hpp:171[m[K,
                 from [01m[K/home/nicola/Desktop/Progetto_Sapore/src/nodes/src/test_reach.cpp:1[m[K:
[01m[K/home/nicola/Desktop/Progetto_Sapore/src/nodes/src/test_reach.cpp:121:37:[m[K [01;35m[Kwarning: [m[Kzero-length gnu_printf format string [[01;35m[K]8;;https://gcc.gnu.org/onlinedocs/gcc/Warning-Options.html#index-Wformat-zero-length-Wformat-zero-length]8;;[m[K]
  121 |     RCLCPP_INFO(this->get_logger(), [01;35m[K""[m[K);
      |                                     [01;35m[K^~[m[K
[01m[K/home/nicola/Desktop/Progetto_Sapore/src/nodes/src/test_reach.cpp:125:37:[m[K [01;35m[Kwarning: [m[Kzero-length gnu_printf format string [[01;35m[K]8;;https://gcc.gnu.org/onlinedocs/gcc/Warning-Options.html#index-Wformat-zero-length-Wformat-zero-length]8;;[m[K]
  125 |     RCLCPP_INFO(this->get_logger(), [01;35m[K""[m[K);
      |                                     [01;35m[K^~[m[K
[01m[K/home/nicola/Desktop/Progetto_Sapore/src/nodes/src/test_reach.cpp:143:9:[m[K [01;31m[Kerror: [m[Kâ€˜[01m[Kcontinue_flag_[m[Kâ€™ was not declared in this scope
  143 |         [01;31m[Kcontinue_flag_[m[K = false;
      |         [01;31m[K^~~~~~~~~~~~~~[m[K
[01m[K/home/nicola/Desktop/Progetto_Sapore/src/nodes/src/test_reach.cpp:158:25:[m[K [01;31m[Kerror: [m[Kâ€˜[01m[KtestReachability[m[Kâ€™ was not declared in this scope
  158 |         int raggiunto = [01;31m[KtestReachability[m[K(pose, group_);
      |                         [01;31m[K^~~~~~~~~~~~~~~~[m[K
[01m[K/home/nicola/Desktop/Progetto_Sapore/src/nodes/src/test_reach.cpp:206:17:[m[K [01;31m[Kerror: [m[Kâ€˜[01m[KInsertMarker[m[Kâ€™ was not declared in this scope; did you mean â€˜[01m[KresetMarkers[m[Kâ€™?
  206 |                 [01;31m[KInsertMarker[m[K(pose, 2); // 2 = pouring-OK (colore ciano)
      |                 [01;31m[K^~~~~~~~~~~~[m[K
      |                 [32m[KresetMarkers[m[K
[01m[K/home/nicola/Desktop/Progetto_Sapore/src/nodes/src/test_reach.cpp:209:21:[m[K [01;31m[Kerror: [m[Kâ€˜[01m[KInsertMarker[m[Kâ€™ was not declared in this scope; did you mean â€˜[01m[KresetMarkers[m[Kâ€™?
  209 |                     [01;31m[KInsertMarker[m[K(pose, final_info);
      |                     [01;31m[K^~~~~~~~~~~~[m[K
      |                     [32m[KresetMarkers[m[K
[01m[K/home/nicola/Desktop/Progetto_Sapore/src/nodes/src/test_reach.cpp:219:15:[m[K [01;31m[Kerror: [m[Kâ€˜[01m[KInsertMarker[m[Kâ€™ was not declared in this scope; did you mean â€˜[01m[KresetMarkers[m[Kâ€™?
  219 |         }else{[01;31m[KInsertMarker[m[K(pose, final_info);}
      |               [01;31m[K^~~~~~~~~~~~[m[K
      |               [32m[KresetMarkers[m[K
[01m[K/home/nicola/Desktop/Progetto_Sapore/src/nodes/src/test_reach.cpp:[m[K In member function â€˜[01m[Kvoid ReachabilityIKNode::[01;32m[KresetMarkers[m[K()[m[Kâ€™:
[01m[K/home/nicola/Desktop/Progetto_Sapore/src/nodes/src/test_reach.cpp:234:9:[m[K [01;31m[Kerror: [m[Kâ€˜[01m[Kmarker_pub_[m[Kâ€™ was not declared in this scope
  234 |         [01;31m[Kmarker_pub_[m[K->publish(delete_msg);
      |         [01;31m[K^~~~~~~~~~~[m[K
[01m[K/home/nicola/Desktop/Progetto_Sapore/src/nodes/src/test_reach.cpp:[m[K In member function â€˜[01m[Kbool ReachabilityIKNode::[01;32m[KCheckLinkCollision[m[K(bool, const geometry_msgs::msg::PoseStamped&)[m[Kâ€™:
[01m[K/home/nicola/Desktop/Progetto_Sapore/src/nodes/src/test_reach.cpp:283:72:[m[K [01;31m[Kerror: [m[Kexpected primary-expression before â€˜[01m[K->[m[Kâ€™ token
  283 |                 moveit::core::RobotState current_state = planning_scene[01;31m[K->[m[KgetCurrentState();
      |                                                                        [01;31m[K^~[m[K
[01m[K/home/nicola/Desktop/Progetto_Sapore/src/nodes/src/test_reach.cpp:285:54:[m[K [01;31m[Kerror: [m[Kâ€˜[01m[Kgroup_[m[Kâ€™ was not declared in this scope; did you mean â€˜[01m[Kgroup[m[Kâ€™?
  285 |                     current_state.getJointModelGroup([01;31m[Kgroup_[m[K);
      |                                                      [01;31m[K^~~~~~[m[K
      |                                                      [32m[Kgroup[m[K
[01m[K/home/nicola/Desktop/Progetto_Sapore/src/nodes/src/test_reach.cpp:314:72:[m[K [01;31m[Kerror: [m[Kexpected primary-expression before â€˜[01m[K->[m[Kâ€™ token
  314 |                 moveit::core::RobotState current_state = planning_scene[01;31m[K->[m[KgetCurrentState();
      |                                                                        [01;31m[K^~[m[K
[01m[K/home/nicola/Desktop/Progetto_Sapore/src/nodes/src/test_reach.cpp:323:44:[m[K [01;31m[Kerror: [m[Kâ€˜[01m[Kgroup_[m[Kâ€™ was not declared in this scope; did you mean â€˜[01m[Kgroup[m[Kâ€™?
  323 |             collision_request.group_name = [01;31m[Kgroup_[m[K;
      |                                            [01;31m[K^~~~~~[m[K
      |                                            [32m[Kgroup[m[K
[01m[K/home/nicola/Desktop/Progetto_Sapore/src/nodes/src/test_reach.cpp:326:27:[m[K [01;31m[Kerror: [m[Kexpected primary-expression before â€˜[01m[K->[m[Kâ€™ token
  326 |             planning_scene[01;31m[K->[m[KcheckCollision(collision_request, collision_result, current_state);
      |                           [01;31m[K^~[m[K
[01m[K/home/nicola/Desktop/Progetto_Sapore/src/nodes/src/test_reach.cpp:362:17:[m[K [01;31m[Kerror: [m[Kâ€˜[01m[Kdisplay_state_pub_[m[Kâ€™ was not declared in this scope
  362 |                 [01;31m[Kdisplay_state_pub_[m[K->publish(display_msg);
      |                 [01;31m[K^~~~~~~~~~~~~~~~~~[m[K
[01m[K/home/nicola/Desktop/Progetto_Sapore/src/nodes/src/test_reach.cpp:[m[K In member function â€˜[01m[Kbool ReachabilityIKNode::[01;32m[KtestPlannerPouring[m[K(const geometry_msgs::msg::PoseStamped&, const std::string&, double)[m[Kâ€™:
[01m[K/home/nicola/Desktop/Progetto_Sapore/src/nodes/src/test_reach.cpp:384:5:[m[K [01;31m[Kerror: [m[Kâ€˜[01m[Kmove_group_[m[Kâ€™ was not declared in this scope
  384 |     [01;31m[Kmove_group_[m[K->setPlannerId("RRTConnectkConfigDefault");
      |     [01;31m[K^~~~~~~~~~~[m[K
[01m[K/home/nicola/Desktop/Progetto_Sapore/src/nodes/src/test_reach.cpp:386:37:[m[K [01;31m[Kerror: [m[Kâ€˜[01m[Ktcp_link_[m[Kâ€™ was not declared in this scope
  386 |     move_group_->setEndEffectorLink([01;31m[Ktcp_link_[m[K);
      |                                     [01;31m[K^~~~~~~~~[m[K
[01m[K/home/nicola/Desktop/Progetto_Sapore/src/nodes/src/test_reach.cpp:[m[K In lambda function:
[01m[K/home/nicola/Desktop/Progetto_Sapore/src/nodes/src/test_reach.cpp:392:61:[m[K [01;31m[Kerror: [m[Kâ€˜[01m[Kplanning_scene_monitor_[m[Kâ€™ was not declared in this scope; did you mean â€˜[01m[Kplanning_scene_monitor[m[Kâ€™?
  392 |         planning_scene_monitor::LockedPlanningSceneRO scene([01;31m[Kplanning_scene_monitor_[m[K);
      |                                                             [01;31m[K^~~~~~~~~~~~~~~~~~~~~~~[m[K
      |                                                             [32m[Kplanning_scene_monitor[m[K
[01m[K/home/nicola/Desktop/Progetto_Sapore/src/nodes/src/test_reach.cpp:395:46:[m[K [01;35m[Kwarning: [m[Kunused variable â€˜[01m[Kjmg[m[Kâ€™ [[01;35m[K]8;;https://gcc.gnu.org/onlinedocs/gcc/Warning-Options.html#index-Wunused-variable-Wunused-variable]8;;[m[K]
  395 |         const moveit::core::JointModelGroup *[01;35m[Kjmg[m[K =
      |                                              [01;35m[K^~~[m[K
[01m[K/home/nicola/Desktop/Progetto_Sapore/src/nodes/src/test_reach.cpp:[m[K In member function â€˜[01m[Kbool ReachabilityIKNode::[01;32m[KtestPlannerPouring[m[K(const geometry_msgs::msg::PoseStamped&, const std::string&, double)[m[Kâ€™:
[01m[K/home/nicola/Desktop/Progetto_Sapore/src/nodes/src/test_reach.cpp:458:5:[m[K [01;31m[Kerror: [m[Kâ€˜[01m[KsavePlanToYAML[m[Kâ€™ was not declared in this scope
  458 |     [01;31m[KsavePlanToYAML[m[K(plan1, base_pose, "plan_to_base_pose");
      |     [01;31m[K^~~~~~~~~~~~~~[m[K
[01m[K/home/nicola/Desktop/Progetto_Sapore/src/nodes/src/test_reach.cpp:[m[K At global scope:
[01m[K/home/nicola/Desktop/Progetto_Sapore/src/nodes/src/test_reach.cpp:603:1:[m[K [01;31m[Kerror: [m[Kexpected unqualified-id before â€˜[01m[Kprivate[m[Kâ€™
  603 | [01;31m[Kprivate[m[K:
      | [01;31m[K^~~~~~~[m[K
[01m[K/home/nicola/Desktop/Progetto_Sapore/src/nodes/src/test_reach.cpp:[m[K In function â€˜[01m[Kvoid[01;32m[K debugStateCollision[m[K(const std::string&, const moveit::core::RobotState*, const std::string&)[m[Kâ€™:
[01m[K/home/nicola/Desktop/Progetto_Sapore/src/nodes/src/test_reach.cpp:712:23:[m[K [01;31m[Kerror: [m[Kexpected primary-expression before â€˜[01m[K->[m[Kâ€™ token
  712 |         planning_scene[01;31m[K->[m[KcheckCollision(req, res, *state);
      |                       [01;31m[K^~[m[K
[01m[K/home/nicola/Desktop/Progetto_Sapore/src/nodes/src/test_reach.cpp:715:26:[m[K [01;31m[Kerror: [m[Kinvalid use of â€˜[01m[Kthis[m[Kâ€™ in non-member function
  715 |             RCLCPP_ERROR([01;31m[Kthis[m[K->get_logger(), "âŒ STATO '%s' IN COLLISIONE!", state_name.c_str());
      |                          [01;31m[K^~~~[m[K
[01m[K/home/nicola/Desktop/Progetto_Sapore/src/nodes/src/test_reach.cpp:715:26:[m[K [01;31m[Kerror: [m[Kinvalid use of â€˜[01m[Kthis[m[Kâ€™ in non-member function
[01m[K/home/nicola/Desktop/Progetto_Sapore/src/nodes/src/test_reach.cpp:715:13:[m[K [01;31m[Kerror: [m[Ktemplate argument 1 is invalid
  715 |             [01;31m[KRCLCPP_ERROR[m[K(this->get_logger(), "âŒ STATO '%s' IN COLLISIONE!", state_name.c_str());
      |             [01;31m[K^~~~~~~~~~~~[m[K
[01m[K/home/nicola/Desktop/Progetto_Sapore/src/nodes/src/test_reach.cpp:715:13:[m[K [01;31m[Kerror: [m[Ktemplate argument 1 is invalid
  715 |             [01;31m[KRCLCPP_ERROR[m[K(this->get_logger(), "âŒ STATO '%s' IN COLLISIONE!", state_name.c_str());
      |             [01;31m[K^~~~~~~~~~~~[m[K
[01m[K/home/nicola/Desktop/Progetto_Sapore/src/nodes/src/test_reach.cpp:715:13:[m[K [01;31m[Kerror: [m[Ktemplate argument 1 is invalid
  715 |             [01;31m[KRCLCPP_ERROR[m[K(this->get_logger(), "âŒ STATO '%s' IN COLLISIONE!", state_name.c_str());
      |             [01;31m[K^~~~~~~~~~~~[m[K
[01m[K/home/nicola/Desktop/Progetto_Sapore/src/nodes/src/test_reach.cpp:715:26:[m[K [01;31m[Kerror: [m[Kinvalid use of â€˜[01m[Kthis[m[Kâ€™ in non-member function
  715 |             RCLCPP_ERROR([01;31m[Kthis[m[K->get_logger(), "âŒ STATO '%s' IN COLLISIONE!", state_name.c_str());
      |                          [01;31m[K^~~~[m[K
[01m[K/home/nicola/Desktop/Progetto_Sapore/src/nodes/src/test_reach.cpp:715:26:[m[K [01;31m[Kerror: [m[Kinvalid use of â€˜[01m[Kthis[m[Kâ€™ in non-member function
  715 |             RCLCPP_ERROR([01;31m[Kthis[m[K->get_logger(), "âŒ STATO '%s' IN COLLISIONE!", state_name.c_str());
      |                          [01;31m[K^~~~[m[K
[01m[K/home/nicola/Desktop/Progetto_Sapore/src/nodes/src/test_reach.cpp:718:30:[m[K [01;31m[Kerror: [m[Kinvalid use of â€˜[01m[Kthis[m[Kâ€™ in non-member function
  718 |                 RCLCPP_ERROR([01;31m[Kthis[m[K->get_logger(),
      |                              [01;31m[K^~~~[m[K
[01m[K/home/nicola/Desktop/Progetto_Sapore/src/nodes/src/test_reach.cpp:718:30:[m[K [01;31m[Kerror: [m[Kinvalid use of â€˜[01m[Kthis[m[Kâ€™ in non-member function
[01m[K/home/nicola/Desktop/Progetto_Sapore/src/nodes/src/test_reach.cpp:718:17:[m[K [01;31m[Kerror: [m[Ktemplate argument 1 is invalid
  718 |                 [01;31m[KRCLCPP_ERROR[m[K(this->get_logger(),
      |                 [01;31m[K^~~~~~~~~~~~[m[K
[01m[K/home/nicola/Desktop/Progetto_Sapore/src/nodes/src/test_reach.cpp:718:17:[m[K [01;31m[Kerror: [m[Ktemplate argument 1 is invalid
  718 |                 [01;31m[KRCLCPP_ERROR[m[K(this->get_logger(),
      |                 [01;31m[K^~~~~~~~~~~~[m[K
[01m[K/home/nicola/Desktop/Progetto_Sapore/src/nodes/src/test_reach.cpp:718:17:[m[K [01;31m[Kerror: [m[Ktemplate argument 1 is invalid
  718 |                 [01;31m[KRCLCPP_ERROR[m[K(this->get_logger(),
      |                 [01;31m[K^~~~~~~~~~~~[m[K
[01m[K/home/nicola/Desktop/Progetto_Sapore/src/nodes/src/test_reach.cpp:718:30:[m[K [01;31m[Kerror: [m[Kinvalid use of â€˜[01m[Kthis[m[Kâ€™ in non-member function
  718 |                 RCLCPP_ERROR([01;31m[Kthis[m[K->get_logger(),
      |                              [01;31m[K^~~~[m[K
[01m[K/home/nicola/Desktop/Progetto_Sapore/src/nodes/src/test_reach.cpp:718:30:[m[K [01;31m[Kerror: [m[Kinvalid use of â€˜[01m[Kthis[m[Kâ€™ in non-member function
  718 |                 RCLCPP_ERROR([01;31m[Kthis[m[K->get_logger(),
      |                              [01;31m[K^~~~[m[K
[01m[K/home/nicola/Desktop/Progetto_Sapore/src/nodes/src/test_reach.cpp:726:34:[m[K [01;31m[Kerror: [m[Kinvalid use of â€˜[01m[Kthis[m[Kâ€™ in non-member function
  726 |                     RCLCPP_ERROR([01;31m[Kthis[m[K->get_logger(),
      |                                  [01;31m[K^~~~[m[K
[01m[K/home/nicola/Desktop/Progetto_Sapore/src/nodes/src/test_reach.cpp:726:34:[m[K [01;31m[Kerror: [m[Kinvalid use of â€˜[01m[Kthis[m[Kâ€™ in non-member function
[01m[K/home/nicola/Desktop/Progetto_Sapore/src/nodes/src/test_reach.cpp:726:21:[m[K [01;31m[Kerror: [m[Ktemplate argument 1 is invalid
  726 |                     [01;31m[KRCLCPP_ERROR[m[K(this->get_logger(),
      |                     [01;31m[K^~~~~~~~~~~~[m[K
[01m[K/home/nicola/Desktop/Progetto_Sapore/src/nodes/src/test_reach.cpp:726:21:[m[K [01;31m[Kerror: [m[Ktemplate argument 1 is invalid
  726 |                     [01;31m[KRCLCPP_ERROR[m[K(this->get_logger(),
      |                     [01;31m[K^~~~~~~~~~~~[m[K
[01m[K/home/nicola/Desktop/Progetto_Sapore/src/nodes/src/test_reach.cpp:726:21:[m[K [01;31m[Kerror: [m[Ktemplate argument 1 is invalid
  726 |                     [01;31m[KRCLCPP_ERROR[m[K(this->get_logger(),
      |                     [01;31m[K^~~~~~~~~~~~[m[K
[01m[K/home/nicola/Desktop/Progetto_Sapore/src/nodes/src/test_reach.cpp:726:34:[m[K [01;31m[Kerror: [m[Kinvalid use of â€˜[01m[Kthis[m[Kâ€™ in non-member function
  726 |                     RCLCPP_ERROR([01;31m[Kthis[m[K->get_logger(),
      |                                  [01;31m[K^~~~[m[K
[01m[K/home/nicola/Desktop/Progetto_Sapore/src/nodes/src/test_reach.cpp:726:34:[m[K [01;31m[Kerror: [m[Kinvalid use of â€˜[01m[Kthis[m[Kâ€™ in non-member function
  726 |                     RCLCPP_ERROR([01;31m[Kthis[m[K->get_logger(),
      |                                  [01;31m[K^~~~[m[K
[01m[K/home/nicola/Desktop/Progetto_Sapore/src/nodes/src/test_reach.cpp:762:13:[m[K [01;31m[Kerror: [m[Kâ€˜[01m[Kdisplay_state_pub_[m[Kâ€™ was not declared in this scope
  762 |             [01;31m[Kdisplay_state_pub_[m[K->publish(display_msg);
      |             [01;31m[K^~~~~~~~~~~~~~~~~~[m[K
[01m[K/home/nicola/Desktop/Progetto_Sapore/src/nodes/src/test_reach.cpp:763:25:[m[K [01;31m[Kerror: [m[Kinvalid use of â€˜[01m[Kthis[m[Kâ€™ in non-member function
  763 |             RCLCPP_WARN([01;31m[Kthis[m[K->get_logger(), "Pubblicato stato in collisione su RViz (evidenziato in rosso)");
      |                         [01;31m[K^~~~[m[K
[01m[K/home/nicola/Desktop/Progetto_Sapore/src/nodes/src/test_reach.cpp:763:25:[m[K [01;31m[Kerror: [m[Kinvalid use of â€˜[01m[Kthis[m[Kâ€™ in non-member function
[01m[K/home/nicola/Desktop/Progetto_Sapore/src/nodes/src/test_reach.cpp:763:13:[m[K [01;31m[Kerror: [m[Ktemplate argument 1 is invalid
  763 |             [01;31m[KRCLCPP_WARN[m[K(this->get_logger(), "Pubblicato stato in collisione su RViz (evidenziato in rosso)");
      |             [01;31m[K^~~~~~~~~~~[m[K
[01m[K/home/nicola/Desktop/Progetto_Sapore/src/nodes/src/test_reach.cpp:763:13:[m[K [01;31m[Kerror: [m[Ktemplate argument 1 is invalid
  763 |             [01;31m[KRCLCPP_WARN[m[K(this->get_logger(), "Pubblicato stato in collisione su RViz (evidenziato in rosso)");
      |             [01;31m[K^~~~~~~~~~~[m[K
[01m[K/home/nicola/Desktop/Progetto_Sapore/src/nodes/src/test_reach.cpp:763:13:[m[K [01;31m[Kerror: [m[Ktemplate argument 1 is invalid
  763 |             [01;31m[KRCLCPP_WARN[m[K(this->get_logger(), "Pubblicato stato in collisione su RViz (evidenziato in rosso)");
      |             [01;31m[K^~~~~~~~~~~[m[K
[01m[K/home/nicola/Desktop/Progetto_Sapore/src/nodes/src/test_reach.cpp:763:25:[m[K [01;31m[Kerror: [m[Kinvalid use of â€˜[01m[Kthis[m[Kâ€™ in non-member function
  763 |             RCLCPP_WARN([01;31m[Kthis[m[K->get_logger(), "Pubblicato stato in collisione su RViz (evidenziato in rosso)");
      |                         [01;31m[K^~~~[m[K
[01m[K/home/nicola/Desktop/Progetto_Sapore/src/nodes/src/test_reach.cpp:763:25:[m[K [01;31m[Kerror: [m[Kinvalid use of â€˜[01m[Kthis[m[Kâ€™ in non-member function
  763 |             RCLCPP_WARN([01;31m[Kthis[m[K->get_logger(), "Pubblicato stato in collisione su RViz (evidenziato in rosso)");
      |                         [01;31m[K^~~~[m[K
[01m[K/home/nicola/Desktop/Progetto_Sapore/src/nodes/src/test_reach.cpp:766:25:[m[K [01;31m[Kerror: [m[Kinvalid use of â€˜[01m[Kthis[m[Kâ€™ in non-member function
  766 |             RCLCPP_INFO([01;31m[Kthis[m[K->get_logger(), "âœ“ Stato '%s' senza collisioni", state_name.c_str());
      |                         [01;31m[K^~~~[m[K
[01m[K/home/nicola/Desktop/Progetto_Sapore/src/nodes/src/test_reach.cpp:766:25:[m[K [01;31m[Kerror: [m[Kinvalid use of â€˜[01m[Kthis[m[Kâ€™ in non-member function
[01m[K/home/nicola/Desktop/Progetto_Sapore/src/nodes/src/test_reach.cpp:766:13:[m[K [01;31m[Kerror: [m[Ktemplate argument 1 is invalid
  766 |             [01;31m[KRCLCPP_INFO[m[K(this->get_logger(), "âœ“ Stato '%s' senza collisioni", state_name.c_str());
      |             [01;31m[K^~~~~~~~~~~[m[K
[01m[K/home/nicola/Desktop/Progetto_Sapore/src/nodes/src/test_reach.cpp:766:13:[m[K [01;31m[Kerror: [m[Ktemplate argument 1 is invalid
  766 |             [01;31m[KRCLCPP_INFO[m[K(this->get_logger(), "âœ“ Stato '%s' senza collisioni", state_name.c_str());
      |             [01;31m[K^~~~~~~~~~~[m[K
[01m[K/home/nicola/Desktop/Progetto_Sapore/src/nodes/src/test_reach.cpp:766:13:[m[K [01;31m[Kerror: [m[Ktemplate argument 1 is invalid
  766 |             [01;31m[KRCLCPP_INFO[m[K(this->get_logger(), "âœ“ Stato '%s' senza collisioni", state_name.c_str());
      |             [01;31m[K^~~~~~~~~~~[m[K
[01m[K/home/nicola/Desktop/Progetto_Sapore/src/nodes/src/test_reach.cpp:766:25:[m[K [01;31m[Kerror: [m[Kinvalid use of â€˜[01m[Kthis[m[Kâ€™ in non-member function
  766 |             RCLCPP_INFO([01;31m[Kthis[m[K->get_logger(), "âœ“ Stato '%s' senza collisioni", state_name.c_str());
      |                         [01;31m[K^~~~[m[K
[01m[K/home/nicola/Desktop/Progetto_Sapore/src/nodes/src/test_reach.cpp:766:25:[m[K [01;31m[Kerror: [m[Kinvalid use of â€˜[01m[Kthis[m[Kâ€™ in non-member function
  766 |             RCLCPP_INFO([01;31m[Kthis[m[K->get_logger(), "âœ“ Stato '%s' senza collisioni", state_name.c_str());
      |                         [01;31m[K^~~~[m[K
[01m[K/home/nicola/Desktop/Progetto_Sapore/src/nodes/src/test_reach.cpp:[m[K In function â€˜[01m[Kvoid[01;32m[K debugTrajectoryCollisions[m[K(const moveit_msgs::msg::RobotTrajectory&, const std::string&)[m[Kâ€™:
[01m[K/home/nicola/Desktop/Progetto_Sapore/src/nodes/src/test_reach.cpp:777:25:[m[K [01;31m[Kerror: [m[Kinvalid use of â€˜[01m[Kthis[m[Kâ€™ in non-member function
  777 |             RCLCPP_WARN([01;31m[Kthis[m[K->get_logger(), "Traiettoria vuota, impossibile verificare collisioni");
      |                         [01;31m[K^~~~[m[K
[01m[K/home/nicola/Desktop/Progetto_Sapore/src/nodes/src/test_reach.cpp:777:25:[m[K [01;31m[Kerror: [m[Kinvalid use of â€˜[01m[Kthis[m[Kâ€™ in non-member function
[01m[K/home/nicola/Desktop/Progetto_Sapore/src/nodes/src/test_reach.cpp:777:13:[m[K [01;31m[Kerror: [m[Ktemplate argument 1 is invalid
  777 |             [01;31m[KRCLCPP_WARN[m[K(this->get_logger(), "Traiettoria vuota, impossibile verificare collisioni");
      |             [01;31m[K^~~~~~~~~~~[m[K
[01m[K/home/nicola/Desktop/Progetto_Sapore/src/nodes/src/test_reach.cpp:777:13:[m[K [01;31m[Kerror: [m[Ktemplate argument 1 is invalid
  777 |             [01;31m[KRCLCPP_WARN[m[K(this->get_logger(), "Traiettoria vuota, impossibile verificare collisioni");
      |             [01;31m[K^~~~~~~~~~~[m[K
[01m[K/home/nicola/Desktop/Progetto_Sapore/src/nodes/src/test_reach.cpp:777:13:[m[K [01;31m[Kerror: [m[Ktemplate argument 1 is invalid
  777 |             [01;31m[KRCLCPP_WARN[m[K(this->get_logger(), "Traiettoria vuota, impossibile verificare collisioni");
      |             [01;31m[K^~~~~~~~~~~[m[K
[01m[K/home/nicola/Desktop/Progetto_Sapore/src/nodes/src/test_reach.cpp:777:25:[m[K [01;31m[Kerror: [m[Kinvalid use of â€˜[01m[Kthis[m[Kâ€™ in non-member function
  777 |             RCLCPP_WARN([01;31m[Kthis[m[K->get_logger(), "Traiettoria vuota, impossibile verificare collisioni");
      |                         [01;31m[K^~~~[m[K
[01m[K/home/nicola/Desktop/Progetto_Sapore/src/nodes/src/test_reach.cpp:777:25:[m[K [01;31m[Kerror: [m[Kinvalid use of â€˜[01m[Kthis[m[Kâ€™ in non-member function
  777 |             RCLCPP_WARN([01;31m[Kthis[m[K->get_logger(), "Traiettoria vuota, impossibile verificare collisioni");
      |                         [01;31m[K^~~~[m[K
[01m[K/home/nicola/Desktop/Progetto_Sapore/src/nodes/src/test_reach.cpp:781:21:[m[K [01;31m[Kerror: [m[Kinvalid use of â€˜[01m[Kthis[m[Kâ€™ in non-member function
  781 |         RCLCPP_INFO([01;31m[Kthis[m[K->get_logger(), "Verifico collisioni su %zu waypoints...",
      |                     [01;31m[K^~~~[m[K
[01m[K/home/nicola/Desktop/Progetto_Sapore/src/nodes/src/test_reach.cpp:781:21:[m[K [01;31m[Kerror: [m[Kinvalid use of â€˜[01m[Kthis[m[Kâ€™ in non-member function
[01m[K/home/nicola/Desktop/Progetto_Sapore/src/nodes/src/test_reach.cpp:781:9:[m[K [01;31m[Kerror: [m[Ktemplate argument 1 is invalid
  781 |         [01;31m[KRCLCPP_INFO[m[K(this->get_logger(), "Verifico collisioni su %zu waypoints...",
      |         [01;31m[K^~~~~~~~~~~[m[K
[01m[K/home/nicola/Desktop/Progetto_Sapore/src/nodes/src/test_reach.cpp:781:9:[m[K [01;31m[Kerror: [m[Ktemplate argument 1 is invalid
  781 |         [01;31m[KRCLCPP_INFO[m[K(this->get_logger(), "Verifico collisioni su %zu waypoints...",
      |         [01;31m[K^~~~~~~~~~~[m[K
[01m[K/home/nicola/Desktop/Progetto_Sapore/src/nodes/src/test_reach.cpp:781:9:[m[K [01;31m[Kerror: [m[Ktemplate argument 1 is invalid
  781 |         [01;31m[KRCLCPP_INFO[m[K(this->get_logger(), "Verifico collisioni su %zu waypoints...",
      |         [01;31m[K^~~~~~~~~~~[m[K
[01m[K/home/nicola/Desktop/Progetto_Sapore/src/nodes/src/test_reach.cpp:781:21:[m[K [01;31m[Kerror: [m[Kinvalid use of â€˜[01m[Kthis[m[Kâ€™ in non-member function
  781 |         RCLCPP_INFO([01;31m[Kthis[m[K->get_logger(), "Verifico collisioni su %zu waypoints...",
      |                     [01;31m[K^~~~[m[K
[01m[K/home/nicola/Desktop/Progetto_Sapore/src/nodes/src/test_reach.cpp:781:21:[m[K [01;31m[Kerror: [m[Kinvalid use of â€˜[01m[Kthis[m[Kâ€™ in non-member function
  781 |         RCLCPP_INFO([01;31m[Kthis[m[K->get_logger(), "Verifico collisioni su %zu waypoints...",
      |                     [01;31m[K^~~~[m[K
[01m[K/home/nicola/Desktop/Progetto_Sapore/src/nodes/src/test_reach.cpp:785:41:[m[K [01;31m[Kerror: [m[Kâ€˜[01m[Kmove_group_[m[Kâ€™ was not declared in this scope
  785 |         moveit::core::RobotState state(*[01;31m[Kmove_group_[m[K->getCurrentState());
      |                                         [01;31m[K^~~~~~~~~~~[m[K
[01m[K/home/nicola/Desktop/Progetto_Sapore/src/nodes/src/test_reach.cpp:791:21:[m[K [01;31m[Kerror: [m[Kinvalid use of â€˜[01m[Kthis[m[Kâ€™ in non-member function
  791 |         RCLCPP_INFO([01;31m[Kthis[m[K->get_logger(), "ðŸ” Analizzando %zu waypoints della traiettoria...",
      |                     [01;31m[K^~~~[m[K
[01m[K/home/nicola/Desktop/Progetto_Sapore/src/nodes/src/test_reach.cpp:791:21:[m[K [01;31m[Kerror: [m[Kinvalid use of â€˜[01m[Kthis[m[Kâ€™ in non-member function
[01m[K/home/nicola/Desktop/Progetto_Sapore/src/nodes/src/test_reach.cpp:791:9:[m[K [01;31m[Kerror: [m[Ktemplate argument 1 is invalid
  791 |         [01;31m[KRCLCPP_INFO[m[K(this->get_logger(), "ðŸ” Analizzando %zu waypoints della traiettoria...",
      |         [01;31m[K^~~~~~~~~~~[m[K
[01m[K/home/nicola/Desktop/Progetto_Sapore/src/nodes/src/test_reach.cpp:791:9:[m[K [01;31m[Kerror: [m[Ktemplate argument 1 is invalid
  791 |         [01;31m[KRCLCPP_INFO[m[K(this->get_logger(), "ðŸ” Analizzando %zu waypoints della traiettoria...",
      |         [01;31m[K^~~~~~~~~~~[m[K
[01m[K/home/nicola/Desktop/Progetto_Sapore/src/nodes/src/test_reach.cpp:791:9:[m[K [01;31m[Kerror: [m[Ktemplate argument 1 is invalid
  791 |         [01;31m[KRCLCPP_INFO[m[K(this->get_logger(), "ðŸ” Analizzando %zu waypoints della traiettoria...",
      |         [01;31m[K^~~~~~~~~~~[m[K
[01m[K/home/nicola/Desktop/Progetto_Sapore/src/nodes/src/test_reach.cpp:791:21:[m[K [01;31m[Kerror: [m[Kinvalid use of â€˜[01m[Kthis[m[Kâ€™ in non-member function
  791 |         RCLCPP_INFO([01;31m[Kthis[m[K->get_logger(), "ðŸ” Analizzando %zu waypoints della traiettoria...",
      |                     [01;31m[K^~~~[m[K
[01m[K/home/nicola/Desktop/Progetto_Sapore/src/nodes/src/test_reach.cpp:791:21:[m[K [01;31m[Kerror: [m[Kinvalid use of â€˜[01m[Kthis[m[Kâ€™ in non-member function
  791 |         RCLCPP_INFO([01;31m[Kthis[m[K->get_logger(), "ðŸ” Analizzando %zu waypoints della traiettoria...",
      |                     [01;31m[K^~~~[m[K
[01m[K/home/nicola/Desktop/Progetto_Sapore/src/nodes/src/test_reach.cpp:811:27:[m[K [01;31m[Kerror: [m[Kexpected primary-expression before â€˜[01m[K->[m[Kâ€™ token
  811 |             planning_scene[01;31m[K->[m[KcheckCollision(req, res, state);
      |                           [01;31m[K^~[m[K
[01m[K/home/nicola/Desktop/Progetto_Sapore/src/nodes/src/test_reach.cpp:820:30:[m[K [01;31m[Kerror: [m[Kinvalid use of â€˜[01m[Kthis[m[Kâ€™ in non-member function
  820 |                 RCLCPP_ERROR([01;31m[Kthis[m[K->get_logger(),
      |                              [01;31m[K^~~~[m[K
[01m[K/home/nicola/Desktop/Progetto_Sapore/src/nodes/src/test_reach.cpp:820:30:[m[K [01;31m[Kerror: [m[Kinvalid use of â€˜[01m[Kthis[m[Kâ€™ in non-member function
[01m[K/home/nicola/Desktop/Progetto_Sapore/src/nodes/src/test_reach.cpp:820:17:[m[K [01;31m[Kerror: [m[Ktemplate argument 1 is invalid
  820 |                 [01;31m[KRCLCPP_ERROR[m[K(this->get_logger(),
      |                 [01;31m[K^~~~~~~~~~~~[m[K
[01m[K/home/nicola/Desktop/Progetto_Sapore/src/nodes/src/test_reach.cpp:820:17:[m[K [01;31m[Kerror: [m[Ktemplate argument 1 is invalid
  820 |                 [01;31m[KRCLCPP_ERROR[m[K(this->get_logger(),
      |                 [01;31m[K^~~~~~~~~~~~[m[K
[01m[K/home/nicola/Desktop/Progetto_Sapore/src/nodes/src/test_reach.cpp:820:17:[m[K [01;31m[Kerror: [m[Ktemplate argument 1 is invalid
  820 |                 [01;31m[KRCLCPP_ERROR[m[K(this->get_logger(),
      |                 [01;31m[K^~~~~~~~~~~~[m[K
[01m[K/home/nicola/Desktop/Progetto_Sapore/src/nodes/src/test_reach.cpp:820:30:[m[K [01;31m[Kerror: [m[Kinvalid use of â€˜[01m[Kthis[m[Kâ€™ in non-member function
  820 |                 RCLCPP_ERROR([01;31m[Kthis[m[K->get_logger(),
      |                              [01;31m[K^~~~[m[K
[01m[K/home/nicola/Desktop/Progetto_Sapore/src/nodes/src/test_reach.cpp:820:30:[m[K [01;31m[Kerror: [m[Kinvalid use of â€˜[01m[Kthis[m[Kâ€™ in non-member function
  820 |                 RCLCPP_ERROR([01;31m[Kthis[m[K->get_logger(),
      |                              [01;31m[K^~~~[m[K
[01m[K/home/nicola/Desktop/Progetto_Sapore/src/nodes/src/test_reach.cpp:838:30:[m[K [01;31m[Kerror: [m[Kinvalid use of â€˜[01m[Kthis[m[Kâ€™ in non-member function
  838 |                 RCLCPP_ERROR([01;31m[Kthis[m[K->get_logger(), "   Collisioni rilevate:");
      |                              [01;31m[K^~~~[m[K
[01m[K/home/nicola/Desktop/Progetto_Sapore/src/nodes/src/test_reach.cpp:838:30:[m[K [01;31m[Kerror: [m[Kinvalid use of â€˜[01m[Kthis[m[Kâ€™ in non-member function
[01m[K/home/nicola/Desktop/Progetto_Sapore/src/nodes/src/test_reach.cpp:838:17:[m[K [01;31m[Kerror: [m[Ktemplate argument 1 is invalid
  838 |                 [01;31m[KRCLCPP_ERROR[m[K(this->get_logger(), "   Collisioni rilevate:");
      |                 [01;31m[K^~~~~~~~~~~~[m[K
[01m[K/home/nicola/Desktop/Progetto_Sapore/src/nodes/src/test_reach.cpp:838:17:[m[K [01;31m[Kerror: [m[Ktemplate argument 1 is invalid
  838 |                 [01;31m[KRCLCPP_ERROR[m[K(this->get_logger(), "   Collisioni rilevate:");
      |                 [01;31m[K^~~~~~~~~~~~[m[K
[01m[K/home/nicola/Desktop/Progetto_Sapore/src/nodes/src/test_reach.cpp:838:17:[m[K [01;31m[Kerror: [m[Ktemplate argument 1 is invalid
  838 |                 [01;31m[KRCLCPP_ERROR[m[K(this->get_logger(), "   Collisioni rilevate:");
      |                 [01;31m[K^~~~~~~~~~~~[m[K
[01m[K/home/nicola/Desktop/Progetto_Sapore/src/nodes/src/test_reach.cpp:838:30:[m[K [01;31m[Kerror: [m[Kinvalid use of â€˜[01m[Kthis[m[Kâ€™ in non-member function
  838 |                 RCLCPP_ERROR([01;31m[Kthis[m[K->get_logger(), "   Collisioni rilevate:");
      |                              [01;31m[K^~~~[m[K
[01m[K/home/nicola/Desktop/Progetto_Sapore/src/nodes/src/test_reach.cpp:838:30:[m[K [01;31m[Kerror: [m[Kinvalid use of â€˜[01m[Kthis[m[Kâ€™ in non-member function
  838 |                 RCLCPP_ERROR([01;31m[Kthis[m[K->get_logger(), "   Collisioni rilevate:");
      |                              [01;31m[K^~~~[m[K
[01m[K/home/nicola/Desktop/Progetto_Sapore/src/nodes/src/test_reach.cpp:840:34:[m[K [01;31m[Kerror: [m[Kinvalid use of â€˜[01m[Kthis[m[Kâ€™ in non-member function
  840 |                     RCLCPP_ERROR([01;31m[Kthis[m[K->get_logger(),
      |                                  [01;31m[K^~~~[m[K
[01m[K/home/nicola/Desktop/Progetto_Sapore/src/nodes/src/test_reach.cpp:840:34:[m[K [01;31m[Kerror: [m[Kinvalid use of â€˜[01m[Kthis[m[Kâ€™ in non-member function
[01m[K/home/nicola/Desktop/Progetto_Sapore/src/nodes/src/test_reach.cpp:840:21:[m[K [01;31m[Kerror: [m[Ktemplate argument 1 is invalid
  840 |                     [01;31m[KRCLCPP_ERROR[m[K(this->get_logger(),
      |                     [01;31m[K^~~~~~~~~~~~[m[K
[01m[K/home/nicola/Desktop/Progetto_Sapore/src/nodes/src/test_reach.cpp:840:21:[m[K [01;31m[Kerror: [m[Ktemplate argument 1 is invalid
  840 |                     [01;31m[KRCLCPP_ERROR[m[K(this->get_logger(),
      |                     [01;31m[K^~~~~~~~~~~~[m[K
[01m[K/home/nicola/Desktop/Progetto_Sapore/src/nodes/src/test_reach.cpp:840:21:[m[K [01;31m[Kerror: [m[Ktemplate argument 1 is invalid
  840 |                     [01;31m[KRCLCPP_ERROR[m[K(this->get_logger(),
      |                     [01;31m[K^~~~~~~~~~~~[m[K
[01m[K/home/nicola/Desktop/Progetto_Sapore/src/nodes/src/test_reach.cpp:840:34:[m[K [01;31m[Kerror: [m[Kinvalid use of â€˜[01m[Kthis[m[Kâ€™ in non-member function
  840 |                     RCLCPP_ERROR([01;31m[Kthis[m[K->get_logger(),
      |                                  [01;31m[K^~~~[m[K
[01m[K/home/nicola/Desktop/Progetto_Sapore/src/nodes/src/test_reach.cpp:840:34:[m[K [01;31m[Kerror: [m[Kinvalid use of â€˜[01m[Kthis[m[Kâ€™ in non-member function
  840 |                     RCLCPP_ERROR([01;31m[Kthis[m[K->get_logger(),
      |                                  [01;31m[K^~~~[m[K
[01m[K/home/nicola/Desktop/Progetto_Sapore/src/nodes/src/test_reach.cpp:849:38:[m[K [01;31m[Kerror: [m[Kinvalid use of â€˜[01m[Kthis[m[Kâ€™ in non-member function
  849 |                         RCLCPP_ERROR([01;31m[Kthis[m[K->get_logger(),
      |                                      [01;31m[K^~~~[m[K
[01m[K/home/nicola/Desktop/Progetto_Sapore/src/nodes/src/test_reach.cpp:849:38:[m[K [01;31m[Kerror: [m[Kinvalid use of â€˜[01m[Kthis[m[Kâ€™ in non-member function
[01m[K/home/nicola/Desktop/Progetto_Sapore/src/nodes/src/test_reach.cpp:849:25:[m[K [01;31m[Kerror: [m[Ktemplate argument 1 is invalid
  849 |                         [01;31m[KRCLCPP_ERROR[m[K(this->get_logger(),
      |                         [01;31m[K^~~~~~~~~~~~[m[K
[01m[K/home/nicola/Desktop/Progetto_Sapore/src/nodes/src/test_reach.cpp:849:25:[m[K [01;31m[Kerror: [m[Ktemplate argument 1 is invalid
  849 |                         [01;31m[KRCLCPP_ERROR[m[K(this->get_logger(),
      |                         [01;31m[K^~~~~~~~~~~~[m[K
[01m[K/home/nicola/Desktop/Progetto_Sapore/src/nodes/src/test_reach.cpp:849:25:[m[K [01;31m[Kerror: [m[Ktemplate argument 1 is invalid
  849 |                         [01;31m[KRCLCPP_ERROR[m[K(this->get_logger(),
      |                         [01;31m[K^~~~~~~~~~~~[m[K
[01m[K/home/nicola/Desktop/Progetto_Sapore/src/nodes/src/test_reach.cpp:849:38:[m[K [01;31m[Kerror: [m[Kinvalid use of â€˜[01m[Kthis[m[Kâ€™ in non-member function
  849 |                         RCLCPP_ERROR([01;31m[Kthis[m[K->get_logger(),
      |                                      [01;31m[K^~~~[m[K
[01m[K/home/nicola/Desktop/Progetto_Sapore/src/nodes/src/test_reach.cpp:849:38:[m[K [01;31m[Kerror: [m[Kinvalid use of â€˜[01m[Kthis[m[Kâ€™ in non-member function
  849 |                         RCLCPP_ERROR([01;31m[Kthis[m[K->get_logger(),
      |                                      [01;31m[K^~~~[m[K
[01m[K/home/nicola/Desktop/Progetto_Sapore/src/nodes/src/test_reach.cpp:873:17:[m[K [01;31m[Kerror: [m[Kâ€˜[01m[Kdisplay_state_pub_[m[Kâ€™ was not declared in this scope
  873 |                 [01;31m[Kdisplay_state_pub_[m[K->publish(display_msg);
      |                 [01;31m[K^~~~~~~~~~~~~~~~~~[m[K
[01m[K/home/nicola/Desktop/Progetto_Sapore/src/nodes/src/test_reach.cpp:874:29:[m[K [01;31m[Kerror: [m[Kinvalid use of â€˜[01m[Kthis[m[Kâ€™ in non-member function
  874 |                 RCLCPP_WARN([01;31m[Kthis[m[K->get_logger(),
      |                             [01;31m[K^~~~[m[K
[01m[K/home/nicola/Desktop/Progetto_Sapore/src/nodes/src/test_reach.cpp:874:29:[m[K [01;31m[Kerror: [m[Kinvalid use of â€˜[01m[Kthis[m[Kâ€™ in non-member function
[01m[K/home/nicola/Desktop/Progetto_Sapore/src/nodes/src/test_reach.cpp:874:17:[m[K [01;31m[Kerror: [m[Ktemplate argument 1 is invalid
  874 |                 [01;31m[KRCLCPP_WARN[m[K(this->get_logger(),
      |                 [01;31m[K^~~~~~~~~~~[m[K
[01m[K/home/nicola/Desktop/Progetto_Sapore/src/nodes/src/test_reach.cpp:874:17:[m[K [01;31m[Kerror: [m[Ktemplate argument 1 is invalid
  874 |                 [01;31m[KRCLCPP_WARN[m[K(this->get_logger(),
      |                 [01;31m[K^~~~~~~~~~~[m[K
[01m[K/home/nicola/Desktop/Progetto_Sapore/src/nodes/src/test_reach.cpp:874:17:[m[K [01;31m[Kerror: [m[Ktemplate argument 1 is invalid
  874 |                 [01;31m[KRCLCPP_WARN[m[K(this->get_logger(),
      |                 [01;31m[K^~~~~~~~~~~[m[K
[01m[K/home/nicola/Desktop/Progetto_Sapore/src/nodes/src/test_reach.cpp:874:29:[m[K [01;31m[Kerror: [m[Kinvalid use of â€˜[01m[Kthis[m[Kâ€™ in non-member function
  874 |                 RCLCPP_WARN([01;31m[Kthis[m[K->get_logger(),
      |                             [01;31m[K^~~~[m[K
[01m[K/home/nicola/Desktop/Progetto_Sapore/src/nodes/src/test_reach.cpp:874:29:[m[K [01;31m[Kerror: [m[Kinvalid use of â€˜[01m[Kthis[m[Kâ€™ in non-member function
  874 |                 RCLCPP_WARN([01;31m[Kthis[m[K->get_logger(),
      |                             [01;31m[K^~~~[m[K
[01m[K/home/nicola/Desktop/Progetto_Sapore/src/nodes/src/test_reach.cpp:886:26:[m[K [01;31m[Kerror: [m[Kinvalid use of â€˜[01m[Kthis[m[Kâ€™ in non-member function
  886 |             RCLCPP_ERROR([01;31m[Kthis[m[K->get_logger(),
      |                          [01;31m[K^~~~[m[K
[01m[K/home/nicola/Desktop/Progetto_Sapore/src/nodes/src/test_reach.cpp:886:26:[m[K [01;31m[Kerror: [m[Kinvalid use of â€˜[01m[Kthis[m[Kâ€™ in non-member function
[01m[K/home/nicola/Desktop/Progetto_Sapore/src/nodes/src/test_reach.cpp:886:13:[m[K [01;31m[Kerror: [m[Ktemplate argument 1 is invalid
  886 |             [01;31m[KRCLCPP_ERROR[m[K(this->get_logger(),
      |             [01;31m[K^~~~~~~~~~~~[m[K
[01m[K/home/nicola/Desktop/Progetto_Sapore/src/nodes/src/test_reach.cpp:886:13:[m[K [01;31m[Kerror: [m[Ktemplate argument 1 is invalid
  886 |             [01;31m[KRCLCPP_ERROR[m[K(this->get_logger(),
      |             [01;31m[K^~~~~~~~~~~~[m[K
[01m[K/home/nicola/Desktop/Progetto_Sapore/src/nodes/src/test_reach.cpp:886:13:[m[K [01;31m[Kerror: [m[Ktemplate argument 1 is invalid
  886 |             [01;31m[KRCLCPP_ERROR[m[K(this->get_logger(),
      |             [01;31m[K^~~~~~~~~~~~[m[K
[01m[K/home/nicola/Desktop/Progetto_Sapore/src/nodes/src/test_reach.cpp:886:26:[m[K [01;31m[Kerror: [m[Kinvalid use of â€˜[01m[Kthis[m[Kâ€™ in non-member function
  886 |             RCLCPP_ERROR([01;31m[Kthis[m[K->get_logger(),
      |                          [01;31m[K^~~~[m[K
[01m[K/home/nicola/Desktop/Progetto_Sapore/src/nodes/src/test_reach.cpp:886:26:[m[K [01;31m[Kerror: [m[Kinvalid use of â€˜[01m[Kthis[m[Kâ€™ in non-member function
  886 |             RCLCPP_ERROR([01;31m[Kthis[m[K->get_logger(),
      |                          [01;31m[K^~~~[m[K
[01m[K/home/nicola/Desktop/Progetto_Sapore/src/nodes/src/test_reach.cpp:888:26:[m[K [01;31m[Kerror: [m[Kinvalid use of â€˜[01m[Kthis[m[Kâ€™ in non-member function
  888 |             RCLCPP_ERROR([01;31m[Kthis[m[K->get_logger(),
      |                          [01;31m[K^~~~[m[K
[01m[K/home/nicola/Desktop/Progetto_Sapore/src/nodes/src/test_reach.cpp:888:26:[m[K [01;31m[Kerror: [m[Kinvalid use of â€˜[01m[Kthis[m[Kâ€™ in non-member function
[01m[K/home/nicola/Desktop/Progetto_Sapore/src/nodes/src/test_reach.cpp:888:13:[m[K [01;31m[Kerror: [m[Ktemplate argument 1 is invalid
  888 |             [01;31m[KRCLCPP_ERROR[m[K(this->get_logger(),
      |             [01;31m[K^~~~~~~~~~~~[m[K
[01m[K/home/nicola/Desktop/Progetto_Sapore/src/nodes/src/test_reach.cpp:888:13:[m[K [01;31m[Kerror: [m[Ktemplate argument 1 is invalid
  888 |             [01;31m[KRCLCPP_ERROR[m[K(this->get_logger(),
      |             [01;31m[K^~~~~~~~~~~~[m[K
[01m[K/home/nicola/Desktop/Progetto_Sapore/src/nodes/src/test_reach.cpp:888:13:[m[K [01;31m[Kerror: [m[Ktemplate argument 1 is invalid
  888 |             [01;31m[KRCLCPP_ERROR[m[K(this->get_logger(),
      |             [01;31m[K^~~~~~~~~~~~[m[K
[01m[K/home/nicola/Desktop/Progetto_Sapore/src/nodes/src/test_reach.cpp:888:26:[m[K [01;31m[Kerror: [m[Kinvalid use of â€˜[01m[Kthis[m[Kâ€™ in non-member function
  888 |             RCLCPP_ERROR([01;31m[Kthis[m[K->get_logger(),
      |                          [01;31m[K^~~~[m[K
[01m[K/home/nicola/Desktop/Progetto_Sapore/src/nodes/src/test_reach.cpp:888:26:[m[K [01;31m[Kerror: [m[Kinvalid use of â€˜[01m[Kthis[m[Kâ€™ in non-member function
  888 |             RCLCPP_ERROR([01;31m[Kthis[m[K->get_logger(),
      |                          [01;31m[K^~~~[m[K
[01m[K/home/nicola/Desktop/Progetto_Sapore/src/nodes/src/test_reach.cpp:893:26:[m[K [01;31m[Kerror: [m[Kinvalid use of â€˜[01m[Kthis[m[Kâ€™ in non-member function
  893 |             RCLCPP_ERROR([01;31m[Kthis[m[K->get_logger(), "   Waypoints in collisione:");
      |                          [01;31m[K^~~~[m[K
[01m[K/home/nicola/Desktop/Progetto_Sapore/src/nodes/src/test_reach.cpp:893:26:[m[K [01;31m[Kerror: [m[Kinvalid use of â€˜[01m[Kthis[m[Kâ€™ in non-member function
[01m[K/home/nicola/Desktop/Progetto_Sapore/src/nodes/src/test_reach.cpp:893:13:[m[K [01;31m[Kerror: [m[Ktemplate argument 1 is invalid
  893 |             [01;31m[KRCLCPP_ERROR[m[K(this->get_logger(), "   Waypoints in collisione:");
      |             [01;31m[K^~~~~~~~~~~~[m[K
[01m[K/home/nicola/Desktop/Progetto_Sapore/src/nodes/src/test_reach.cpp:893:13:[m[K [01;31m[Kerror: [m[Ktemplate argument 1 is invalid
  893 |             [01;31m[KRCLCPP_ERROR[m[K(this->get_logger(), "   Waypoints in collisione:");
      |             [01;31m[K^~~~~~~~~~~~[m[K
[01m[K/home/nicola/Desktop/Progetto_Sapore/src/nodes/src/test_reach.cpp:893:13:[m[K [01;31m[Kerror: [m[Ktemplate argument 1 is invalid
  893 |             [01;31m[KRCLCPP_ERROR[m[K(this->get_logger(), "   Waypoints in collisione:");
      |             [01;31m[K^~~~~~~~~~~~[m[K
[01m[K/home/nicola/Desktop/Progetto_Sapore/src/nodes/src/test_reach.cpp:893:26:[m[K [01;31m[Kerror: [m[Kinvalid use of â€˜[01m[Kthis[m[Kâ€™ in non-member function
  893 |             RCLCPP_ERROR([01;31m[Kthis[m[K->get_logger(), "   Waypoints in collisione:");
      |                          [01;31m[K^~~~[m[K
[01m[K/home/nicola/Desktop/Progetto_Sapore/src/nodes/src/test_reach.cpp:893:26:[m[K [01;31m[Kerror: [m[Kinvalid use of â€˜[01m[Kthis[m[Kâ€™ in non-member function
  893 |             RCLCPP_ERROR([01;31m[Kthis[m[K->get_logger(), "   Waypoints in collisione:");
      |                          [01;31m[K^~~~[m[K
[01m[K/home/nicola/Desktop/Progetto_Sapore/src/nodes/src/test_reach.cpp:895:30:[m[K [01;31m[Kerror: [m[Kinvalid use of â€˜[01m[Kthis[m[Kâ€™ in non-member function
  895 |                 RCLCPP_ERROR([01;31m[Kthis[m[K->get_logger(), "      - Waypoint %zu", idx);
      |                              [01;31m[K^~~~[m[K
[01m[K/home/nicola/Desktop/Progetto_Sapore/src/nodes/src/test_reach.cpp:895:30:[m[K [01;31m[Kerror: [m[Kinvalid use of â€˜[01m[Kthis[m[Kâ€™ in non-member function
[01m[K/home/nicola/Desktop/Progetto_Sapore/src/nodes/src/test_reach.cpp:895:17:[m[K [01;31m[Kerror: [m[Ktemplate argument 1 is invalid
  895 |                 [01;31m[KRCLCPP_ERROR[m[K(this->get_logger(), "      - Waypoint %zu", idx);
      |                 [01;31m[K^~~~~~~~~~~~[m[K
[01m[K/home/nicola/Desktop/Progetto_Sapore/src/nodes/src/test_reach.cpp:895:17:[m[K [01;31m[Kerror: [m[Ktemplate argument 1 is invalid
  895 |                 [01;31m[KRCLCPP_ERROR[m[K(this->get_logger(), "      - Waypoint %zu", idx);
      |                 [01;31m[K^~~~~~~~~~~~[m[K
[01m[K/home/nicola/Desktop/Progetto_Sapore/src/nodes/src/test_reach.cpp:895:17:[m[K [01;31m[Kerror: [m[Ktemplate argument 1 is invalid
  895 |                 [01;31m[KRCLCPP_ERROR[m[K(this->get_logger(), "      - Waypoint %zu", idx);
      |                 [01;31m[K^~~~~~~~~~~~[m[K
[01m[K/home/nicola/Desktop/Progetto_Sapore/src/nodes/src/test_reach.cpp:895:30:[m[K [01;31m[Kerror: [m[Kinvalid use of â€˜[01m[Kthis[m[Kâ€™ in non-member function
  895 |                 RCLCPP_ERROR([01;31m[Kthis[m[K->get_logger(), "      - Waypoint %zu", idx);
      |                              [01;31m[K^~~~[m[K
[01m[K/home/nicola/Desktop/Progetto_Sapore/src/nodes/src/test_reach.cpp:895:30:[m[K [01;31m[Kerror: [m[Kinvalid use of â€˜[01m[Kthis[m[Kâ€™ in non-member function
  895 |                 RCLCPP_ERROR([01;31m[Kthis[m[K->get_logger(), "      - Waypoint %zu", idx);
      |                              [01;31m[K^~~~[m[K
[01m[K/home/nicola/Desktop/Progetto_Sapore/src/nodes/src/test_reach.cpp:898:25:[m[K [01;31m[Kerror: [m[Kinvalid use of â€˜[01m[Kthis[m[Kâ€™ in non-member function
  898 |             RCLCPP_INFO([01;31m[Kthis[m[K->get_logger(), "âœ… Nessuna collisione trovata nella traiettoria!");
      |                         [01;31m[K^~~~[m[K
[01m[K/home/nicola/Desktop/Progetto_Sapore/src/nodes/src/test_reach.cpp:898:25:[m[K [01;31m[Kerror: [m[Kinvalid use of â€˜[01m[Kthis[m[Kâ€™ in non-member function
[01m[K/home/nicola/Desktop/Progetto_Sapore/src/nodes/src/test_reach.cpp:898:13:[m[K [01;31m[Kerror: [m[Ktemplate argument 1 is invalid
  898 |             [01;31m[KRCLCPP_INFO[m[K(this->get_logger(), "âœ… Nessuna collisione trovata nella traiettoria!");
      |             [01;31m[K^~~~~~~~~~~[m[K
[01m[K/home/nicola/Desktop/Progetto_Sapore/src/nodes/src/test_reach.cpp:898:13:[m[K [01;31m[Kerror: [m[Ktemplate argument 1 is invalid
  898 |             [01;31m[KRCLCPP_INFO[m[K(this->get_logger(), "âœ… Nessuna collisione trovata nella traiettoria!");
      |             [01;31m[K^~~~~~~~~~~[m[K
[01m[K/home/nicola/Desktop/Progetto_Sapore/src/nodes/src/test_reach.cpp:898:13:[m[K [01;31m[Kerror: [m[Ktemplate argument 1 is invalid
  898 |             [01;31m[KRCLCPP_INFO[m[K(this->get_logger(), "âœ… Nessuna collisione trovata nella traiettoria!");
      |             [01;31m[K^~~~~~~~~~~[m[K
[01m[K/home/nicola/Desktop/Progetto_Sapore/src/nodes/src/test_reach.cpp:898:25:[m[K [01;31m[Kerror: [m[Kinvalid use of â€˜[01m[Kthis[m[Kâ€™ in non-member function
  898 |             RCLCPP_INFO([01;31m[Kthis[m[K->get_logger(), "âœ… Nessuna collisione trovata nella traiettoria!");
      |                         [01;31m[K^~~~[m[K
[01m[K/home/nicola/Desktop/Progetto_Sapore/src/nodes/src/test_reach.cpp:898:25:[m[K [01;31m[Kerror: [m[Kinvalid use of â€˜[01m[Kthis[m[Kâ€™ in non-member function
  898 |             RCLCPP_INFO([01;31m[Kthis[m[K->get_logger(), "âœ… Nessuna collisione trovata nella traiettoria!");
      |                         [01;31m[K^~~~[m[K
[01m[K/home/nicola/Desktop/Progetto_Sapore/src/nodes/src/test_reach.cpp:786:21:[m[K [01;35m[Kwarning: [m[Kunused variable â€˜[01m[Kjmg[m[Kâ€™ [[01;35m[K]8;;https://gcc.gnu.org/onlinedocs/gcc/Warning-Options.html#index-Wunused-variable-Wunused-variable]8;;[m[K]
  786 |         const auto* [01;35m[Kjmg[m[K = state.getJointModelGroup(group_name);
      |                     [01;35m[K^~~[m[K
[01m[K/home/nicola/Desktop/Progetto_Sapore/src/nodes/src/test_reach.cpp:[m[K In function â€˜[01m[Kint[01;32m[K testReachability[m[K(const geometry_msgs::msg::PoseStamped&, const std::string&)[m[Kâ€™:
[01m[K/home/nicola/Desktop/Progetto_Sapore/src/nodes/src/test_reach.cpp:1008:42:[m[K [01;31m[Kerror: [m[Kâ€˜[01m[Kpsm[m[Kâ€™ was not declared in this scope
 1008 | moveit::core::RobotState current_state = [01;31m[Kpsm[m[K->getPlanningScene()->getCurrentState();
      |                                          [01;31m[K^~~[m[K
[01m[K/home/nicola/Desktop/Progetto_Sapore/src/nodes/src/test_reach.cpp:1029:44:[m[K [01;31m[Kerror: [m[Kâ€˜[01m[Ktcp_link_[m[Kâ€™ was not declared in this scope
 1029 |             req->ik_request.ik_link_name = [01;31m[Ktcp_link_[m[K;//left_tcp,right_tcp(group Ã¨ left_ o right_)
      |                                            [01;31m[K^~~~~~~~~[m[K
[01m[K/home/nicola/Desktop/Progetto_Sapore/src/nodes/src/test_reach.cpp:1033:27:[m[K [01;31m[Kerror: [m[Kâ€˜[01m[Kclient_[m[Kâ€™ was not declared in this scope
 1033 |             auto future = [01;31m[Kclient_[m[K->async_send_request(req);
      |                           [01;31m[K^~~~~~~[m[K
[01m[K/home/nicola/Desktop/Progetto_Sapore/src/nodes/src/test_reach.cpp:1034:52:[m[K [01;31m[Kerror: [m[Kinvalid use of â€˜[01m[Kthis[m[Kâ€™ in non-member function
 1034 |             if (rclcpp::spin_until_future_complete([01;31m[Kthis[m[K->get_node_base_interface(), future) !=
      |                                                    [01;31m[K^~~~[m[K
[01m[K/home/nicola/Desktop/Progetto_Sapore/src/nodes/src/test_reach.cpp:1037:29:[m[K [01;31m[Kerror: [m[Kinvalid use of â€˜[01m[Kthis[m[Kâ€™ in non-member function
 1037 |                 RCLCPP_WARN([01;31m[Kthis[m[K->get_logger(), "Timeout per richiesta IK.");
      |                             [01;31m[K^~~~[m[K
[01m[K/home/nicola/Desktop/Progetto_Sapore/src/nodes/src/test_reach.cpp:1037:29:[m[K [01;31m[Kerror: [m[Kinvalid use of â€˜[01m[Kthis[m[Kâ€™ in non-member function
[01m[K/home/nicola/Desktop/Progetto_Sapore/src/nodes/src/test_reach.cpp:1037:17:[m[K [01;31m[Kerror: [m[Ktemplate argument 1 is invalid
 1037 |                 [01;31m[KRCLCPP_WARN[m[K(this->get_logger(), "Timeout per richiesta IK.");
      |                 [01;31m[K^~~~~~~~~~~[m[K
[01m[K/home/nicola/Desktop/Progetto_Sapore/src/nodes/src/test_reach.cpp:1037:17:[m[K [01;31m[Kerror: [m[Ktemplate argument 1 is invalid
 1037 |                 [01;31m[KRCLCPP_WARN[m[K(this->get_logger(), "Timeout per richiesta IK.");
      |                 [01;31m[K^~~~~~~~~~~[m[K
[01m[K/home/nicola/Desktop/Progetto_Sapore/src/nodes/src/test_reach.cpp:1037:17:[m[K [01;31m[Kerror: [m[Ktemplate argument 1 is invalid
 1037 |                 [01;31m[KRCLCPP_WARN[m[K(this->get_logger(), "Timeout per richiesta IK.");
      |                 [01;31m[K^~~~~~~~~~~[m[K
[01m[K/home/nicola/Desktop/Progetto_Sapore/src/nodes/src/test_reach.cpp:1037:29:[m[K [01;31m[Kerror: [m[Kinvalid use of â€˜[01m[Kthis[m[Kâ€™ in non-member function
 1037 |                 RCLCPP_WARN([01;31m[Kthis[m[K->get_logger(), "Timeout per richiesta IK.");
      |                             [01;31m[K^~~~[m[K
[01m[K/home/nicola/Desktop/Progetto_Sapore/src/nodes/src/test_reach.cpp:1037:29:[m[K [01;31m[Kerror: [m[Kinvalid use of â€˜[01m[Kthis[m[Kâ€™ in non-member function
 1037 |                 RCLCPP_WARN([01;31m[Kthis[m[K->get_logger(), "Timeout per richiesta IK.");
      |                             [01;31m[K^~~~[m[K
[01m[K/home/nicola/Desktop/Progetto_Sapore/src/nodes/src/test_reach.cpp:1042:25:[m[K [01;31m[Kerror: [m[Kinvalid use of â€˜[01m[Kthis[m[Kâ€™ in non-member function
 1042 |             RCLCPP_INFO([01;31m[Kthis[m[K->get_logger(), "Per nodo: (%s) IK response code = %d",this->get_name(), response->error_code.val);
      |                         [01;31m[K^~~~[m[K
[01m[K/home/nicola/Desktop/Progetto_Sapore/src/nodes/src/test_reach.cpp:1042:25:[m[K [01;31m[Kerror: [m[Kinvalid use of â€˜[01m[Kthis[m[Kâ€™ in non-member function
[01m[K/home/nicola/Desktop/Progetto_Sapore/src/nodes/src/test_reach.cpp:1042:13:[m[K [01;31m[Kerror: [m[Ktemplate argument 1 is invalid
 1042 |             [01;31m[KRCLCPP_INFO[m[K(this->get_logger(), "Per nodo: (%s) IK response code = %d",this->get_name(), response->error_code.val);
      |             [01;31m[K^~~~~~~~~~~[m[K
[01m[K/home/nicola/Desktop/Progetto_Sapore/src/nodes/src/test_reach.cpp:1042:13:[m[K [01;31m[Kerror: [m[Ktemplate argument 1 is invalid
 1042 |             [01;31m[KRCLCPP_INFO[m[K(this->get_logger(), "Per nodo: (%s) IK response code = %d",this->get_name(), response->error_code.val);
      |             [01;31m[K^~~~~~~~~~~[m[K
[01m[K/home/nicola/Desktop/Progetto_Sapore/src/nodes/src/test_reach.cpp:1042:13:[m[K [01;31m[Kerror: [m[Ktemplate argument 1 is invalid
 1042 |             [01;31m[KRCLCPP_INFO[m[K(this->get_logger(), "Per nodo: (%s) IK response code = %d",this->get_name(), response->error_code.val);
      |             [01;31m[K^~~~~~~~~~~[m[K
[01m[K/home/nicola/Desktop/Progetto_Sapore/src/nodes/src/test_reach.cpp:1042:25:[m[K [01;31m[Kerror: [m[Kinvalid use of â€˜[01m[Kthis[m[Kâ€™ in non-member function
 1042 |             RCLCPP_INFO([01;31m[Kthis[m[K->get_logger(), "Per nodo: (%s) IK response code = %d",this->get_name(), response->error_code.val);
      |                         [01;31m[K^~~~[m[K
[01m[K/home/nicola/Desktop/Progetto_Sapore/src/nodes/src/test_reach.cpp:1042:25:[m[K [01;31m[Kerror: [m[Kinvalid use of â€˜[01m[Kthis[m[Kâ€™ in non-member function
 1042 |             RCLCPP_INFO([01;31m[Kthis[m[K->get_logger(), "Per nodo: (%s) IK response code = %d",this->get_name(), response->error_code.val);
      |                         [01;31m[K^~~~[m[K
[01m[K/home/nicola/Desktop/Progetto_Sapore/src/nodes/src/test_reach.cpp:1042:84:[m[K [01;31m[Kerror: [m[Kinvalid use of â€˜[01m[Kthis[m[Kâ€™ in non-member function
 1042 |             RCLCPP_INFO(this->get_logger(), "Per nodo: (%s) IK response code = %d",[01;31m[Kthis[m[K->get_name(), response->error_code.val);
      |                                                                                    [01;31m[K^~~~[m[K
[01m[K/home/nicola/Desktop/Progetto_Sapore/src/nodes/src/test_reach.cpp:1045:35:[m[K [01;31m[Kerror: [m[Kâ€˜[01m[KCheckLinkCollision[m[Kâ€™ was not declared in this scope
 1045 |             bool have_candidate = [01;31m[KCheckLinkCollision[m[K(reachable, pose);//se ho una collisione ritorna true
      |                                   [01;31m[K^~~~~~~~~~~~~~~~~~[m[K
[01m[K/home/nicola/Desktop/Progetto_Sapore/src/nodes/src/test_reach.cpp:1048:13:[m[K [01;31m[Kerror: [m[Kâ€˜[01m[Kdisplay_state_pub_[m[Kâ€™ was not declared in this scope
 1048 |             [01;31m[Kdisplay_state_pub_[m[K->publish(display_msg);
      |             [01;31m[K^~~~~~~~~~~~~~~~~~[m[K
[01m[K/home/nicola/Desktop/Progetto_Sapore/src/nodes/src/test_reach.cpp:1003:14:[m[K [01;35m[Kwarning: [m[Kunused variable â€˜[01m[Kall_orientations_reachable[m[Kâ€™ [[01;35m[K]8;;https://gcc.gnu.org/onlinedocs/gcc/Warning-Options.html#index-Wunused-variable-Wunused-variable]8;;[m[K]
 1003 |         bool [01;35m[Kall_orientations_reachable[m[K = true;
      |              [01;35m[K^~~~~~~~~~~~~~~~~~~~~~~~~~[m[K
[01m[K/home/nicola/Desktop/Progetto_Sapore/src/nodes/src/test_reach.cpp:[m[K In function â€˜[01m[Kvoid[01;32m[K InsertMarker[m[K(const geometry_msgs::msg::PoseStamped&, int)[m[Kâ€™:
[01m[K/home/nicola/Desktop/Progetto_Sapore/src/nodes/src/test_reach.cpp:1067:31:[m[K [01;31m[Kerror: [m[Kinvalid use of â€˜[01m[Kthis[m[Kâ€™ in non-member function
 1067 |         marker.header.stamp = [01;31m[Kthis[m[K->now();
      |                               [01;31m[K^~~~[m[K
[01m[K/home/nicola/Desktop/Progetto_Sapore/src/nodes/src/test_reach.cpp:1068:21:[m[K [01;31m[Kerror: [m[Kâ€˜[01m[Kid[m[Kâ€™ was not declared in this scope
 1068 |         marker.id = [01;31m[Kid[m[K++;
      |                     [01;31m[K^~[m[K
[01m[K/home/nicola/Desktop/Progetto_Sapore/src/nodes/src/test_reach.cpp:1102:21:[m[K [01;31m[Kerror: [m[Kinvalid use of â€˜[01m[Kthis[m[Kâ€™ in non-member function
 1102 |         marker.ns = [01;31m[Kthis[m[K->get_name();
      |                     [01;31m[K^~~~[m[K
[01m[K/home/nicola/Desktop/Progetto_Sapore/src/nodes/src/test_reach.cpp:1104:9:[m[K [01;31m[Kerror: [m[Kâ€˜[01m[Kmarker_pub_[m[Kâ€™ was not declared in this scope
 1104 |         [01;31m[Kmarker_pub_[m[K->publish(markers);
      |         [01;31m[K^~~~~~~~~~~[m[K
[01m[K/home/nicola/Desktop/Progetto_Sapore/src/nodes/src/test_reach.cpp:1105:21:[m[K [01;31m[Kerror: [m[Kinvalid use of â€˜[01m[Kthis[m[Kâ€™ in non-member function
 1105 |         RCLCPP_INFO([01;31m[Kthis[m[K->get_logger(), "Pubblicato marker (info=%d) su RViz.", info);
      |                     [01;31m[K^~~~[m[K
[01m[K/home/nicola/Desktop/Progetto_Sapore/src/nodes/src/test_reach.cpp:1105:21:[m[K [01;31m[Kerror: [m[Kinvalid use of â€˜[01m[Kthis[m[Kâ€™ in non-member function
[01m[K/home/nicola/Desktop/Progetto_Sapore/src/nodes/src/test_reach.cpp:1105:9:[m[K [01;31m[Kerror: [m[Ktemplate argument 1 is invalid
 1105 |         [01;31m[KRCLCPP_INFO[m[K(this->get_logger(), "Pubblicato marker (info=%d) su RViz.", info);
      |         [01;31m[K^~~~~~~~~~~[m[K
[01m[K/home/nicola/Desktop/Progetto_Sapore/src/nodes/src/test_reach.cpp:1105:9:[m[K [01;31m[Kerror: [m[Ktemplate argument 1 is invalid
 1105 |         [01;31m[KRCLCPP_INFO[m[K(this->get_logger(), "Pubblicato marker (info=%d) su RViz.", info);
      |         [01;31m[K^~~~~~~~~~~[m[K
[01m[K/home/nicola/Desktop/Progetto_Sapore/src/nodes/src/test_reach.cpp:1105:9:[m[K [01;31m[Kerror: [m[Ktemplate argument 1 is invalid
 1105 |         [01;31m[KRCLCPP_INFO[m[K(this->get_logger(), "Pubblicato marker (info=%d) su RViz.", info);
      |         [01;31m[K^~~~~~~~~~~[m[K
[01m[K/home/nicola/Desktop/Progetto_Sapore/src/nodes/src/test_reach.cpp:1105:21:[m[K [01;31m[Kerror: [m[Kinvalid use of â€˜[01m[Kthis[m[Kâ€™ in non-member function
 1105 |         RCLCPP_INFO([01;31m[Kthis[m[K->get_logger(), "Pubblicato marker (info=%d) su RViz.", info);
      |                     [01;31m[K^~~~[m[K
[01m[K/home/nicola/Desktop/Progetto_Sapore/src/nodes/src/test_reach.cpp:1105:21:[m[K [01;31m[Kerror: [m[Kinvalid use of â€˜[01m[Kthis[m[Kâ€™ in non-member function
 1105 |         RCLCPP_INFO([01;31m[Kthis[m[K->get_logger(), "Pubblicato marker (info=%d) su RViz.", info);
      |                     [01;31m[K^~~~[m[K
[01m[K/home/nicola/Desktop/Progetto_Sapore/src/nodes/src/test_reach.cpp:[m[K At global scope:
[01m[K/home/nicola/Desktop/Progetto_Sapore/src/nodes/src/test_reach.cpp:1113:38:[m[K [01;31m[Kerror: [m[Kâ€˜[01m[Kplanning_scene::PlanningScenePtr planning_scene[m[Kâ€™ redeclared as different kind of entity
 1113 |     planning_scene::PlanningScenePtr [01;31m[Kplanning_scene[m[K;
      |                                      [01;31m[K^~~~~~~~~~~~~~[m[K
In file included from [01m[K/opt/ros/jazzy/include/moveit_ros_planning/moveit/planning_scene_monitor/planning_scene_monitor.hpp:43[m[K,
                 from [01m[K/opt/ros/jazzy/include/moveit_ros_planning/moveit/planning_scene_monitor/planning_scene_monitor.h:51[m[K:
[01m[K/opt/ros/jazzy/include/moveit_core/moveit/planning_scene/planning_scene.hpp:65:11:[m[K [01;36m[Knote: [m[Kprevious declaration â€˜[01m[Knamespace planning_scene { }[m[Kâ€™
   65 | namespace [01;36m[Kplanning_scene[m[K
      |           [01;36m[K^~~~~~~~~~~~~~[m[K
[01m[K/home/nicola/Desktop/Progetto_Sapore/src/nodes/src/test_reach.cpp:1130:1:[m[K [01;31m[Kerror: [m[Kexpected declaration before â€˜[01m[K}[m[Kâ€™ token
 1130 | [01;31m[K}[m[K;
      | [01;31m[K^[m[K
gmake[2]: *** [CMakeFiles/Reach.dir/build.make:76: CMakeFiles/Reach.dir/src/test_reach.cpp.o] Error 1
gmake[1]: *** [CMakeFiles/Makefile2:147: CMakeFiles/Reach.dir/all] Error 2
gmake: *** [Makefile:146: all] Error 2
