In file included from [01m[K/home/nicola/Desktop/Progetto_Sapore/src/nodes/src/Reachability_interactive.cpp:9[m[K:
[01m[K/opt/ros/jazzy/include/moveit_ros_planning/moveit/planning_scene_monitor/planning_scene_monitor.h:50:77:[m[K [01;36m[Knote: [m[Kâ€˜[01m[K#pragma message: .h header is obsolete. Please use the .hpp header instead.[m[Kâ€™
   50 | #pragma message(".h header is obsolete. Please use the .hpp header instead."[01;36m[K)[m[K
      |                                                                             [01;36m[K^[m[K
[01m[K/home/nicola/Desktop/Progetto_Sapore/src/nodes/src/Reachability_interactive.cpp:[m[K In member function â€˜[01m[Kvoid ReachabilityIKNode::[01;32m[KtestReachability[m[K(const geometry_msgs::msg::PoseStamped&, const std::string&)[m[Kâ€™:
[01m[K/home/nicola/Desktop/Progetto_Sapore/src/nodes/src/Reachability_interactive.cpp:213:44:[m[K [01;31m[Kerror: [m[Kâ€˜[01m[Ktcp_link[m[Kâ€™ was not declared in this scope; did you mean â€˜[01m[Ktcp_link_[m[Kâ€™?
  213 |             req->ik_request.ik_link_name = [01;31m[Ktcp_link[m[K;//left_tcp,right_tcp(group Ã¨ left_ o right_)
      |                                            [01;31m[K^~~~~~~~[m[K
      |                                            [32m[Ktcp_link_[m[K
[01m[K/home/nicola/Desktop/Progetto_Sapore/src/nodes/src/Reachability_interactive.cpp:222:17:[m[K [01;31m[Kerror: [m[Kcontinue statement not within a loop
  222 |                 [01;31m[Kcontinue[m[K;
      |                 [01;31m[K^~~~~~~~[m[K
gmake[2]: *** [CMakeFiles/Reac_marker.dir/build.make:76: CMakeFiles/Reac_marker.dir/src/Reachability_interactive.cpp.o] Error 1
gmake[1]: *** [CMakeFiles/Makefile2:249: CMakeFiles/Reac_marker.dir/all] Error 2
gmake: *** [Makefile:146: all] Error 2
