[ 20%] Built target interactive_reach
[ 40%] Built target Raggiungibilita
[ 60%] Built target test_reach
[ 80%] Built target Reach
[ 90%] [32mBuilding CXX object CMakeFiles/Reac_marker.dir/src/Reachability_interactive.cpp.o[0m
In file included from [01m[K/home/nicola/Desktop/Progetto_Sapore/src/nodes/src/Reachability_interactive.cpp:9[m[K:
[01m[K/opt/ros/jazzy/include/moveit_ros_planning/moveit/planning_scene_monitor/planning_scene_monitor.h:50:77:[m[K [01;36m[Knote: [m[Kâ€˜[01m[K#pragma message: .h header is obsolete. Please use the .hpp header instead.[m[Kâ€™
   50 | #pragma message(".h header is obsolete. Please use the .hpp header instead."[01;36m[K)[m[K
      |                                                                             [01;36m[K^[m[K
[01m[K/home/nicola/Desktop/Progetto_Sapore/src/nodes/src/Reachability_interactive.cpp:[m[K In member function â€˜[01m[Kvoid ReachabilityIKNode::[01;32m[KtestReachability[m[K(const geometry_msgs::msg::PoseStamped&, const std::string&)[m[Kâ€™:
[01m[K/home/nicola/Desktop/Progetto_Sapore/src/nodes/src/Reachability_interactive.cpp:232:18:[m[K [01;31m[Kerror: [m[Kâ€˜[01m[Ki[m[Kâ€™ was not declared in this scope; did you mean â€˜[01m[Kid[m[Kâ€™?
  232 |             for ([01;31m[Ki[m[K=0, i<=response->solution.joint_state.position.size(), i++)
      |                  [01;31m[K^[m[K
      |                  [32m[Kid[m[K
[01m[K/home/nicola/Desktop/Progetto_Sapore/src/nodes/src/Reachability_interactive.cpp:237:76:[m[K [01;31m[Kerror: [m[Kcould not convert â€˜[01m[KJoint_states[m[Kâ€™ from â€˜[01m[Ksensor_msgs::msg::JointState[m[Kâ€™ {aka â€˜[01m[Ksensor_msgs::msg::JointState_<std::allocator<void> >[m[Kâ€™} to â€˜[01m[Kbool[m[Kâ€™
  237 |             sensor_msgs::msg::JointState Joint_states = response->solution.[01;31m[Kjoint_state[m[K;
      |                                                                            [01;31m[K^~~~~~~~~~~[m[K
      |                                                                            [01;31m[K|[m[K
      |                                                                            [01;31m[Ksensor_msgs::msg::JointState {aka sensor_msgs::msg::JointState_<std::allocator<void> >}[m[K
[01m[K/home/nicola/Desktop/Progetto_Sapore/src/nodes/src/Reachability_interactive.cpp:238:42:[m[K [01;31m[Kerror: [m[Kexpected primary-expression before â€˜[01m[Kcandidate_js[m[Kâ€™
  238 |             sensor_msgs::msg::JointState [01;31m[Kcandidate_js[m[K;//viene utilizzata caso in cui compute_ik non riesca a trovare una soluzione evitando un eventuale collisione,
      |                                          [01;31m[K^~~~~~~~~~~~[m[K
[01m[K/home/nicola/Desktop/Progetto_Sapore/src/nodes/src/Reachability_interactive.cpp:238:42:[m[K [01;31m[Kerror: [m[Kexpected â€˜[01m[K)[m[Kâ€™ before â€˜[01m[Kcandidate_js[m[Kâ€™
[01m[K/home/nicola/Desktop/Progetto_Sapore/src/nodes/src/Reachability_interactive.cpp:232:17:[m[K [01;36m[Knote: [m[Kto match this â€˜[01m[K([m[Kâ€™
  232 |             for [01;36m[K([m[Ki=0, i<=response->solution.joint_state.position.size(), i++)
      |                 [01;36m[K^[m[K
[01m[K/home/nicola/Desktop/Progetto_Sapore/src/nodes/src/Reachability_interactive.cpp:238:42:[m[K [01;31m[Kerror: [m[Kâ€˜[01m[Kcandidate_js[m[Kâ€™ was not declared in this scope
  238 |             sensor_msgs::msg::JointState [01;31m[Kcandidate_js[m[K;//viene utilizzata caso in cui compute_ik non riesca a trovare una soluzione evitando un eventuale collisione,
      |                                          [01;31m[K^~~~~~~~~~~~[m[K
[01m[K/home/nicola/Desktop/Progetto_Sapore/src/nodes/src/Reachability_interactive.cpp:259:44:[m[K [01;31m[Kerror: [m[Kâ€˜[01m[Kcandidate_js[m[Kâ€™ was not declared in this scope
  259 |                         joint_model_group, [01;31m[Kcandidate_js[m[K.position);
      |                                            [01;31m[K^~~~~~~~~~~~[m[K
[01m[K/home/nicola/Desktop/Progetto_Sapore/src/nodes/src/Reachability_interactive.cpp:282:52:[m[K [01;31m[Kerror: [m[Kâ€˜[01m[Kcandidate_js[m[Kâ€™ was not declared in this scope
  282 |                 current_state.setVariablePositions([01;31m[Kcandidate_js[m[K.name, candidate_js.position);
      |                                                    [01;31m[K^~~~~~~~~~~~[m[K
[01m[K/home/nicola/Desktop/Progetto_Sapore/src/nodes/src/Reachability_interactive.cpp:383:49:[m[K [01;31m[Kerror: [m[Kâ€˜[01m[KJoint_states[m[Kâ€™ was not declared in this scope
  383 |                 display_msg.state.joint_state = [01;31m[KJoint_states[m[K; // Usa i joint_state che hai trovato
      |                                                 [01;31m[K^~~~~~~~~~~~[m[K
gmake[2]: *** [CMakeFiles/Reac_marker.dir/build.make:76: CMakeFiles/Reac_marker.dir/src/Reachability_interactive.cpp.o] Error 1
gmake[1]: *** [CMakeFiles/Makefile2:249: CMakeFiles/Reac_marker.dir/all] Error 2
gmake: *** [Makefile:146: all] Error 2
