-- Found ament_cmake: 2.5.4 (/opt/ros/jazzy/share/ament_cmake/cmake)
-- Found rclcpp: 28.1.9 (/opt/ros/jazzy/share/rclcpp/cmake)
-- Found rosidl_generator_c: 4.6.5 (/opt/ros/jazzy/share/rosidl_generator_c/cmake)
-- Found rosidl_generator_cpp: 4.6.5 (/opt/ros/jazzy/share/rosidl_generator_cpp/cmake)
-- Using all available rosidl_typesupport_c: rosidl_typesupport_fastrtps_c;rosidl_typesupport_introspection_c
-- Using all available rosidl_typesupport_cpp: rosidl_typesupport_fastrtps_cpp;rosidl_typesupport_introspection_cpp
-- Found rmw_implementation_cmake: 7.3.2 (/opt/ros/jazzy/share/rmw_implementation_cmake/cmake)
-- Found rmw_fastrtps_cpp: 8.4.2 (/opt/ros/jazzy/share/rmw_fastrtps_cpp/cmake)
-- Using RMW implementation 'rmw_fastrtps_cpp' as default
-- Found moveit_msgs: 2.6.0 (/opt/ros/jazzy/share/moveit_msgs/cmake)
-- Configuring done (2.2s)
-- Generating done (0.0s)
-- Build files have been written to: /home/nicola/OneDrive/Magistrale/AIRP/AIPR/ProgrammazionedeiRobot/EsercitazioneairpMio/ros_esercitazione/IIWA/build/build_scene_package
[ 50%] [32mBuilding CXX object CMakeFiles/build_scene.dir/src/build_scene.cpp.o[0m
[01m[K/home/nicola/OneDrive/Magistrale/AIRP/AIPR/ProgrammazionedeiRobot/EsercitazioneairpMio/ros_esercitazione/IIWA/src/build_scene_package/src/build_scene.cpp:190:5:[m[K [01;31m[Kerror: [m[Kredefinition of â€˜[01m[Kint[01;32m[K main[m[K(int, char**)[m[Kâ€™
  190 | int [01;31m[Kmain[m[K(int argc, char** argv)
      |     [01;31m[K^~~~[m[K
[01m[K/home/nicola/OneDrive/Magistrale/AIRP/AIPR/ProgrammazionedeiRobot/EsercitazioneairpMio/ros_esercitazione/IIWA/src/build_scene_package/src/build_scene.cpp:181:5:[m[K [01;36m[Knote: [m[Kâ€˜[01m[Kint[01;32m[K main[m[K(int, char**)[m[Kâ€™ previously defined here
  181 | int [01;36m[Kmain[m[K(int argc, char** argv)
      |     [01;36m[K^~~~[m[K
gmake[2]: *** [CMakeFiles/build_scene.dir/build.make:76: CMakeFiles/build_scene.dir/src/build_scene.cpp.o] Error 1
gmake[1]: *** [CMakeFiles/Makefile2:137: CMakeFiles/build_scene.dir/all] Error 2
gmake: *** [Makefile:146: all] Error 2
