[0.015s] Invoking command in '/home/nicola/Desktop/Progetto_Sapore/build/robot_skills': CMAKE_PREFIX_PATH=${CMAKE_PREFIX_PATH}:/opt/ros/jazzy DEBUGINFOD_URLS=https://debuginfod.ubuntu.com /usr/bin/cmake --build /home/nicola/Desktop/Progetto_Sapore/build/robot_skills -- -j8 -l8
[0.127s] [ 25%] [32mBuilding CXX object CMakeFiles/SaveYaml.dir/src/SaveYaml.cpp.o[0m
[1.049s] In file included from [01m[K/home/nicola/Desktop/Progetto_Sapore/src/robot_skills/include/SaveYaml.hpp:3[m[K,
[1.050s]                  from [01m[K/home/nicola/Desktop/Progetto_Sapore/src/robot_skills/src/SaveYaml.cpp:2[m[K:
[1.050s] [01m[K/opt/ros/jazzy/include/moveit_ros_planning_interface/moveit/move_group_interface/move_group_interface.h:51:77:[m[K [01;36m[Knote: [m[Kâ€˜[01m[K#pragma message: .h header is obsolete. Please use the .hpp header instead.[m[Kâ€™
[1.050s]    51 | a message(".h header is obsolete. Please use the .hpp header instead."[01;36m[K)[m[K
[1.050s]       |                                                                       [01;36m[K^[m[K
[1.050s] 
[5.224s] In file included from [01m[K/opt/ros/jazzy/include/moveit_core/moveit/kinematics_base/kinematics_base.hpp:42[m[K,
[5.224s]                  from [01m[K/opt/ros/jazzy/include/moveit_core/moveit/robot_model/joint_model_group.hpp:42[m[K,
[5.224s]                  from [01m[K/opt/ros/jazzy/include/moveit_core/moveit/robot_model/robot_model.hpp:45[m[K,
[5.224s]                  from [01m[K/opt/ros/jazzy/include/moveit_core/moveit/robot_state/robot_state.hpp:40[m[K,
[5.224s]                  from [01m[K/opt/ros/jazzy/include/moveit_ros_planning_interface/moveit/move_group_interface/move_group_interface.hpp:41[m[K,
[5.224s]                  from [01m[K/opt/ros/jazzy/include/moveit_ros_planning_interface/moveit/move_group_interface/move_group_interface.h:52[m[K:
[5.224s] [01m[K/home/nicola/Desktop/Progetto_Sapore/src/robot_skills/src/SaveYaml.cpp:[m[K In function â€˜[01m[Kvoid YAML::[01;32m[KsavePlanToYAML[m[K(const moveit::planning_interface::MoveGroupInterface::Plan&, const geometry_msgs::msg::PoseStamped&, const std::string&, int&, const std::string&)[m[Kâ€™:
[5.224s] [01m[K/home/nicola/Desktop/Progetto_Sapore/src/robot_skills/src/SaveYaml.cpp:28:13:[m[K [01;31m[Kerror: [m[Kstatic assertion failed: First argument to logging macros must be an rclcpp::Logger
[5.224s]    28 |             [01;31m[KRCLCPP_ERROR[m[K("âŒ Impossibile aprire file: %s", plans_output_file_.c_str());
[5.224s]       |             [01;31m[K^~~~~~~~~~~~[m[K
[5.224s] In file included from [01m[K/opt/ros/jazzy/include/rclcpp/rclcpp/logging.hpp:24[m[K:
[5.224s] [01m[K/home/nicola/Desktop/Progetto_Sapore/src/robot_skills/src/SaveYaml.cpp:28:13:[m[K [01;31m[Kerror: [m[Krequest for member â€˜[01m[Kget_name[m[Kâ€™ in â€˜[01m[K("\37777777742\37777777635\37777777614 Impossibile aprire file: %s")[m[Kâ€™, which is of non-class type â€˜[01m[Kconst char [32][m[Kâ€™
[5.225s]    28 |             [01;31m[KRCLCPP_ERROR[m[K("âŒ Impossibile aprire file: %s", plans_output_file_.c_str());
[5.225s]       |             [01;31m[K^~~~~~~~~~~~[m[K
[5.225s] [01m[K/home/nicola/Desktop/Progetto_Sapore/src/robot_skills/src/SaveYaml.cpp:28:13:[m[K [01;31m[Kerror: [m[Krequest for member â€˜[01m[Kget_name[m[Kâ€™ in â€˜[01m[K("\37777777742\37777777635\37777777614 Impossibile aprire file: %s")[m[Kâ€™, which is of non-class type â€˜[01m[Kconst char [32][m[Kâ€™
[5.225s]    28 |             [01;31m[KRCLCPP_ERROR[m[K("âŒ Impossibile aprire file: %s", plans_output_file_.c_str());
[5.225s]       |             [01;31m[K^~~~~~~~~~~~[m[K
[5.231s] [01m[K/home/nicola/Desktop/Progetto_Sapore/src/robot_skills/src/SaveYaml.cpp:95:21:[m[K [01;31m[Kerror: [m[Kinvalid use of â€˜[01m[Kthis[m[Kâ€™ in non-member function
[5.231s]    95 |         RCLCPP_INFO([01;31m[Kthis[m[K->get_logger(), "ðŸ’¾ Piano %d salvato (%zu waypoints) in %s",
[5.231s]       |                     [01;31m[K^~~~[m[K
[5.231s] [01m[K/home/nicola/Desktop/Progetto_Sapore/src/robot_skills/src/SaveYaml.cpp:95:21:[m[K [01;31m[Kerror: [m[Kinvalid use of â€˜[01m[Kthis[m[Kâ€™ in non-member function
[5.231s] [01m[K/home/nicola/Desktop/Progetto_Sapore/src/robot_skills/src/SaveYaml.cpp:95:9:[m[K [01;31m[Kerror: [m[Ktemplate argument 1 is invalid
[5.231s]    95 |         [01;31m[KRCLCPP_INFO[m[K(this->get_logger(), "ðŸ’¾ Piano %d salvato (%zu waypoints) in %s",
[5.231s]       |         [01;31m[K^~~~~~~~~~~[m[K
[5.231s] [01m[K/home/nicola/Desktop/Progetto_Sapore/src/robot_skills/src/SaveYaml.cpp:95:9:[m[K [01;31m[Kerror: [m[Ktemplate argument 1 is invalid
[5.231s]    95 |         [01;31m[KRCLCPP_INFO[m[K(this->get_logger(), "ðŸ’¾ Piano %d salvato (%zu waypoints) in %s",
[5.231s]       |         [01;31m[K^~~~~~~~~~~[m[K
[5.232s] [01m[K/home/nicola/Desktop/Progetto_Sapore/src/robot_skills/src/SaveYaml.cpp:95:9:[m[K [01;31m[Kerror: [m[Ktemplate argument 1 is invalid
[5.232s]    95 |         [01;31m[KRCLCPP_INFO[m[K(this->get_logger(), "ðŸ’¾ Piano %d salvato (%zu waypoints) in %s",
[5.232s]       |         [01;31m[K^~~~~~~~~~~[m[K
[5.232s] [01m[K/home/nicola/Desktop/Progetto_Sapore/src/robot_skills/src/SaveYaml.cpp:95:21:[m[K [01;31m[Kerror: [m[Kinvalid use of â€˜[01m[Kthis[m[Kâ€™ in non-member function
[5.232s]    95 |         RCLCPP_INFO([01;31m[Kthis[m[K->get_logger(), "ðŸ’¾ Piano %d salvato (%zu waypoints) in %s",
[5.232s]       |                     [01;31m[K^~~~[m[K
[5.232s] [01m[K/home/nicola/Desktop/Progetto_Sapore/src/robot_skills/src/SaveYaml.cpp:95:21:[m[K [01;31m[Kerror: [m[Kinvalid use of â€˜[01m[Kthis[m[Kâ€™ in non-member function
[5.232s]    95 |         RCLCPP_INFO([01;31m[Kthis[m[K->get_logger(), "ðŸ’¾ Piano %d salvato (%zu waypoints) in %s",
[5.232s]       |                     [01;31m[K^~~~[m[K
[7.374s] gmake[2]: *** [CMakeFiles/SaveYaml.dir/build.make:76: CMakeFiles/SaveYaml.dir/src/SaveYaml.cpp.o] Error 1
[7.374s] gmake[1]: *** [CMakeFiles/Makefile2:139: CMakeFiles/SaveYaml.dir/all] Error 2
[7.374s] gmake: *** [Makefile:146: all] Error 2
[7.377s] Invoked command in '/home/nicola/Desktop/Progetto_Sapore/build/robot_skills' returned '2': CMAKE_PREFIX_PATH=${CMAKE_PREFIX_PATH}:/opt/ros/jazzy DEBUGINFOD_URLS=https://debuginfod.ubuntu.com /usr/bin/cmake --build /home/nicola/Desktop/Progetto_Sapore/build/robot_skills -- -j8 -l8
