In file included from [01m[K/home/nicola/Desktop/Progetto_Sapore/src/build_scene_package/src/build_scene_simple.cpp:2[m[K:
[01m[K/opt/ros/jazzy/include/moveit_ros_planning_interface/moveit/planning_scene_interface/planning_scene_interface.h:50:77:[m[K [01;36m[Knote: [m[Kâ€˜[01m[K#pragma message: .h header is obsolete. Please use the .hpp header instead.[m[Kâ€™
   50 | #pragma message(".h header is obsolete. Please use the .hpp header instead."[01;36m[K)[m[K
      |                                                                             [01;36m[K^[m[K
[01m[K/home/nicola/Desktop/Progetto_Sapore/src/build_scene_package/src/build_scene_simple.cpp:[m[K In member function â€˜[01m[Kvoid MeshSceneNode::[01;32m[KinsertMeshObstacle[m[K(std::string, geometry_msgs::msg::Pose, std::string)[m[Kâ€™:
[01m[K/home/nicola/Desktop/Progetto_Sapore/src/build_scene_package/src/build_scene_simple.cpp:91:19:[m[K [01;31m[Kerror: [m[Kâ€˜[01m[KColorRGBA[m[Kâ€™ is not a member of â€˜[01m[Kstd_msgs[m[Kâ€™; did you mean â€˜[01m[Kstd_msgs::msg::ColorRGBA[m[Kâ€™?
   91 |         std_msgs::[01;31m[KColorRGBA[m[K color;
      |                   [01;31m[K^~~~~~~~~[m[K
In file included from [01m[K/opt/ros/jazzy/include/visualization_msgs/visualization_msgs/msg/detail/marker__struct.hpp:30[m[K,
                 from [01m[K/opt/ros/jazzy/include/visualization_msgs/visualization_msgs/msg/detail/marker_array__struct.hpp:23[m[K,
                 from [01m[K/opt/ros/jazzy/include/visualization_msgs/visualization_msgs/msg/marker_array.hpp:7[m[K,
                 from [01m[K/opt/ros/jazzy/include/moveit_core/moveit/robot_state/robot_state.hpp:44[m[K,
                 from [01m[K/opt/ros/jazzy/include/moveit_ros_planning_interface/moveit/planning_scene_interface/planning_scene_interface.hpp:40[m[K,
                 from [01m[K/opt/ros/jazzy/include/moveit_ros_planning_interface/moveit/planning_scene_interface/planning_scene_interface.h:51[m[K:
[01m[K/opt/ros/jazzy/include/std_msgs/std_msgs/msg/detail/color_rgba__struct.hpp:167:7:[m[K [01;36m[Knote: [m[Kâ€˜[01m[Kstd_msgs::msg::ColorRGBA[m[Kâ€™ declared here
  167 | using [01;36m[KColorRGBA[m[K =
      |       [01;36m[K^~~~~~~~~[m[K
[01m[K/home/nicola/Desktop/Progetto_Sapore/src/build_scene_package/src/build_scene_simple.cpp:92:9:[m[K [01;31m[Kerror: [m[Kâ€˜[01m[Kcolor[m[Kâ€™ was not declared in this scope
   92 |         [01;31m[Kcolor[m[K.r = 0.5; // Grigio
      |         [01;31m[K^~~~~[m[K
[01m[K/home/nicola/Desktop/Progetto_Sapore/src/build_scene_package/src/build_scene_simple.cpp:97:26:[m[K [01;31m[Kerror: [m[Kâ€˜[01m[Kusing moveit_msgs::msg::CollisionObject = struct moveit_msgs::msg::CollisionObject_<std::allocator<void> >[m[Kâ€™ {aka â€˜[01m[Kstruct moveit_msgs::msg::CollisionObject_<std::allocator<void> >[m[Kâ€™} has no member named â€˜[01m[Kcolors[m[Kâ€™
   97 |         collision_object.[01;31m[Kcolors[m[K.push_back(color); // Aggiungi il colore
      |                          [01;31m[K^~~~~~[m[K
gmake[2]: *** [CMakeFiles/build_scene_simple.dir/build.make:76: CMakeFiles/build_scene_simple.dir/src/build_scene_simple.cpp.o] Error 1
gmake[1]: *** [CMakeFiles/Makefile2:139: CMakeFiles/build_scene_simple.dir/all] Error 2
gmake: *** [Makefile:146: all] Error 2
