[01m[K/home/nicola/OneDrive/Magistrale/AIRP/AIPR/ProgrammazionedeiRobot/EsercitazioneairpMio/ros_esercitazione/IIWA/src/nodes/src/test_reach.cpp:22:25:[m[K [01;31m[Kerror: [m[Kusing-declaration for non-member at class scope
   22 |     using moveit::core::[01;31m[KGroupStateValidityCallbackFn[m[K;
      |                         [01;31m[K^~~~~~~~~~~~~~~~~~~~~~~~~~~~[m[K
[01m[K/home/nicola/OneDrive/Magistrale/AIRP/AIPR/ProgrammazionedeiRobot/EsercitazioneairpMio/ros_esercitazione/IIWA/src/nodes/src/test_reach.cpp:[m[K In member function â€˜[01m[Kvoid ReachabilityNodes::[01;32m[KrunReachabilityTest[m[K()[m[Kâ€™:
[01m[K/home/nicola/OneDrive/Magistrale/AIRP/AIPR/ProgrammazionedeiRobot/EsercitazioneairpMio/ros_esercitazione/IIWA/src/nodes/src/test_reach.cpp:125:25:[m[K [01;31m[Kerror: [m[Kâ€˜[01m[KGroupStateValidityCallbackFn[m[Kâ€™ was not declared in this scope; did you mean â€˜[01m[Kmoveit::core::GroupStateValidityCallbackFn[m[Kâ€™?
  125 |                         [01;31m[KGroupStateValidityCallbackFn[m[K validity_callback =
      |                         [01;31m[K^~~~~~~~~~~~~~~~~~~~~~~~~~~~[m[K
      |                         [32m[Kmoveit::core::GroupStateValidityCallbackFn[m[K
In file included from [01m[K/opt/ros/jazzy/include/moveit_ros_planning_interface/moveit/move_group_interface/move_group_interface.hpp:41[m[K,
                 from [01m[K/home/nicola/OneDrive/Magistrale/AIRP/AIPR/ProgrammazionedeiRobot/EsercitazioneairpMio/ros_esercitazione/IIWA/src/nodes/src/test_reach.cpp:6[m[K:
[01m[K/opt/ros/jazzy/include/moveit_core/moveit/robot_state/robot_state.hpp:70:5:[m[K [01;36m[Knote: [m[Kâ€˜[01m[Kmoveit::core::GroupStateValidityCallbackFn[m[Kâ€™ declared here
   70 |     [01;36m[KGroupStateValidityCallbackFn[m[K;
      |     [01;36m[K^~~~~~~~~~~~~~~~~~~~~~~~~~~~[m[K
[01m[K/home/nicola/OneDrive/Magistrale/AIRP/AIPR/ProgrammazionedeiRobot/EsercitazioneairpMio/ros_esercitazione/IIWA/src/nodes/src/test_reach.cpp:139:5:[m[K [01;31m[Kerror: [m[Kâ€˜[01m[Kvalidity_callback[m[Kâ€™ was not declared in this scope
  139 |     [01;31m[Kvalidity_callback[m[K);
      |     [01;31m[K^~~~~~~~~~~~~~~~~[m[K
gmake[2]: *** [CMakeFiles/Reach.dir/build.make:76: CMakeFiles/Reach.dir/src/test_reach.cpp.o] Error 1
gmake[1]: *** [CMakeFiles/Makefile2:249: CMakeFiles/Reach.dir/all] Error 2
gmake: *** [Makefile:146: all] Error 2
