[01m[K/home/nicola/OneDrive/Magistrale/AIRP/AIPR/ProgrammazionedeiRobot/EsercitazioneairpMio/ros_esercitazione/IIWA/src/build_scene_package/src/build_scene.cpp:[m[K In member function â€˜[01m[Kshape_msgs::msg::Mesh BuildSceneNode::[01;32m[KloadMesh[m[K(const std::string&)[m[Kâ€™:
[01m[K/home/nicola/OneDrive/Magistrale/AIRP/AIPR/ProgrammazionedeiRobot/EsercitazioneairpMio/ros_esercitazione/IIWA/src/build_scene_package/src/build_scene.cpp:33:5:[m[K [01;31m[Kerror: [m[Kâ€˜[01m[Kshapes[m[Kâ€™ has not been declared
   33 |     [01;31m[Kshapes[m[K::Shape* shape = shapes::createMeshFromResource(resource_path);
      |     [01;31m[K^~~~~~[m[K
[01m[K/home/nicola/OneDrive/Magistrale/AIRP/AIPR/ProgrammazionedeiRobot/EsercitazioneairpMio/ros_esercitazione/IIWA/src/build_scene_package/src/build_scene.cpp:33:20:[m[K [01;31m[Kerror: [m[Kâ€˜[01m[Kshape[m[Kâ€™ was not declared in this scope; did you mean â€˜[01m[Kunshare[m[Kâ€™?
   33 |     shapes::Shape* [01;31m[Kshape[m[K = shapes::createMeshFromResource(resource_path);
      |                    [01;31m[K^~~~~[m[K
      |                    [32m[Kunshare[m[K
[01m[K/home/nicola/OneDrive/Magistrale/AIRP/AIPR/ProgrammazionedeiRobot/EsercitazioneairpMio/ros_esercitazione/IIWA/src/build_scene_package/src/build_scene.cpp:33:28:[m[K [01;31m[Kerror: [m[Kâ€˜[01m[Kshapes[m[Kâ€™ has not been declared
   33 |     shapes::Shape* shape = [01;31m[Kshapes[m[K::createMeshFromResource(resource_path);
      |                            [01;31m[K^~~~~~[m[K
[01m[K/home/nicola/OneDrive/Magistrale/AIRP/AIPR/ProgrammazionedeiRobot/EsercitazioneairpMio/ros_esercitazione/IIWA/src/build_scene_package/src/build_scene.cpp:38:5:[m[K [01;31m[Kerror: [m[Kâ€˜[01m[Kshapes[m[Kâ€™ has not been declared
   38 |     [01;31m[Kshapes[m[K::ShapeMsg mesh_msg_tmp;
      |     [01;31m[K^~~~~~[m[K
[01m[K/home/nicola/OneDrive/Magistrale/AIRP/AIPR/ProgrammazionedeiRobot/EsercitazioneairpMio/ros_esercitazione/IIWA/src/build_scene_package/src/build_scene.cpp:39:5:[m[K [01;31m[Kerror: [m[Kâ€˜[01m[Kshapes[m[Kâ€™ has not been declared
   39 |     [01;31m[Kshapes[m[K::constructMsgFromShape(shape, mesh_msg_tmp);
      |     [01;31m[K^~~~~~[m[K
[01m[K/home/nicola/OneDrive/Magistrale/AIRP/AIPR/ProgrammazionedeiRobot/EsercitazioneairpMio/ros_esercitazione/IIWA/src/build_scene_package/src/build_scene.cpp:39:42:[m[K [01;31m[Kerror: [m[Kâ€˜[01m[Kmesh_msg_tmp[m[Kâ€™ was not declared in this scope; did you mean â€˜[01m[Kmesh_msg[m[Kâ€™?
   39 |     shapes::constructMsgFromShape(shape, [01;31m[Kmesh_msg_tmp[m[K);
      |                                          [01;31m[K^~~~~~~~~~~~[m[K
      |                                          [32m[Kmesh_msg[m[K
[01m[K/home/nicola/OneDrive/Magistrale/AIRP/AIPR/ProgrammazionedeiRobot/EsercitazioneairpMio/ros_esercitazione/IIWA/src/build_scene_package/src/build_scene.cpp:40:16:[m[K [01;31m[Kerror: [m[Kâ€˜[01m[Kboost[m[Kâ€™ has not been declared
   40 |     mesh_msg = [01;31m[Kboost[m[K::get<shape_msgs::msg::Mesh>(mesh_msg_tmp);
      |                [01;31m[K^~~~~[m[K
[01m[K/home/nicola/OneDrive/Magistrale/AIRP/AIPR/ProgrammazionedeiRobot/EsercitazioneairpMio/ros_esercitazione/IIWA/src/build_scene_package/src/build_scene.cpp:40:48:[m[K [01;31m[Kerror: [m[Kexpected primary-expression before â€˜[01m[K>[m[Kâ€™ token
   40 |     mesh_msg = boost::get<shape_msgs::msg::Mesh[01;31m[K>[m[K(mesh_msg_tmp);
      |                                                [01;31m[K^[m[K
[01m[K/home/nicola/OneDrive/Magistrale/AIRP/AIPR/ProgrammazionedeiRobot/EsercitazioneairpMio/ros_esercitazione/IIWA/src/build_scene_package/src/build_scene.cpp:41:5:[m[K [01;31m[Kerror: [m[Ktype â€˜[01m[K<type error>[m[Kâ€™ argument given to â€˜[01m[Kdelete[m[Kâ€™, expected pointer
   41 |     [01;31m[Kdelete shape[m[K;
      |     [01;31m[K^~~~~~~~~~~~[m[K
gmake[2]: *** [CMakeFiles/build_scene.dir/build.make:76: CMakeFiles/build_scene.dir/src/build_scene.cpp.o] Error 1
gmake[1]: *** [CMakeFiles/Makefile2:137: CMakeFiles/build_scene.dir/all] Error 2
gmake: *** [Makefile:146: all] Error 2
