-- Found ament_cmake: 2.5.4 (/opt/ros/jazzy/share/ament_cmake/cmake)
-- Found rclcpp: 28.1.9 (/opt/ros/jazzy/share/rclcpp/cmake)
-- Found rosidl_generator_c: 4.6.5 (/opt/ros/jazzy/share/rosidl_generator_c/cmake)
-- Found rosidl_generator_cpp: 4.6.5 (/opt/ros/jazzy/share/rosidl_generator_cpp/cmake)
-- Using all available rosidl_typesupport_c: rosidl_typesupport_fastrtps_c;rosidl_typesupport_introspection_c
-- Using all available rosidl_typesupport_cpp: rosidl_typesupport_fastrtps_cpp;rosidl_typesupport_introspection_cpp
-- Found rmw_implementation_cmake: 7.3.2 (/opt/ros/jazzy/share/rmw_implementation_cmake/cmake)
-- Found rmw_fastrtps_cpp: 8.4.2 (/opt/ros/jazzy/share/rmw_fastrtps_cpp/cmake)
-- Using RMW implementation 'rmw_fastrtps_cpp' as default
-- Found moveit_msgs: 2.6.0 (/opt/ros/jazzy/share/moveit_msgs/cmake)
-- Found tf2: 0.36.11 (/opt/ros/jazzy/share/tf2/cmake)
-- Found tf2_geometry_msgs: 0.36.11 (/opt/ros/jazzy/share/tf2_geometry_msgs/cmake)
-- Found eigen3_cmake_module: 0.3.0 (/opt/ros/jazzy/share/eigen3_cmake_module/cmake)
-- Ensuring Eigen3 include directory is part of orocos-kdl CMake target
-- Found geometric_shapes: 2.3.2 (/opt/ros/jazzy/share/geometric_shapes/cmake)
-- Configuring done (2.7s)
-- Generating done (0.0s)
-- Build files have been written to: /home/nicola/OneDrive/Magistrale/AIRP/AIPR/ProgrammazionedeiRobot/EsercitazioneairpMio/ros_esercitazione/IIWA/build/build_scene_package
[ 50%] [32mBuilding CXX object CMakeFiles/build_scene.dir/src/build_scene.cpp.o[0m
[01m[K/home/nicola/OneDrive/Magistrale/AIRP/AIPR/ProgrammazionedeiRobot/EsercitazioneairpMio/ros_esercitazione/IIWA/src/build_scene_package/src/build_scene.cpp:[m[K In member function â€˜[01m[Kshape_msgs::msg::Mesh BuildSceneNode::[01;32m[KloadMesh[m[K(const std::string&)[m[Kâ€™:
[01m[K/home/nicola/OneDrive/Magistrale/AIRP/AIPR/ProgrammazionedeiRobot/EsercitazioneairpMio/ros_esercitazione/IIWA/src/build_scene_package/src/build_scene.cpp:33:5:[m[K [01;31m[Kerror: [m[Kâ€˜[01m[Kshapes[m[Kâ€™ has not been declared
   33 |     [01;31m[Kshapes[m[K::Shape* shape = shapes::createMeshFromResource(resource_path);
      |     [01;31m[K^~~~~~[m[K
[01m[K/home/nicola/OneDrive/Magistrale/AIRP/AIPR/ProgrammazionedeiRobot/EsercitazioneairpMio/ros_esercitazione/IIWA/src/build_scene_package/src/build_scene.cpp:33:20:[m[K [01;31m[Kerror: [m[Kâ€˜[01m[Kshape[m[Kâ€™ was not declared in this scope; did you mean â€˜[01m[Kunshare[m[Kâ€™?
   33 |     shapes::Shape* [01;31m[Kshape[m[K = shapes::createMeshFromResource(resource_path);
      |                    [01;31m[K^~~~~[m[K
      |                    [32m[Kunshare[m[K
[01m[K/home/nicola/OneDrive/Magistrale/AIRP/AIPR/ProgrammazionedeiRobot/EsercitazioneairpMio/ros_esercitazione/IIWA/src/build_scene_package/src/build_scene.cpp:33:28:[m[K [01;31m[Kerror: [m[Kâ€˜[01m[Kshapes[m[Kâ€™ has not been declared
   33 |     shapes::Shape* shape = [01;31m[Kshapes[m[K::createMeshFromResource(resource_path);
      |                            [01;31m[K^~~~~~[m[K
[01m[K/home/nicola/OneDrive/Magistrale/AIRP/AIPR/ProgrammazionedeiRobot/EsercitazioneairpMio/ros_esercitazione/IIWA/src/build_scene_package/src/build_scene.cpp:38:5:[m[K [01;31m[Kerror: [m[Kâ€˜[01m[Kshapes[m[Kâ€™ has not been declared
   38 |     [01;31m[Kshapes[m[K::ShapeMsg mesh_msg_tmp;
      |     [01;31m[K^~~~~~[m[K
[01m[K/home/nicola/OneDrive/Magistrale/AIRP/AIPR/ProgrammazionedeiRobot/EsercitazioneairpMio/ros_esercitazione/IIWA/src/build_scene_package/src/build_scene.cpp:39:5:[m[K [01;31m[Kerror: [m[Kâ€˜[01m[Kshapes[m[Kâ€™ has not been declared
   39 |     [01;31m[Kshapes[m[K::constructMsgFromShape(shape, mesh_msg_tmp);
      |     [01;31m[K^~~~~~[m[K
[01m[K/home/nicola/OneDrive/Magistrale/AIRP/AIPR/ProgrammazionedeiRobot/EsercitazioneairpMio/ros_esercitazione/IIWA/src/build_scene_package/src/build_scene.cpp:39:42:[m[K [01;31m[Kerror: [m[Kâ€˜[01m[Kmesh_msg_tmp[m[Kâ€™ was not declared in this scope; did you mean â€˜[01m[Kmesh_msg[m[Kâ€™?
   39 |     shapes::constructMsgFromShape(shape, [01;31m[Kmesh_msg_tmp[m[K);
      |                                          [01;31m[K^~~~~~~~~~~~[m[K
      |                                          [32m[Kmesh_msg[m[K
[01m[K/home/nicola/OneDrive/Magistrale/AIRP/AIPR/ProgrammazionedeiRobot/EsercitazioneairpMio/ros_esercitazione/IIWA/src/build_scene_package/src/build_scene.cpp:40:16:[m[K [01;31m[Kerror: [m[Kâ€˜[01m[Kboost[m[Kâ€™ has not been declared
   40 |     mesh_msg = [01;31m[Kboost[m[K::get<shape_msgs::msg::Mesh>(mesh_msg_tmp);
      |                [01;31m[K^~~~~[m[K
[01m[K/home/nicola/OneDrive/Magistrale/AIRP/AIPR/ProgrammazionedeiRobot/EsercitazioneairpMio/ros_esercitazione/IIWA/src/build_scene_package/src/build_scene.cpp:40:48:[m[K [01;31m[Kerror: [m[Kexpected primary-expression before â€˜[01m[K>[m[Kâ€™ token
   40 |     mesh_msg = boost::get<shape_msgs::msg::Mesh[01;31m[K>[m[K(mesh_msg_tmp);
      |                                                [01;31m[K^[m[K
[01m[K/home/nicola/OneDrive/Magistrale/AIRP/AIPR/ProgrammazionedeiRobot/EsercitazioneairpMio/ros_esercitazione/IIWA/src/build_scene_package/src/build_scene.cpp:41:5:[m[K [01;31m[Kerror: [m[Ktype â€˜[01m[K<type error>[m[Kâ€™ argument given to â€˜[01m[Kdelete[m[Kâ€™, expected pointer
   41 |     [01;31m[Kdelete shape[m[K;
      |     [01;31m[K^~~~~~~~~~~~[m[K
gmake[2]: *** [CMakeFiles/build_scene.dir/build.make:76: CMakeFiles/build_scene.dir/src/build_scene.cpp.o] Error 1
gmake[1]: *** [CMakeFiles/Makefile2:137: CMakeFiles/build_scene.dir/all] Error 2
gmake: *** [Makefile:146: all] Error 2
