[0.010s] Invoking command in '/home/nicola/Desktop/Progetto_Sapore/build/nodes': CMAKE_PREFIX_PATH=/home/nicola/Desktop/Progetto_Sapore/install/interfaces:/home/nicola/Desktop/Progetto_Sapore/install/nodes:/home/nicola/Desktop/Progetto_Sapore/install/iiwa_config_moveit_config:/home/nicola/Desktop/Progetto_Sapore/install/iiwa_description:/home/nicola/Desktop/Progetto_Sapore/install/build_scene_package:/opt/ros/jazzy/opt/sdformat_vendor:/opt/ros/jazzy/opt/gz_math_vendor:/opt/ros/jazzy/opt/gz_utils_vendor:/opt/ros/jazzy/opt/gz_tools_vendor:/opt/ros/jazzy/opt/gz_cmake_vendor:/opt/ros/jazzy DEBUGINFOD_URLS=https://debuginfod.ubuntu.com /usr/bin/cmake --build /home/nicola/Desktop/Progetto_Sapore/build/nodes -- -j8 -l8
[0.066s] [ 20%] Built target Raggiungibilita
[0.067s] [ 40%] Built target interactive_reach
[0.078s] [ 80%] Built target test_reach
[0.078s] [ 80%] Built target Reach
[0.098s] [ 90%] [32mBuilding CXX object CMakeFiles/Reac_marker.dir/src/Reachability_interactive.cpp.o[0m
[3.085s] In file included from [01m[K/home/nicola/Desktop/Progetto_Sapore/src/nodes/src/Reachability_interactive.cpp:9[m[K:
[3.085s] [01m[K/opt/ros/jazzy/include/moveit_ros_planning/moveit/planning_scene_monitor/planning_scene_monitor.h:50:77:[m[K [01;36m[Knote: [m[Kâ€˜[01m[K#pragma message: .h header is obsolete. Please use the .hpp header instead.[m[Kâ€™
[3.085s]    50 | #pragma message(".h header is obsolete. Please use the .hpp header instead."[01;36m[K)[m[K
[3.085s]       |                                                                             [01;36m[K^[m[K
[5.021s] [01m[K/home/nicola/Desktop/Progetto_Sapore/src/nodes/src/Reachability_interactive.cpp:[m[K In member function â€˜[01m[Kvoid ReachabilityIKNode::[01;32m[KtestReachability[m[K(const geometry_msgs::msg::PoseStamped&, const std::string&)[m[Kâ€™:
[5.021s] [01m[K/home/nicola/Desktop/Progetto_Sapore/src/nodes/src/Reachability_interactive.cpp:220:64:[m[K [01;31m[Kerror: [m[Kno matching function for call to â€˜[01m[Ktf2::Matrix3x3::Matrix3x3(geometry_msgs::msg::Quaternion_<std::allocator<void> >&)[m[Kâ€™
[5.021s]   220 |             auto rpy_target = tf2::Matrix3x3(orientation_target[01;31m[K)[m[K.getRPY(roll, pitch, yaw);
[5.021s]       |                                                                [01;31m[K^[m[K
[5.021s] In file included from [01m[K/opt/ros/jazzy/include/tf2/tf2/LinearMath/Transform.hpp:21[m[K,
[5.021s]                  from [01m[K/opt/ros/jazzy/include/tf2/tf2/buffer_core.hpp:47[m[K,
[5.021s]                  from [01m[K/opt/ros/jazzy/include/tf2_ros/tf2_ros/async_buffer_interface.h:39[m[K,
[5.021s]                  from [01m[K/opt/ros/jazzy/include/tf2_ros/tf2_ros/buffer.h:42[m[K,
[5.021s]                  from [01m[K/opt/ros/jazzy/include/moveit_ros_planning/moveit/planning_scene_monitor/planning_scene_monitor.hpp:40[m[K,
[5.021s]                  from [01m[K/opt/ros/jazzy/include/moveit_ros_planning/moveit/planning_scene_monitor/planning_scene_monitor.h:51[m[K:
[5.021s] [01m[K/opt/ros/jazzy/include/tf2/tf2/LinearMath/Matrix3x3.hpp:66:30:[m[K [01;36m[Knote: [m[Kcandidate: â€˜[01m[Ktf2::Matrix3x3::[01;32m[KMatrix3x3[m[K(const tf2::Matrix3x3&)[m[Kâ€™
[5.022s]    66 |         TF2SIMD_FORCE_INLINE [01;36m[KMatrix3x3[m[K (const Matrix3x3& other)
[5.022s]       |                              [01;36m[K^~~~~~~~~[m[K
[5.022s] [01m[K/opt/ros/jazzy/include/tf2/tf2/LinearMath/Matrix3x3.hpp:66:58:[m[K [01;36m[Knote: [m[K  no known conversion for argument 1 from â€˜[01m[Kgeometry_msgs::msg::Quaternion_<std::allocator<void> >[m[Kâ€™ to â€˜[01m[Kconst tf2::Matrix3x3&[m[Kâ€™
[5.022s]    66 |         TF2SIMD_FORCE_INLINE Matrix3x3 ([01;36m[Kconst Matrix3x3& other[m[K)
[5.022s]       |                                         [01;36m[K~~~~~~~~~~~~~~~~~^~~~~[m[K
[5.022s] [01m[K/opt/ros/jazzy/include/tf2/tf2/LinearMath/Matrix3x3.hpp:57:9:[m[K [01;36m[Knote: [m[Kcandidate: â€˜[01m[Ktf2::Matrix3x3::[01;32m[KMatrix3x3[m[K(const tf2Scalar&, const tf2Scalar&, const tf2Scalar&, const tf2Scalar&, const tf2Scalar&, const tf2Scalar&, const tf2Scalar&, const tf2Scalar&, const tf2Scalar&)[m[Kâ€™
[5.022s]    57 |         [01;36m[KMatrix3x3[m[K(const tf2Scalar& xx, const tf2Scalar& xy, const tf2Scalar& xz,
[5.022s]       |         [01;36m[K^~~~~~~~~[m[K
[5.022s] [01m[K/opt/ros/jazzy/include/tf2/tf2/LinearMath/Matrix3x3.hpp:57:9:[m[K [01;36m[Knote: [m[K  candidate expects 9 arguments, 1 provided
[5.022s] [01m[K/opt/ros/jazzy/include/tf2/tf2/LinearMath/Matrix3x3.hpp:47:18:[m[K [01;36m[Knote: [m[Kcandidate: â€˜[01m[Ktf2::Matrix3x3::[01;32m[KMatrix3x3[m[K(const tf2::Quaternion&)[m[Kâ€™
[5.022s]    47 |         explicit [01;36m[KMatrix3x3[m[K(const Quaternion& q) { setRotation(q); }
[5.022s]       |                  [01;36m[K^~~~~~~~~[m[K
[5.022s] [01m[K/opt/ros/jazzy/include/tf2/tf2/LinearMath/Matrix3x3.hpp:47:46:[m[K [01;36m[Knote: [m[K  no known conversion for argument 1 from â€˜[01m[Kgeometry_msgs::msg::Quaternion_<std::allocator<void> >[m[Kâ€™ to â€˜[01m[Kconst tf2::Quaternion&[m[Kâ€™
[5.023s]    47 |         explicit Matrix3x3([01;36m[Kconst Quaternion& q[m[K) { setRotation(q); }
[5.023s]       |                            [01;36m[K~~~~~~~~~~~~~~~~~~^[m[K
[5.023s] [01m[K/opt/ros/jazzy/include/tf2/tf2/LinearMath/Matrix3x3.hpp:41:9:[m[K [01;36m[Knote: [m[Kcandidate: â€˜[01m[Ktf2::Matrix3x3::[01;32m[KMatrix3x3[m[K()[m[Kâ€™
[5.023s]    41 |         [01;36m[KMatrix3x3[m[K () {}
[5.023s]       |         [01;36m[K^~~~~~~~~[m[K
[5.023s] [01m[K/opt/ros/jazzy/include/tf2/tf2/LinearMath/Matrix3x3.hpp:41:9:[m[K [01;36m[Knote: [m[K  candidate expects 0 arguments, 1 provided
[8.607s] gmake[2]: *** [CMakeFiles/Reac_marker.dir/build.make:76: CMakeFiles/Reac_marker.dir/src/Reachability_interactive.cpp.o] Error 1
[8.607s] gmake[1]: *** [CMakeFiles/Makefile2:249: CMakeFiles/Reac_marker.dir/all] Error 2
[8.607s] gmake: *** [Makefile:146: all] Error 2
[8.609s] Invoked command in '/home/nicola/Desktop/Progetto_Sapore/build/nodes' returned '2': CMAKE_PREFIX_PATH=/home/nicola/Desktop/Progetto_Sapore/install/interfaces:/home/nicola/Desktop/Progetto_Sapore/install/nodes:/home/nicola/Desktop/Progetto_Sapore/install/iiwa_config_moveit_config:/home/nicola/Desktop/Progetto_Sapore/install/iiwa_description:/home/nicola/Desktop/Progetto_Sapore/install/build_scene_package:/opt/ros/jazzy/opt/sdformat_vendor:/opt/ros/jazzy/opt/gz_math_vendor:/opt/ros/jazzy/opt/gz_utils_vendor:/opt/ros/jazzy/opt/gz_tools_vendor:/opt/ros/jazzy/opt/gz_cmake_vendor:/opt/ros/jazzy DEBUGINFOD_URLS=https://debuginfod.ubuntu.com /usr/bin/cmake --build /home/nicola/Desktop/Progetto_Sapore/build/nodes -- -j8 -l8
