[0.016s] Invoking command in '/home/nicola/Desktop/Progetto_Sapore/build/nodes': AMENT_PREFIX_PATH=/home/nicola/Desktop/Progetto_Sapore/install/interfaces:${AMENT_PREFIX_PATH} CMAKE_PREFIX_PATH=/home/nicola/Desktop/Progetto_Sapore/install/interfaces:/opt/ros/jazzy/opt/sdformat_vendor:/opt/ros/jazzy/opt/gz_math_vendor:/opt/ros/jazzy/opt/gz_utils_vendor:/opt/ros/jazzy/opt/gz_tools_vendor:/opt/ros/jazzy/opt/gz_cmake_vendor:/opt/ros/jazzy DEBUGINFOD_URLS=https://debuginfod.ubuntu.com LD_LIBRARY_PATH=/home/nicola/Desktop/Progetto_Sapore/install/interfaces/lib:${LD_LIBRARY_PATH} PYTHONPATH=/home/nicola/Desktop/Progetto_Sapore/install/interfaces/lib/python3.12/site-packages:${PYTHONPATH} /usr/bin/cmake --build /home/nicola/Desktop/Progetto_Sapore/build/nodes -- -j8 -l8
[0.119s] [ 40%] Built target Raggiungibilita
[0.119s] [ 40%] Built target interactive_reach
[0.127s] [ 60%] Built target test_reach
[0.127s] [ 80%] Built target Reac_marker
[0.128s] [ 90%] [32mBuilding CXX object CMakeFiles/Reach.dir/src/test_reach.cpp.o[0m
[3.609s] In file included from [01m[K/home/nicola/Desktop/Progetto_Sapore/src/nodes/src/test_reach.cpp:9[m[K:
[3.609s] [01m[K/opt/ros/jazzy/include/moveit_ros_planning/moveit/planning_scene_monitor/planning_scene_monitor.h:50:77:[m[K [01;36m[Knote: [m[Kâ€˜[01m[K#pragma message: .h header is obsolete. Please use the .hpp header instead.[m[Kâ€™
[3.609s]    50 | a message(".h header is obsolete. Please use the .hpp header instead."[01;36m[K)[m[K
[3.609s]       |                                                                       [01;36m[K^[m[K
[3.609s] 
[5.959s] In file included from [01m[K/home/nicola/Desktop/Progetto_Sapore/src/nodes/src/test_reach.cpp:10[m[K:
[5.959s] [01m[K/opt/ros/jazzy/include/moveit_core/moveit/planning_scene/planning_scene.h:50:77:[m[K [01;36m[Knote: [m[Kâ€˜[01m[K#pragma message: .h header is obsolete. Please use the .hpp header instead.[m[Kâ€™
[5.959s]    50 | a message(".h header is obsolete. Please use the .hpp header instead."[01;36m[K)[m[K
[5.960s]       |                                                                       [01;36m[K^[m[K
[5.960s] 
[5.960s] In file included from [01m[K/home/nicola/Desktop/Progetto_Sapore/src/nodes/src/test_reach.cpp:11[m[K:
[5.960s] [01m[K/opt/ros/jazzy/include/moveit_ros_planning/moveit/robot_model_loader/robot_model_loader.h:50:77:[m[K [01;36m[Knote: [m[Kâ€˜[01m[K#pragma message: .h header is obsolete. Please use the .hpp header instead.[m[Kâ€™
[5.960s]    50 | a message(".h header is obsolete. Please use the .hpp header instead."[01;36m[K)[m[K
[5.960s]       |                                                                       [01;36m[K^[m[K
[5.960s] 
[5.960s] In file included from [01m[K/home/nicola/Desktop/Progetto_Sapore/src/nodes/src/test_reach.cpp:12[m[K:
[5.960s] [01m[K/opt/ros/jazzy/include/moveit_core/moveit/robot_state/robot_state.h:51:77:[m[K [01;36m[Knote: [m[Kâ€˜[01m[K#pragma message: .h header is obsolete. Please use the .hpp header instead.[m[Kâ€™
[5.960s]    51 | a message(".h header is obsolete. Please use the .hpp header instead."[01;36m[K)[m[K
[5.960s]       |                                                                       [01;36m[K^[m[K
[5.961s] 
[5.961s] In file included from [01m[K/home/nicola/Desktop/Progetto_Sapore/src/nodes/src/test_reach.cpp:13[m[K:
[5.961s] [01m[K/opt/ros/jazzy/include/moveit_core/moveit/collision_detection/collision_common.h:50:77:[m[K [01;36m[Knote: [m[Kâ€˜[01m[K#pragma message: .h header is obsolete. Please use the .hpp header instead.[m[Kâ€™
[5.961s]    50 | a message(".h header is obsolete. Please use the .hpp header instead."[01;36m[K)[m[K
[5.961s]       |                                                                       [01;36m[K^[m[K
[5.961s] 
[5.969s] [01m[K/home/nicola/Desktop/Progetto_Sapore/src/nodes/src/test_reach.cpp:438:2:[m[K [01;31m[Kerror: [m[Kexpected â€˜[01m[K}[m[Kâ€™ at end of input
[5.969s]   438 | }
[5.969s]       |  [01;31m[K^[m[K
[5.969s] [01m[K/home/nicola/Desktop/Progetto_Sapore/src/nodes/src/test_reach.cpp:24:1:[m[K [01;36m[Knote: [m[Kto match this â€˜[01m[K{[m[Kâ€™
[5.969s]    24 | [01;36m[K{[m[K
[5.969s]       | [01;36m[K^[m[K
[5.981s] [01m[K/home/nicola/Desktop/Progetto_Sapore/src/nodes/src/test_reach.cpp:[m[K In constructor â€˜[01m[KReachabilityIKNode::[01;32m[KReachabilityIKNode[m[K()[m[Kâ€™:
[5.981s] [01m[K/home/nicola/Desktop/Progetto_Sapore/src/nodes/src/test_reach.cpp:29:9:[m[K [01;31m[Kerror: [m[Kâ€˜[01m[Kclient_[m[Kâ€™ was not declared in this scope
[5.981s]    29 |         [01;31m[Kclient_[m[K = this->create_client<GetPositionIK>("/compute_ik");
[5.981s]       |         [01;31m[K^~~~~~~[m[K
[6.014s] [01m[K/home/nicola/Desktop/Progetto_Sapore/src/nodes/src/test_reach.cpp:34:9:[m[K [01;31m[Kerror: [m[Kâ€˜[01m[Kdisplay_state_pub_[m[Kâ€™ was not declared in this scope
[6.014s]    34 |         [01;31m[Kdisplay_state_pub_[m[K = this->create_publisher<moveit_msgs::msg::DisplayRobotState>("/display_robot_state", 10);
[6.014s]       |         [01;31m[K^~~~~~~~~~~~~~~~~~[m[K
[6.033s] [01m[K/home/nicola/Desktop/Progetto_Sapore/src/nodes/src/test_reach.cpp:35:9:[m[K [01;31m[Kerror: [m[Kâ€˜[01m[Kmarker_pub_[m[Kâ€™ was not declared in this scope
[6.033s]    35 |         [01;31m[Kmarker_pub_[m[K = this->create_publisher<visualization_msgs::msg::MarkerArray>("visualization_marker_array", 10);
[6.033s]       |         [01;31m[K^~~~~~~~~~~[m[K
[6.047s] [01m[K/home/nicola/Desktop/Progetto_Sapore/src/nodes/src/test_reach.cpp:61:9:[m[K [01;31m[Kerror: [m[Kâ€˜[01m[Kgroup_[m[Kâ€™ was not declared in this scope; did you mean â€˜[01m[Kgroup[m[Kâ€™?
[6.047s]    61 |         [01;31m[Kgroup_[m[K = group + "arm";
[6.047s]       |         [01;31m[K^~~~~~[m[K
[6.047s]       |         [32m[Kgroup[m[K
[6.059s] [01m[K/home/nicola/Desktop/Progetto_Sapore/src/nodes/src/test_reach.cpp:62:9:[m[K [01;31m[Kerror: [m[Kâ€˜[01m[Ktcp_link_[m[Kâ€™ was not declared in this scope
[6.059s]    62 |         [01;31m[Ktcp_link_[m[K = group + "tcp";
[6.059s]       |         [01;31m[K^~~~~~~~~[m[K
[6.061s] [01m[K/home/nicola/Desktop/Progetto_Sapore/src/nodes/src/test_reach.cpp:[m[K In member function â€˜[01m[Kvoid ReachabilityIKNode::[01;32m[Kstart[m[K()[m[Kâ€™:
[6.061s] [01m[K/home/nicola/Desktop/Progetto_Sapore/src/nodes/src/test_reach.cpp:75:20:[m[K [01;31m[Kerror: [m[Kexpected primary-expression before â€˜[01m[K=[m[Kâ€™ token
[6.061s]    75 |     planning_scene [01;31m[K=[m[K psm->getPlanningScene();
[6.061s]       |                    [01;31m[K^[m[K
[6.071s] [01m[K/home/nicola/Desktop/Progetto_Sapore/src/nodes/src/test_reach.cpp:83:48:[m[K [01;31m[Kerror: [m[Kâ€˜[01m[Kgroup_[m[Kâ€™ was not declared in this scope; did you mean â€˜[01m[Kgroup[m[Kâ€™?
[6.071s]    83 |         int raggiunto = testReachability(pose, [01;31m[Kgroup_[m[K);
[6.071s]       |                                                [01;31m[K^~~~~~[m[K
[6.072s]       |                                                [32m[Kgroup[m[K
[6.089s] [01m[K/home/nicola/Desktop/Progetto_Sapore/src/nodes/src/test_reach.cpp:83:25:[m[K [01;31m[Kerror: [m[Kâ€˜[01m[KtestReachability[m[Kâ€™ was not declared in this scope
[6.089s]    83 |         int raggiunto = [01;31m[KtestReachability[m[K(pose, group_);
[6.089s]       |                         [01;31m[K^~~~~~~~~~~~~~~~[m[K
[6.103s] [01m[K/home/nicola/Desktop/Progetto_Sapore/src/nodes/src/test_reach.cpp:128:9:[m[K [01;31m[Kerror: [m[Kâ€˜[01m[KInsertMarker[m[Kâ€™ was not declared in this scope; did you mean â€˜[01m[KresetMarkers[m[Kâ€™?
[6.103s]   128 |         [01;31m[KInsertMarker[m[K(pose, final_info);
[6.103s]       |         [01;31m[K^~~~~~~~~~~~[m[K
[6.103s]       |         [32m[KresetMarkers[m[K
[6.117s] [01m[K/home/nicola/Desktop/Progetto_Sapore/src/nodes/src/test_reach.cpp:[m[K In member function â€˜[01m[Kvoid ReachabilityIKNode::[01;32m[KresetMarkers[m[K()[m[Kâ€™:
[6.117s] [01m[K/home/nicola/Desktop/Progetto_Sapore/src/nodes/src/test_reach.cpp:141:9:[m[K [01;31m[Kerror: [m[Kâ€˜[01m[Kmarker_pub_[m[Kâ€™ was not declared in this scope
[6.117s]   141 |         [01;31m[Kmarker_pub_[m[K->publish(delete_msg);
[6.117s]       |         [01;31m[K^~~~~~~~~~~[m[K
[6.119s] [01m[K/home/nicola/Desktop/Progetto_Sapore/src/nodes/src/test_reach.cpp:[m[K In member function â€˜[01m[Kbool ReachabilityIKNode::[01;32m[KCheckLinkCollision[m[K(bool, const geometry_msgs::msg::PoseStamped&)[m[Kâ€™:
[6.119s] [01m[K/home/nicola/Desktop/Progetto_Sapore/src/nodes/src/test_reach.cpp:208:72:[m[K [01;31m[Kerror: [m[Kexpected primary-expression before â€˜[01m[K->[m[Kâ€™ token
[6.119s]   208 |      moveit::core::RobotState current_state = planning_scene[01;31m[K->[m[KgetCurrentState();
[6.119s]       |                                                             [01;31m[K^~[m[K
[6.119s] 
[6.128s] [01m[K/home/nicola/Desktop/Progetto_Sapore/src/nodes/src/test_reach.cpp:210:54:[m[K [01;31m[Kerror: [m[Kâ€˜[01m[Kgroup_[m[Kâ€™ was not declared in this scope; did you mean â€˜[01m[Kgroup[m[Kâ€™?
[6.128s]   210 |                     current_state.getJointModelGroup([01;31m[Kgroup_[m[K);
[6.128s]       |                                                      [01;31m[K^~~~~~[m[K
[6.128s]       |                                                      [32m[Kgroup[m[K
[6.128s] [01m[K/home/nicola/Desktop/Progetto_Sapore/src/nodes/src/test_reach.cpp:223:56:[m[K [01;35m[Kwarning: [m[Kleft operand of comma operator has no effect [[01;35m[K]8;;https://gcc.gnu.org/onlinedocs/gcc/Warning-Options.html#index-Wunused-value-Wunused-value]8;;[m[K]
[6.128s]   223 |                                  [01;35m[Kpose.pose.orientation.x[m[K, pose.pose.orientation.y,
[6.129s]       |                                  [01;35m[K~~~~~~~~~~~~~~~~~~~~~~^[m[K
[6.129s] [01m[K/home/nicola/Desktop/Progetto_Sapore/src/nodes/src/test_reach.cpp:223:81:[m[K [01;35m[Kwarning: [m[Kright operand of comma operator has no effect [[01;35m[K]8;;https://gcc.gnu.org/onlinedocs/gcc/Warning-Options.html#index-Wunused-value-Wunused-value]8;;[m[K]
[6.129s]   223 |                       pose.pose.orientation.x, [01;35m[Kpose.pose.orientation.y[m[K,
[6.129s]       |                                                [01;35m[K~~~~~~~~~~~~~~~~~~~~~~^[m[K
[6.129s] 
[6.129s] [01m[K/home/nicola/Desktop/Progetto_Sapore/src/nodes/src/test_reach.cpp:224:56:[m[K [01;35m[Kwarning: [m[Kright operand of comma operator has no effect [[01;35m[K]8;;https://gcc.gnu.org/onlinedocs/gcc/Warning-Options.html#index-Wunused-value-Wunused-value]8;;[m[K]
[6.129s]   224 |                                  [01;35m[Kpose.pose.orientation.z[m[K, pose.pose.orientation.w);
[6.129s]       |                                  [01;35m[K~~~~~~~~~~~~~~~~~~~~~~^[m[K
[6.129s] [01m[K/home/nicola/Desktop/Progetto_Sapore/src/nodes/src/test_reach.cpp:224:82:[m[K [01;31m[Kerror: [m[Kexpected â€˜[01m[K;[m[Kâ€™ before â€˜[01m[K)[m[Kâ€™ token
[6.129s]   224 |                      pose.pose.orientation.z, pose.pose.orientation.w[01;31m[K)[m[K;
[6.130s]       |                                                                      [01;31m[K^[m[K
[6.130s] 
[6.130s] [01m[K/home/nicola/Desktop/Progetto_Sapore/src/nodes/src/test_reach.cpp:224:81:[m[K [01;35m[Kwarning: [m[Kright operand of comma operator has no effect [[01;35m[K]8;;https://gcc.gnu.org/onlinedocs/gcc/Warning-Options.html#index-Wunused-value-Wunused-value]8;;[m[K]
[6.130s]   224 |                      pose.pose.orientation.z, [01;35m[Kpose.pose.orientation.w[m[K);
[6.130s]       |                                               [01;35m[K~~~~~~~~~~~~~~~~~~~~~~^[m[K
[6.130s] 
[6.130s] [01m[K/home/nicola/Desktop/Progetto_Sapore/src/nodes/src/test_reach.cpp:239:72:[m[K [01;31m[Kerror: [m[Kexpected primary-expression before â€˜[01m[K->[m[Kâ€™ token
[6.130s]   239 |      moveit::core::RobotState current_state = planning_scene[01;31m[K->[m[KgetCurrentState();
[6.130s]       |                                                             [01;31m[K^~[m[K
[6.130s] 
[6.138s] [01m[K/home/nicola/Desktop/Progetto_Sapore/src/nodes/src/test_reach.cpp:248:44:[m[K [01;31m[Kerror: [m[Kâ€˜[01m[Kgroup_[m[Kâ€™ was not declared in this scope; did you mean â€˜[01m[Kgroup[m[Kâ€™?
[6.138s]   248 |             collision_request.group_name = [01;31m[Kgroup_[m[K;
[6.138s]       |                                            [01;31m[K^~~~~~[m[K
[6.138s]       |                                            [32m[Kgroup[m[K
[6.140s] [01m[K/home/nicola/Desktop/Progetto_Sapore/src/nodes/src/test_reach.cpp:251:27:[m[K [01;31m[Kerror: [m[Kexpected primary-expression before â€˜[01m[K->[m[Kâ€™ token
[6.140s]   251 |             planning_scene[01;31m[K->[m[KcheckCollision(collision_request, collision_result, current_state);
[6.140s]       |                           [01;31m[K^~[m[K
[6.164s] [01m[K/home/nicola/Desktop/Progetto_Sapore/src/nodes/src/test_reach.cpp:287:17:[m[K [01;31m[Kerror: [m[Kâ€˜[01m[Kdisplay_state_pub_[m[Kâ€™ was not declared in this scope
[6.164s]   287 |                 [01;31m[Kdisplay_state_pub_[m[K->publish(display_msg);
[6.164s]       |                 [01;31m[K^~~~~~~~~~~~~~~~~~[m[K
[6.164s] [01m[K/home/nicola/Desktop/Progetto_Sapore/src/nodes/src/test_reach.cpp:303:1:[m[K [01;31m[Kerror: [m[Ka function-definition is not allowed here before â€˜[01m[K{[m[Kâ€™ token
[6.165s]   303 | [01;31m[K{[m[K
[6.165s]       | [01;31m[K^[m[K
[6.165s] [01m[K/home/nicola/Desktop/Progetto_Sapore/src/nodes/src/test_reach.cpp:347:5:[m[K [01;31m[Kerror: [m[Ka function-definition is not allowed here before â€˜[01m[K{[m[Kâ€™ token
[6.165s]   347 |     [01;31m[K{[m[K
[6.165s]       |     [01;31m[K^[m[K
[6.165s] [01m[K/home/nicola/Desktop/Progetto_Sapore/src/nodes/src/test_reach.cpp:390:5:[m[K [01;31m[Kerror: [m[Ka function-definition is not allowed here before â€˜[01m[K{[m[Kâ€™ token
[6.165s]   390 |     [01;31m[K{[m[K
[6.165s]       |     [01;31m[K^[m[K
[6.173s] [01m[K/home/nicola/Desktop/Progetto_Sapore/src/nodes/src/test_reach.cpp:423:9:[m[K [01;35m[Kwarning: [m[Kunused variable â€˜[01m[Kid[m[Kâ€™ [[01;35m[K]8;;https://gcc.gnu.org/onlinedocs/gcc/Warning-Options.html#index-Wunused-variable-Wunused-variable]8;;[m[K]
[6.173s]   423 |     int [01;35m[Kid[m[K = 0;
[6.173s]       |         [01;35m[K^~[m[K
[6.175s] [01m[K/home/nicola/Desktop/Progetto_Sapore/src/nodes/src/test_reach.cpp:[m[K At global scope:
[6.175s] [01m[K/home/nicola/Desktop/Progetto_Sapore/src/nodes/src/test_reach.cpp:438:2:[m[K [01;31m[Kerror: [m[Kexpected unqualified-id at end of input
[6.176s]   438 | }
[6.176s]       |  [01;31m[K^[m[K
[9.619s] gmake[2]: *** [CMakeFiles/Reach.dir/build.make:76: CMakeFiles/Reach.dir/src/test_reach.cpp.o] Error 1
[9.620s] gmake[1]: *** [CMakeFiles/Makefile2:145: CMakeFiles/Reach.dir/all] Error 2
[9.620s] gmake: *** [Makefile:146: all] Error 2
[9.621s] Invoked command in '/home/nicola/Desktop/Progetto_Sapore/build/nodes' returned '2': AMENT_PREFIX_PATH=/home/nicola/Desktop/Progetto_Sapore/install/interfaces:${AMENT_PREFIX_PATH} CMAKE_PREFIX_PATH=/home/nicola/Desktop/Progetto_Sapore/install/interfaces:/opt/ros/jazzy/opt/sdformat_vendor:/opt/ros/jazzy/opt/gz_math_vendor:/opt/ros/jazzy/opt/gz_utils_vendor:/opt/ros/jazzy/opt/gz_tools_vendor:/opt/ros/jazzy/opt/gz_cmake_vendor:/opt/ros/jazzy DEBUGINFOD_URLS=https://debuginfod.ubuntu.com LD_LIBRARY_PATH=/home/nicola/Desktop/Progetto_Sapore/install/interfaces/lib:${LD_LIBRARY_PATH} PYTHONPATH=/home/nicola/Desktop/Progetto_Sapore/install/interfaces/lib/python3.12/site-packages:${PYTHONPATH} /usr/bin/cmake --build /home/nicola/Desktop/Progetto_Sapore/build/nodes -- -j8 -l8
