[0.018s] Invoking command in '/home/nicola/Desktop/Progetto_Sapore/build/robot_skills': CMAKE_PREFIX_PATH=${CMAKE_PREFIX_PATH}:/opt/ros/jazzy DEBUGINFOD_URLS=https://debuginfod.ubuntu.com /usr/bin/cmake --build /home/nicola/Desktop/Progetto_Sapore/build/robot_skills -- -j8 -l8
[0.086s] [ 33%] Built target MoveitHelper
[0.089s] [ 50%] [32mBuilding CXX object CMakeFiles/SaveYaml.dir/src/SaveYaml.cpp.o[0m
[1.059s] In file included from [01m[K/home/nicola/Desktop/Progetto_Sapore/src/robot_skills/include/SaveYaml.hpp:3[m[K,
[1.060s]                  from [01m[K/home/nicola/Desktop/Progetto_Sapore/src/robot_skills/src/SaveYaml.cpp:2[m[K:
[1.060s] [01m[K/opt/ros/jazzy/include/moveit_ros_planning_interface/moveit/move_group_interface/move_group_interface.h:51:77:[m[K [01;36m[Knote: [m[Kâ€˜[01m[K#pragma message: .h header is obsolete. Please use the .hpp header instead.[m[Kâ€™
[1.060s]    51 | #pragma message(".h header is obsolete. Please use the .hpp header instead."[01;36m[K)[m[K
[1.060s]       |                                                                             [01;36m[K^[m[K
[5.339s] [01m[K/home/nicola/Desktop/Progetto_Sapore/src/robot_skills/src/SaveYaml.cpp:[m[K In function â€˜[01m[Kvoid[01;32m[K savePlanToYAML[m[K(const moveit::planning_interface::MoveGroupInterface::Plan&, const geometry_msgs::msg::PoseStamped&, const std::string&, int&, const std::string&)[m[Kâ€™:
[5.339s] [01m[K/home/nicola/Desktop/Progetto_Sapore/src/robot_skills/src/SaveYaml.cpp:18:26:[m[K [01;31m[Kerror: [m[Kâ€˜[01m[Kexists[m[Kâ€™ is not a member of â€˜[01m[Kstd::filesystem[m[Kâ€™; did you mean â€˜[01m[Krcpputils::fs::exists[m[Kâ€™?
[5.339s]    18 |     if (std::filesystem::[01;31m[Kexists[m[K(plans_output_file_)) {
[5.339s]       |                          [01;31m[K^~~~~~[m[K
[5.340s] In file included from [01m[K/opt/ros/jazzy/include/rclcpp/rclcpp/logger.hpp:26[m[K,
[5.340s]                  from [01m[K/opt/ros/jazzy/include/rclcpp/rclcpp/logging.hpp:23[m[K,
[5.340s]                  from [01m[K/opt/ros/jazzy/include/moveit_core/moveit/kinematics_base/kinematics_base.hpp:42[m[K,
[5.340s]                  from [01m[K/opt/ros/jazzy/include/moveit_core/moveit/robot_model/joint_model_group.hpp:42[m[K,
[5.340s]                  from [01m[K/opt/ros/jazzy/include/moveit_core/moveit/robot_model/robot_model.hpp:45[m[K,
[5.340s]                  from [01m[K/opt/ros/jazzy/include/moveit_core/moveit/robot_state/robot_state.hpp:40[m[K,
[5.340s]                  from [01m[K/opt/ros/jazzy/include/moveit_ros_planning_interface/moveit/move_group_interface/move_group_interface.hpp:41[m[K,
[5.340s]                  from [01m[K/opt/ros/jazzy/include/moveit_ros_planning_interface/moveit/move_group_interface/move_group_interface.h:52[m[K:
[5.340s] [01m[K/opt/ros/jazzy/include/rcpputils/rcpputils/filesystem_helper.hpp:260:23:[m[K [01;36m[Knote: [m[Kâ€˜[01m[Krcpputils::fs::exists[m[Kâ€™ declared here
[5.340s]   260 | RCPPUTILS_PUBLIC bool [01;36m[Kexists[m[K(const path & path_to_check);
[5.340s]       |                       [01;36m[K^~~~~~[m[K
[5.341s] [01m[K/home/nicola/Desktop/Progetto_Sapore/src/robot_skills/src/SaveYaml.cpp:27:31:[m[K [01;31m[Kerror: [m[Kcannot bind non-const lvalue reference of type â€˜[01m[KYAML::Node&[m[Kâ€™ to an rvalue of type â€˜[01m[KYAML::Node[m[Kâ€™
[5.341s]    27 |     auto& plans = root["plans"[01;31m[K][m[K;
[5.341s]       |                               [01;31m[K^[m[K
[5.341s] [01m[K/home/nicola/Desktop/Progetto_Sapore/src/robot_skills/src/SaveYaml.cpp:60:46:[m[K [01;31m[Kerror: [m[Kcannot bind non-const lvalue reference of type â€˜[01m[KYAML::Node&[m[Kâ€™ to an rvalue of type â€˜[01m[KYAML::Node[m[Kâ€™
[5.341s]    60 |     auto& trajs = current_plan["trajectories"[01;31m[K][m[K;
[5.341s]       |                                              [01;31m[K^[m[K
[7.973s] gmake[2]: *** [CMakeFiles/SaveYaml.dir/build.make:76: CMakeFiles/SaveYaml.dir/src/SaveYaml.cpp.o] Error 1
[7.973s] gmake[1]: *** [CMakeFiles/Makefile2:141: CMakeFiles/SaveYaml.dir/all] Error 2
[7.973s] gmake: *** [Makefile:146: all] Error 2
[7.976s] Invoked command in '/home/nicola/Desktop/Progetto_Sapore/build/robot_skills' returned '2': CMAKE_PREFIX_PATH=${CMAKE_PREFIX_PATH}:/opt/ros/jazzy DEBUGINFOD_URLS=https://debuginfod.ubuntu.com /usr/bin/cmake --build /home/nicola/Desktop/Progetto_Sapore/build/robot_skills -- -j8 -l8
