[0.013s] Invoking command in '/home/nicola/Desktop/Progetto_Sapore/build/nodes': CMAKE_PREFIX_PATH=/home/nicola/Desktop/Progetto_Sapore/install/interfaces:/home/nicola/Desktop/Progetto_Sapore/install/nodes:/home/nicola/Desktop/Progetto_Sapore/install/iiwa_config_moveit_config:/home/nicola/Desktop/Progetto_Sapore/install/iiwa_description:/home/nicola/Desktop/Progetto_Sapore/install/build_scene_package:/opt/ros/jazzy/opt/sdformat_vendor:/opt/ros/jazzy/opt/gz_math_vendor:/opt/ros/jazzy/opt/gz_utils_vendor:/opt/ros/jazzy/opt/gz_tools_vendor:/opt/ros/jazzy/opt/gz_cmake_vendor:/opt/ros/jazzy DEBUGINFOD_URLS=https://debuginfod.ubuntu.com /usr/bin/cmake --build /home/nicola/Desktop/Progetto_Sapore/build/nodes -- -j8 -l8
[0.072s] [ 20%] Built target interactive_reach
[0.072s] [ 40%] Built target Raggiungibilita
[0.076s] [ 60%] Built target test_reach
[0.081s] [ 80%] Built target Reac_marker
[0.103s] [ 90%] [32mBuilding CXX object CMakeFiles/Reach.dir/src/test_reach.cpp.o[0m
[3.518s] In file included from [01m[K/home/nicola/Desktop/Progetto_Sapore/src/nodes/src/test_reach.cpp:9[m[K:
[3.518s] [01m[K/opt/ros/jazzy/include/moveit_ros_planning/moveit/planning_scene_monitor/planning_scene_monitor.h:50:77:[m[K [01;36m[Knote: [m[Kâ€˜[01m[K#pragma message: .h header is obsolete. Please use the .hpp header instead.[m[Kâ€™
[3.518s]    50 | #pragma message(".h header is obsolete. Please use the .hpp header instead."[01;36m[K)[m[K
[3.518s]       |                                                                             [01;36m[K^[m[K
[5.907s] In file included from [01m[K/home/nicola/Desktop/Progetto_Sapore/src/nodes/src/test_reach.cpp:10[m[K:
[5.907s] [01m[K/opt/ros/jazzy/include/moveit_core/moveit/planning_scene/planning_scene.h:50:77:[m[K [01;36m[Knote: [m[Kâ€˜[01m[K#pragma message: .h header is obsolete. Please use the .hpp header instead.[m[Kâ€™
[5.907s]    50 | #pragma message(".h header is obsolete. Please use the .hpp header instead."[01;36m[K)[m[K
[5.907s]       |                                                                             [01;36m[K^[m[K
[5.908s] In file included from [01m[K/home/nicola/Desktop/Progetto_Sapore/src/nodes/src/test_reach.cpp:11[m[K:
[5.908s] [01m[K/opt/ros/jazzy/include/moveit_ros_planning/moveit/robot_model_loader/robot_model_loader.h:50:77:[m[K [01;36m[Knote: [m[Kâ€˜[01m[K#pragma message: .h header is obsolete. Please use the .hpp header instead.[m[Kâ€™
[5.908s]    50 | #pragma message(".h header is obsolete. Please use the .hpp header instead."[01;36m[K)[m[K
[5.908s]       |                                                                             [01;36m[K^[m[K
[5.908s] In file included from [01m[K/home/nicola/Desktop/Progetto_Sapore/src/nodes/src/test_reach.cpp:12[m[K:
[5.908s] [01m[K/opt/ros/jazzy/include/moveit_core/moveit/robot_state/robot_state.h:51:77:[m[K [01;36m[Knote: [m[Kâ€˜[01m[K#pragma message: .h header is obsolete. Please use the .hpp header instead.[m[Kâ€™
[5.908s]    51 | #pragma message(".h header is obsolete. Please use the .hpp header instead."[01;36m[K)[m[K
[5.908s]       |                                                                             [01;36m[K^[m[K
[5.908s] In file included from [01m[K/home/nicola/Desktop/Progetto_Sapore/src/nodes/src/test_reach.cpp:13[m[K:
[5.908s] [01m[K/opt/ros/jazzy/include/moveit_core/moveit/collision_detection/collision_common.h:50:77:[m[K [01;36m[Knote: [m[Kâ€˜[01m[K#pragma message: .h header is obsolete. Please use the .hpp header instead.[m[Kâ€™
[5.908s]    50 | #pragma message(".h header is obsolete. Please use the .hpp header instead."[01;36m[K)[m[K
[5.908s]       |                                                                             [01;36m[K^[m[K
[5.913s] In file included from [01m[K/home/nicola/Desktop/Progetto_Sapore/src/nodes/src/test_reach.cpp:15[m[K:
[5.913s] [01m[K/opt/ros/jazzy/include/moveit_ros_planning_interface/moveit/move_group_interface/move_group_interface.h:51:77:[m[K [01;36m[Knote: [m[Kâ€˜[01m[K#pragma message: .h header is obsolete. Please use the .hpp header instead.[m[Kâ€™
[5.913s]    51 | #pragma message(".h header is obsolete. Please use the .hpp header instead."[01;36m[K)[m[K
[5.914s]       |                                                                             [01;36m[K^[m[K
[6.210s] In file included from [01m[K/home/nicola/Desktop/Progetto_Sapore/src/nodes/src/test_reach.cpp:23[m[K:
[6.210s] [01m[K/opt/ros/jazzy/include/moveit_core/moveit/robot_state/conversions.h:50:77:[m[K [01;36m[Knote: [m[Kâ€˜[01m[K#pragma message: .h header is obsolete. Please use the .hpp header instead.[m[Kâ€™
[6.210s]    50 | #pragma message(".h header is obsolete. Please use the .hpp header instead."[01;36m[K)[m[K
[6.210s]       |                                                                             [01;36m[K^[m[K
[6.210s] In file included from [01m[K/home/nicola/Desktop/Progetto_Sapore/src/nodes/src/test_reach.cpp:24[m[K:
[6.210s] [01m[K/opt/ros/jazzy/include/moveit_core/moveit/utils/moveit_error_code.h:48:77:[m[K [01;36m[Knote: [m[Kâ€˜[01m[K#pragma message: .h header is obsolete. Please use the .hpp header instead.[m[Kâ€™
[6.210s]    48 | #pragma message(".h header is obsolete. Please use the .hpp header instead."[01;36m[K)[m[K
[6.210s]       |                                                                             [01;36m[K^[m[K
[6.416s] [01m[K/home/nicola/Desktop/Progetto_Sapore/src/nodes/src/test_reach.cpp:[m[K In member function â€˜[01m[Kbool ReachabilityIKNode::[01;32m[KtestPlannerPouring[m[K(const geometry_msgs::msg::PoseStamped&, const std::string&, double, double)[m[Kâ€™:
[6.416s] [01m[K/home/nicola/Desktop/Progetto_Sapore/src/nodes/src/test_reach.cpp:356:42:[m[K [01;31m[Kerror: [m[Kâ€˜[01m[Kstruct moveit::planning_interface::MoveGroupInterface::Plan[m[Kâ€™ has no member named â€˜[01m[Ktrajectory_[m[Kâ€™; did you mean â€˜[01m[Ktrajectory[m[Kâ€™?
[6.416s]   356 |     const auto& last_point_plan1 = plan1.[01;31m[Ktrajectory_[m[K.joint_trajectory.points.back();
[6.416s]       |                                          [01;31m[K^~~~~~~~~~~[m[K
[6.416s]       |                                          [32m[Ktrajectory[m[K
[6.418s] [01m[K/home/nicola/Desktop/Progetto_Sapore/src/nodes/src/test_reach.cpp:399:45:[m[K [01;31m[Kerror: [m[Kâ€˜[01m[Kstruct moveit::planning_interface::MoveGroupInterface::Plan[m[Kâ€™ has no member named â€˜[01m[Ktrajectory_[m[Kâ€™; did you mean â€˜[01m[Ktrajectory[m[Kâ€™?
[6.418s]   399 |         display1.trajectory.push_back(plan1.[01;31m[Ktrajectory_[m[K);
[6.419s]       |                                             [01;31m[K^~~~~~~~~~~[m[K
[6.419s]       |                                             [32m[Ktrajectory[m[K
[6.420s] [01m[K/home/nicola/Desktop/Progetto_Sapore/src/nodes/src/test_reach.cpp:410:45:[m[K [01;31m[Kerror: [m[Kâ€˜[01m[Kstruct moveit::planning_interface::MoveGroupInterface::Plan[m[Kâ€™ has no member named â€˜[01m[Ktrajectory_[m[Kâ€™; did you mean â€˜[01m[Ktrajectory[m[Kâ€™?
[6.420s]   410 |         display2.trajectory.push_back(plan2.[01;31m[Ktrajectory_[m[K);
[6.421s]       |                                             [01;31m[K^~~~~~~~~~~[m[K
[6.421s]       |                                             [32m[Ktrajectory[m[K
[6.422s] [01m[K/home/nicola/Desktop/Progetto_Sapore/src/nodes/src/test_reach.cpp:324:32:[m[K [01;35m[Kwarning: [m[Kunused parameter â€˜[01m[Kstep[m[Kâ€™ [[01;35m[K]8;;https://gcc.gnu.org/onlinedocs/gcc/Warning-Options.html#index-Wunused-parameter-Wunused-parameter]8;;[m[K]
[6.422s]   324 |                         [01;35m[Kdouble step = 0.01[m[K)
[6.423s]       |                         [01;35m[K~~~~~~~^~~~~~~~~~~[m[K
[6.434s] [01m[K/home/nicola/Desktop/Progetto_Sapore/src/nodes/src/test_reach.cpp:[m[K In member function â€˜[01m[Kint ReachabilityIKNode::[01;32m[KtestReachability[m[K(const geometry_msgs::msg::PoseStamped&, const std::string&)[m[Kâ€™:
[6.435s] [01m[K/home/nicola/Desktop/Progetto_Sapore/src/nodes/src/test_reach.cpp:520:14:[m[K [01;35m[Kwarning: [m[Kunused variable â€˜[01m[Kall_orientations_reachable[m[Kâ€™ [[01;35m[K]8;;https://gcc.gnu.org/onlinedocs/gcc/Warning-Options.html#index-Wunused-variable-Wunused-variable]8;;[m[K]
[6.435s]   520 |         bool [01;35m[Kall_orientations_reachable[m[K = true;
[6.435s]       |              [01;35m[K^~~~~~~~~~~~~~~~~~~~~~~~~~[m[K
[10.810s] gmake[2]: *** [CMakeFiles/Reach.dir/build.make:76: CMakeFiles/Reach.dir/src/test_reach.cpp.o] Error 1
[10.810s] gmake[1]: *** [CMakeFiles/Makefile2:145: CMakeFiles/Reach.dir/all] Error 2
[10.810s] gmake: *** [Makefile:146: all] Error 2
[10.812s] Invoked command in '/home/nicola/Desktop/Progetto_Sapore/build/nodes' returned '2': CMAKE_PREFIX_PATH=/home/nicola/Desktop/Progetto_Sapore/install/interfaces:/home/nicola/Desktop/Progetto_Sapore/install/nodes:/home/nicola/Desktop/Progetto_Sapore/install/iiwa_config_moveit_config:/home/nicola/Desktop/Progetto_Sapore/install/iiwa_description:/home/nicola/Desktop/Progetto_Sapore/install/build_scene_package:/opt/ros/jazzy/opt/sdformat_vendor:/opt/ros/jazzy/opt/gz_math_vendor:/opt/ros/jazzy/opt/gz_utils_vendor:/opt/ros/jazzy/opt/gz_tools_vendor:/opt/ros/jazzy/opt/gz_cmake_vendor:/opt/ros/jazzy DEBUGINFOD_URLS=https://debuginfod.ubuntu.com /usr/bin/cmake --build /home/nicola/Desktop/Progetto_Sapore/build/nodes -- -j8 -l8
