In file included from [01m[K/home/nicola/Desktop/Progetto_Sapore/src/nodes/src/Reachability_interactive.cpp:9[m[K:
[01m[K/opt/ros/jazzy/include/moveit_ros_planning/moveit/planning_scene_monitor/planning_scene_monitor.h:50:77:[m[K [01;36m[Knote: [m[Kâ€˜[01m[K#pragma message: .h header is obsolete. Please use the .hpp header instead.[m[Kâ€™
   50 | #pragma message(".h header is obsolete. Please use the .hpp header instead."[01;36m[K)[m[K
      |                                                                             [01;36m[K^[m[K
[01m[K/home/nicola/Desktop/Progetto_Sapore/src/nodes/src/Reachability_interactive.cpp:[m[K In member function â€˜[01m[Kvoid ReachabilityIKNode::[01;32m[KtestReachability[m[K(const geometry_msgs::msg::PoseStamped&, const std::string&)[m[Kâ€™:
[01m[K/home/nicola/Desktop/Progetto_Sapore/src/nodes/src/Reachability_interactive.cpp:234:22:[m[K [01;35m[Kwarning: [m[Kvariable â€˜[01m[Khave_candidate[m[Kâ€™ set but not used [[01;35m[K]8;;https://gcc.gnu.org/onlinedocs/gcc/Warning-Options.html#index-Wunused-but-set-variable-Wunused-but-set-variable]8;;[m[K]
  234 |             {   bool [01;35m[Khave_candidate[m[K = false;
      |                      [01;35m[K^~~~~~~~~~~~~~[m[K
[01m[K/home/nicola/Desktop/Progetto_Sapore/src/nodes/src/Reachability_interactive.cpp:319:17:[m[K [01;31m[Kerror: [m[Kâ€˜[01m[Khave_candidate[m[Kâ€™ was not declared in this scope
  319 |             if ([01;31m[Khave_candidate[m[K)//SE TROVO POSA RAGGIUNGIBILE E QUINDI IN COLLISIONE
      |                 [01;31m[K^~~~~~~~~~~~~~[m[K
[01m[K/home/nicola/Desktop/Progetto_Sapore/src/nodes/src/Reachability_interactive.cpp:324:52:[m[K [01;31m[Kerror: [m[Kâ€˜[01m[Kcandidate_js[m[Kâ€™ was not declared in this scope
  324 |                 current_state.setVariablePositions([01;31m[Kcandidate_js[m[K.name, candidate_js.position);
      |                                                    [01;31m[K^~~~~~~~~~~~[m[K
[01m[K/home/nicola/Desktop/Progetto_Sapore/src/nodes/src/Reachability_interactive.cpp:397:17:[m[K [01;31m[Kerror: [m[Kâ€˜[01m[Kdisplay_msg[m[Kâ€™ was not declared in this scope
  397 |                 [01;31m[Kdisplay_msg[m[K.state.joint_state = Joint_states; // Usa i joint_state che hai trovato
      |                 [01;31m[K^~~~~~~~~~~[m[K
[01m[K/home/nicola/Desktop/Progetto_Sapore/src/nodes/src/Reachability_interactive.cpp:413:30:[m[K [01;31m[Kerror: [m[Kâ€˜[01m[Khave_candidate[m[Kâ€™ was not declared in this scope
  413 |             marker.color.b = [01;31m[Khave_candidate[m[K ? 1.0 : 0.0;
      |                              [01;31m[K^~~~~~~~~~~~~~[m[K
gmake[2]: *** [CMakeFiles/Reac_marker.dir/build.make:76: CMakeFiles/Reac_marker.dir/src/Reachability_interactive.cpp.o] Error 1
gmake[1]: *** [CMakeFiles/Makefile2:249: CMakeFiles/Reac_marker.dir/all] Error 2
gmake: *** [Makefile:146: all] Error 2
