In file included from [01m[K/home/nicola/Desktop/Progetto_Sapore/src/nodes/src/Reachability_interactive.cpp:9[m[K:
[01m[K/opt/ros/jazzy/include/moveit_ros_planning/moveit/planning_scene_monitor/planning_scene_monitor.h:50:77:[m[K [01;36m[Knote: [m[Kâ€˜[01m[K#pragma message: .h header is obsolete. Please use the .hpp header instead.[m[Kâ€™
   50 | #pragma message(".h header is obsolete. Please use the .hpp header instead."[01;36m[K)[m[K
      |                                                                             [01;36m[K^[m[K
[01m[K/home/nicola/Desktop/Progetto_Sapore/src/nodes/src/Reachability_interactive.cpp:[m[K In member function â€˜[01m[Kbool ReachabilityIKNode::[01;32m[KCheckLinkCollision[m[K(bool)[m[Kâ€™:
[01m[K/home/nicola/Desktop/Progetto_Sapore/src/nodes/src/Reachability_interactive.cpp:219:54:[m[K [01;31m[Kerror: [m[Kâ€˜[01m[Kgroup_name[m[Kâ€™ was not declared in this scope; did you mean â€˜[01m[Kgroup_[m[Kâ€™?
  219 |                     current_state.getJointModelGroup([01;31m[Kgroup_name[m[K);
      |                                                      [01;31m[K^~~~~~~~~~[m[K
      |                                                      [32m[Kgroup_[m[K
[01m[K/home/nicola/Desktop/Progetto_Sapore/src/nodes/src/Reachability_interactive.cpp:221:40:[m[K [01;31m[Kerror: [m[Kâ€˜[01m[Kpose[m[Kâ€™ was not declared in this scope
  221 |                     joint_model_group, [01;31m[Kpose[m[K.pose,1);
      |                                        [01;31m[K^~~~[m[K
[01m[K/home/nicola/Desktop/Progetto_Sapore/src/nodes/src/Reachability_interactive.cpp:226:44:[m[K [01;31m[Kerror: [m[Kâ€˜[01m[Kcandidate_js[m[Kâ€™ was not declared in this scope
  226 |                         joint_model_group, [01;31m[Kcandidate_js[m[K.position);
      |                                            [01;31m[K^~~~~~~~~~~~[m[K
[01m[K/home/nicola/Desktop/Progetto_Sapore/src/nodes/src/Reachability_interactive.cpp:249:52:[m[K [01;31m[Kerror: [m[Kâ€˜[01m[Kcandidate_js[m[Kâ€™ was not declared in this scope
  249 |                 current_state.setVariablePositions([01;31m[Kcandidate_js[m[K.name, candidate_js.position);
      |                                                    [01;31m[K^~~~~~~~~~~~[m[K
[01m[K/home/nicola/Desktop/Progetto_Sapore/src/nodes/src/Reachability_interactive.cpp:257:44:[m[K [01;31m[Kerror: [m[Kâ€˜[01m[Kgroup_name[m[Kâ€™ was not declared in this scope; did you mean â€˜[01m[Kgroup_[m[Kâ€™?
  257 |             collision_request.group_name = [01;31m[Kgroup_name[m[K;
      |                                            [01;31m[K^~~~~~~~~~[m[K
      |                                            [32m[Kgroup_[m[K
[01m[K/home/nicola/Desktop/Progetto_Sapore/src/nodes/src/Reachability_interactive.cpp:309:30:[m[K [01;31m[Kerror: [m[Kâ€˜[01m[Kpose[m[Kâ€™ was not declared in this scope
  309 |                 tf2::fromMsg([01;31m[Kpose[m[K.pose.orientation, q_orig);
      |                              [01;31m[K^~~~[m[K
[01m[K/home/nicola/Desktop/Progetto_Sapore/src/nodes/src/Reachability_interactive.cpp:329:25:[m[K [01;31m[Kerror: [m[Kâ€˜[01m[Kall_orientations_reachable[m[Kâ€™ was not declared in this scope
  329 |                         [01;31m[Kall_orientations_reachable[m[K = false;
      |                         [01;31m[K^~~~~~~~~~~~~~~~~~~~~~~~~~[m[K
[01m[K/home/nicola/Desktop/Progetto_Sapore/src/nodes/src/Reachability_interactive.cpp:356:25:[m[K [01;31m[Kerror: [m[Kâ€˜[01m[Kall_orientations_reachable[m[Kâ€™ was not declared in this scope
  356 |                         [01;31m[Kall_orientations_reachable[m[K = false;
      |                         [01;31m[K^~~~~~~~~~~~~~~~~~~~~~~~~~[m[K
[01m[K/home/nicola/Desktop/Progetto_Sapore/src/nodes/src/Reachability_interactive.cpp:381:49:[m[K [01;31m[Kerror: [m[Kâ€˜[01m[KJoint_states[m[Kâ€™ was not declared in this scope
  381 |                 display_msg.state.joint_state = [01;31m[KJoint_states[m[K; // Usa i joint_state che hai trovato
      |                                                 [01;31m[K^~~~~~~~~~~~[m[K
[01m[K/home/nicola/Desktop/Progetto_Sapore/src/nodes/src/Reachability_interactive.cpp:[m[K In member function â€˜[01m[Kvoid ReachabilityIKNode::[01;32m[KtestReachability[m[K(const geometry_msgs::msg::PoseStamped&, const std::string&)[m[Kâ€™:
[01m[K/home/nicola/Desktop/Progetto_Sapore/src/nodes/src/Reachability_interactive.cpp:394:14:[m[K [01;35m[Kwarning: [m[Kunused variable â€˜[01m[Kall_orientations_reachable[m[Kâ€™ [[01;35m[K]8;;https://gcc.gnu.org/onlinedocs/gcc/Warning-Options.html#index-Wunused-variable-Wunused-variable]8;;[m[K]
  394 |         bool [01;35m[Kall_orientations_reachable[m[K = true;
      |              [01;35m[K^~~~~~~~~~~~~~~~~~~~~~~~~~[m[K
gmake[2]: *** [CMakeFiles/Reac_marker.dir/build.make:76: CMakeFiles/Reac_marker.dir/src/Reachability_interactive.cpp.o] Error 1
gmake[1]: *** [CMakeFiles/Makefile2:249: CMakeFiles/Reac_marker.dir/all] Error 2
gmake: *** [Makefile:146: all] Error 2
