[0.012s] Invoking command in '/home/nicola/Desktop/Progetto_Sapore/build/nodes': CMAKE_PREFIX_PATH=/home/nicola/Desktop/Progetto_Sapore/install/interfaces:/home/nicola/Desktop/Progetto_Sapore/install/nodes:/home/nicola/Desktop/Progetto_Sapore/install/iiwa_config_moveit_config:/home/nicola/Desktop/Progetto_Sapore/install/iiwa_description:/home/nicola/Desktop/Progetto_Sapore/install/build_scene_package:/opt/ros/jazzy/opt/sdformat_vendor:/opt/ros/jazzy/opt/gz_math_vendor:/opt/ros/jazzy/opt/gz_utils_vendor:/opt/ros/jazzy/opt/gz_tools_vendor:/opt/ros/jazzy/opt/gz_cmake_vendor:/opt/ros/jazzy DEBUGINFOD_URLS=https://debuginfod.ubuntu.com /usr/bin/cmake --build /home/nicola/Desktop/Progetto_Sapore/build/nodes -- -j8 -l8
[0.068s] [ 20%] Built target Raggiungibilita
[0.069s] [ 40%] Built target interactive_reach
[0.077s] [ 60%] Built target Reach
[0.078s] [ 80%] Built target test_reach
[0.094s] [ 90%] [32m[1mLinking CXX executable Reac_marker[0m
[0.751s] /usr/bin/ld: CMakeFiles/Reac_marker.dir/src/Reachability_interactive.cpp.o: in function `ReachabilityIKNode::testReachability(geometry_msgs::msg::PoseStamped_<std::allocator<void> > const&, std::__cxx11::basic_string<char, std::char_traits<char>, std::allocator<char> > const&)':
[0.751s] Reachability_interactive.cpp:(.text._ZN18ReachabilityIKNode16testReachabilityERKN13geometry_msgs3msg12PoseStamped_ISaIvEEERKNSt7__cxx1112basic_stringIcSt11char_traitsIcESaIcEEE[_ZN18ReachabilityIKNode16testReachabilityERKN13geometry_msgs3msg12PoseStamped_ISaIvEEERKNSt7__cxx1112basic_stringIcSt11char_traitsIcESaIcEEE]+0x11c1): undefined reference to `void tf2::fromMsg<geometry_msgs::msg::Quaternion_<std::allocator<void> >, tf2::Quaternion>(geometry_msgs::msg::Quaternion_<std::allocator<void> > const&, tf2::Quaternion&)'
[0.813s] collect2: error: ld returned 1 exit status
[0.814s] gmake[2]: *** [CMakeFiles/Reac_marker.dir/build.make:376: Reac_marker] Error 1
[0.814s] gmake[1]: *** [CMakeFiles/Makefile2:249: CMakeFiles/Reac_marker.dir/all] Error 2
[0.814s] gmake: *** [Makefile:146: all] Error 2
[0.816s] Invoked command in '/home/nicola/Desktop/Progetto_Sapore/build/nodes' returned '2': CMAKE_PREFIX_PATH=/home/nicola/Desktop/Progetto_Sapore/install/interfaces:/home/nicola/Desktop/Progetto_Sapore/install/nodes:/home/nicola/Desktop/Progetto_Sapore/install/iiwa_config_moveit_config:/home/nicola/Desktop/Progetto_Sapore/install/iiwa_description:/home/nicola/Desktop/Progetto_Sapore/install/build_scene_package:/opt/ros/jazzy/opt/sdformat_vendor:/opt/ros/jazzy/opt/gz_math_vendor:/opt/ros/jazzy/opt/gz_utils_vendor:/opt/ros/jazzy/opt/gz_tools_vendor:/opt/ros/jazzy/opt/gz_cmake_vendor:/opt/ros/jazzy DEBUGINFOD_URLS=https://debuginfod.ubuntu.com /usr/bin/cmake --build /home/nicola/Desktop/Progetto_Sapore/build/nodes -- -j8 -l8
