[ 16%] Built target Raggiungibilita
[ 33%] Built target test_reach
[ 50%] Built target interactive_reach
[ 66%] Built target Reac_marker
[ 83%] Built target check_collision
[ 91%] [32mBuilding CXX object CMakeFiles/Reach.dir/src/test_reach.cpp.o[0m
In file included from [01m[K/home/nicola/Desktop/Progetto_Sapore/src/nodes/src/test_reach.cpp:9[m[K:
[01m[K/opt/ros/jazzy/include/moveit_ros_planning/moveit/planning_scene_monitor/planning_scene_monitor.h:50:77:[m[K [01;36m[Knote: [m[Kâ€˜[01m[K#pragma message: .h header is obsolete. Please use the .hpp header instead.[m[Kâ€™
   50 | #pragma message(".h header is obsolete. Please use the .hpp header instead."[01;36m[K)[m[K
      |                                                                             [01;36m[K^[m[K
In file included from [01m[K/home/nicola/Desktop/Progetto_Sapore/src/nodes/src/test_reach.cpp:10[m[K:
[01m[K/opt/ros/jazzy/include/moveit_core/moveit/planning_scene/planning_scene.h:50:77:[m[K [01;36m[Knote: [m[Kâ€˜[01m[K#pragma message: .h header is obsolete. Please use the .hpp header instead.[m[Kâ€™
   50 | #pragma message(".h header is obsolete. Please use the .hpp header instead."[01;36m[K)[m[K
      |                                                                             [01;36m[K^[m[K
In file included from [01m[K/home/nicola/Desktop/Progetto_Sapore/src/nodes/src/test_reach.cpp:11[m[K:
[01m[K/opt/ros/jazzy/include/moveit_ros_planning/moveit/robot_model_loader/robot_model_loader.h:50:77:[m[K [01;36m[Knote: [m[Kâ€˜[01m[K#pragma message: .h header is obsolete. Please use the .hpp header instead.[m[Kâ€™
   50 | #pragma message(".h header is obsolete. Please use the .hpp header instead."[01;36m[K)[m[K
      |                                                                             [01;36m[K^[m[K
In file included from [01m[K/home/nicola/Desktop/Progetto_Sapore/src/nodes/src/test_reach.cpp:12[m[K:
[01m[K/opt/ros/jazzy/include/moveit_core/moveit/robot_state/robot_state.h:51:77:[m[K [01;36m[Knote: [m[Kâ€˜[01m[K#pragma message: .h header is obsolete. Please use the .hpp header instead.[m[Kâ€™
   51 | #pragma message(".h header is obsolete. Please use the .hpp header instead."[01;36m[K)[m[K
      |                                                                             [01;36m[K^[m[K
In file included from [01m[K/home/nicola/Desktop/Progetto_Sapore/src/nodes/src/test_reach.cpp:13[m[K:
[01m[K/opt/ros/jazzy/include/moveit_core/moveit/collision_detection/collision_common.h:50:77:[m[K [01;36m[Knote: [m[Kâ€˜[01m[K#pragma message: .h header is obsolete. Please use the .hpp header instead.[m[Kâ€™
   50 | #pragma message(".h header is obsolete. Please use the .hpp header instead."[01;36m[K)[m[K
      |                                                                             [01;36m[K^[m[K
In file included from [01m[K/home/nicola/Desktop/Progetto_Sapore/src/nodes/src/test_reach.cpp:15[m[K:
[01m[K/opt/ros/jazzy/include/moveit_ros_planning_interface/moveit/move_group_interface/move_group_interface.h:51:77:[m[K [01;36m[Knote: [m[Kâ€˜[01m[K#pragma message: .h header is obsolete. Please use the .hpp header instead.[m[Kâ€™
   51 | #pragma message(".h header is obsolete. Please use the .hpp header instead."[01;36m[K)[m[K
      |                                                                             [01;36m[K^[m[K
In file included from [01m[K/home/nicola/Desktop/Progetto_Sapore/src/nodes/src/test_reach.cpp:23[m[K:
[01m[K/opt/ros/jazzy/include/moveit_core/moveit/robot_state/conversions.h:50:77:[m[K [01;36m[Knote: [m[Kâ€˜[01m[K#pragma message: .h header is obsolete. Please use the .hpp header instead.[m[Kâ€™
   50 | #pragma message(".h header is obsolete. Please use the .hpp header instead."[01;36m[K)[m[K
      |                                                                             [01;36m[K^[m[K
In file included from [01m[K/home/nicola/Desktop/Progetto_Sapore/src/nodes/src/test_reach.cpp:24[m[K:
[01m[K/opt/ros/jazzy/include/moveit_core/moveit/utils/moveit_error_code.h:48:77:[m[K [01;36m[Knote: [m[Kâ€˜[01m[K#pragma message: .h header is obsolete. Please use the .hpp header instead.[m[Kâ€™
   48 | #pragma message(".h header is obsolete. Please use the .hpp header instead."[01;36m[K)[m[K
      |                                                                             [01;36m[K^[m[K
In file included from [01m[K/opt/ros/jazzy/include/rclcpp/rclcpp/logging.hpp:24[m[K,
                 from [01m[K/opt/ros/jazzy/include/rclcpp/rclcpp/copy_all_parameter_values.hpp:27[m[K,
                 from [01m[K/opt/ros/jazzy/include/rclcpp/rclcpp/rclcpp.hpp:171[m[K,
                 from [01m[K/home/nicola/Desktop/Progetto_Sapore/src/nodes/src/test_reach.cpp:1[m[K:
[01m[K/home/nicola/Desktop/Progetto_Sapore/src/nodes/src/test_reach.cpp:[m[K In member function â€˜[01m[Kvoid ReachabilityIKNode::[01;32m[Kstart[m[K()[m[Kâ€™:
[01m[K/home/nicola/Desktop/Progetto_Sapore/src/nodes/src/test_reach.cpp:121:37:[m[K [01;35m[Kwarning: [m[Kzero-length gnu_printf format string [[01;35m[K]8;;https://gcc.gnu.org/onlinedocs/gcc/Warning-Options.html#index-Wformat-zero-length-Wformat-zero-length]8;;[m[K]
  121 |     RCLCPP_INFO(this->get_logger(), [01;35m[K""[m[K);
      |                                     [01;35m[K^~[m[K
[01m[K/home/nicola/Desktop/Progetto_Sapore/src/nodes/src/test_reach.cpp:125:37:[m[K [01;35m[Kwarning: [m[Kzero-length gnu_printf format string [[01;35m[K]8;;https://gcc.gnu.org/onlinedocs/gcc/Warning-Options.html#index-Wformat-zero-length-Wformat-zero-length]8;;[m[K]
  125 |     RCLCPP_INFO(this->get_logger(), [01;35m[K""[m[K);
      |                                     [01;35m[K^~[m[K
[01m[K/home/nicola/Desktop/Progetto_Sapore/src/nodes/src/test_reach.cpp:168:18:[m[K [01;35m[Kwarning: [m[Kvariable â€˜[01m[Ktrovato[m[Kâ€™ set but not used [[01;35m[K]8;;https://gcc.gnu.org/onlinedocs/gcc/Warning-Options.html#index-Wunused-but-set-variable-Wunused-but-set-variable]8;;[m[K]
  168 |             bool [01;35m[Ktrovato[m[K = false;
      |                  [01;35m[K^~~~~~~[m[K
[01m[K/home/nicola/Desktop/Progetto_Sapore/src/nodes/src/test_reach.cpp:[m[K In lambda function:
[01m[K/home/nicola/Desktop/Progetto_Sapore/src/nodes/src/test_reach.cpp:395:46:[m[K [01;35m[Kwarning: [m[Kunused variable â€˜[01m[Kjmg[m[Kâ€™ [[01;35m[K]8;;https://gcc.gnu.org/onlinedocs/gcc/Warning-Options.html#index-Wunused-variable-Wunused-variable]8;;[m[K]
  395 |         const moveit::core::JointModelGroup *[01;35m[Kjmg[m[K =
      |                                              [01;35m[K^~~[m[K
[01m[K/home/nicola/Desktop/Progetto_Sapore/src/nodes/src/test_reach.cpp:[m[K In member function â€˜[01m[Kbool ReachabilityIKNode::[01;32m[KtestPlannerPouring[m[K(const geometry_msgs::msg::PoseStamped&, const std::string&, double)[m[Kâ€™:
[01m[K/home/nicola/Desktop/Progetto_Sapore/src/nodes/src/test_reach.cpp:473:38:[m[K [01;31m[Kerror: [m[Kâ€˜[01m[Kjoint_names[m[Kâ€™ was not declared in this scope
  473 |     start_state.setVariablePositions([01;31m[Kjoint_names[m[K, last_point.positions);
      |                                      [01;31m[K^~~~~~~~~~~[m[K
[01m[K/home/nicola/Desktop/Progetto_Sapore/src/nodes/src/test_reach.cpp:473:51:[m[K [01;31m[Kerror: [m[Kâ€˜[01m[Klast_point[m[Kâ€™ was not declared in this scope
  473 |     start_state.setVariablePositions(joint_names, [01;31m[Klast_point[m[K.positions);
      |                                                   [01;31m[K^~~~~~~~~~[m[K
[01m[K/home/nicola/Desktop/Progetto_Sapore/src/nodes/src/test_reach.cpp:[m[K In member function â€˜[01m[Kvoid ReachabilityIKNode::[01;32m[KdebugTrajectoryCollisions[m[K(const moveit_msgs::msg::RobotTrajectory&, const std::string&)[m[Kâ€™:
[01m[K/home/nicola/Desktop/Progetto_Sapore/src/nodes/src/test_reach.cpp:791:21:[m[K [01;35m[Kwarning: [m[Kunused variable â€˜[01m[Kjmg[m[Kâ€™ [[01;35m[K]8;;https://gcc.gnu.org/onlinedocs/gcc/Warning-Options.html#index-Wunused-variable-Wunused-variable]8;;[m[K]
  791 |         const auto* [01;35m[Kjmg[m[K = state.getJointModelGroup(group_name);
      |                     [01;35m[K^~~[m[K
[01m[K/home/nicola/Desktop/Progetto_Sapore/src/nodes/src/test_reach.cpp:[m[K In member function â€˜[01m[Kint ReachabilityIKNode::[01;32m[KtestReachability[m[K(const geometry_msgs::msg::PoseStamped&, const std::string&)[m[Kâ€™:
[01m[K/home/nicola/Desktop/Progetto_Sapore/src/nodes/src/test_reach.cpp:1008:14:[m[K [01;35m[Kwarning: [m[Kunused variable â€˜[01m[Kall_orientations_reachable[m[Kâ€™ [[01;35m[K]8;;https://gcc.gnu.org/onlinedocs/gcc/Warning-Options.html#index-Wunused-variable-Wunused-variable]8;;[m[K]
 1008 |         bool [01;35m[Kall_orientations_reachable[m[K = true;
      |              [01;35m[K^~~~~~~~~~~~~~~~~~~~~~~~~~[m[K
gmake[2]: *** [CMakeFiles/Reach.dir/build.make:76: CMakeFiles/Reach.dir/src/test_reach.cpp.o] Error 1
gmake[1]: *** [CMakeFiles/Makefile2:147: CMakeFiles/Reach.dir/all] Error 2
gmake: *** [Makefile:146: all] Error 2
