[01m[K/home/nicola/Desktop/Progetto_Sapore/src/nodes/src/Reachability_interactive.cpp:29:10:[m[K [01;31m[Kfatal error: [m[Kmoveit/trajectory_processing/iterative_time_parameterization.h: No such file or directory
   29 | #include [01;31m[K<moveit/trajectory_processing/iterative_time_parameterization.h>[m[K
      |          [01;31m[K^~~~~~~~~~~~~~~~~~~~~~~~~~~~~~~~~~~~~~~~~~~~~~~~~~~~~~~~~~~~~~~~[m[K
compilation terminated.
gmake[2]: *** [CMakeFiles/Reac_marker.dir/build.make:76: CMakeFiles/Reac_marker.dir/src/Reachability_interactive.cpp.o] Error 1
gmake[1]: *** [CMakeFiles/Makefile2:249: CMakeFiles/Reac_marker.dir/all] Error 2
gmake: *** [Makefile:146: all] Error 2
