[01m[Kcc1plus:[m[K [01;31m[Kfatal error: [m[K/home/nicola/Desktop/Progetto_Sapore/src/nodes/src/check_start_state_collision.cpp: No such file or directory
compilation terminated.
gmake[2]: *** [CMakeFiles/check_collision.dir/build.make:76: CMakeFiles/check_collision.dir/src/check_start_state_collision.cpp.o] Error 1
gmake[1]: *** [CMakeFiles/Makefile2:277: CMakeFiles/check_collision.dir/all] Error 2
gmake: *** [Makefile:146: all] Error 2
