[ 16%] Built target interactive_reach
[ 33%] Built target Raggiungibilita
[ 50%] Built target Reac_marker
[ 58%] [32mBuilding CXX object CMakeFiles/check_collision.dir/src/check_start_state_collision.cpp.o[0m
[ 75%] Built target test_reach
[ 91%] Built target Reach
[01m[Kcc1plus:[m[K [01;31m[Kfatal error: [m[K/home/nicola/Desktop/Progetto_Sapore/src/nodes/src/check_start_state_collision.cpp: No such file or directory
compilation terminated.
gmake[2]: *** [CMakeFiles/check_collision.dir/build.make:76: CMakeFiles/check_collision.dir/src/check_start_state_collision.cpp.o] Error 1
gmake[1]: *** [CMakeFiles/Makefile2:277: CMakeFiles/check_collision.dir/all] Error 2
gmake: *** [Makefile:146: all] Error 2
