[0.015s] Invoking command in '/home/nicola/Desktop/Progetto_Sapore/build/nodes': CMAKE_PREFIX_PATH=/home/nicola/Desktop/Progetto_Sapore/install/interfaces:/home/nicola/Desktop/Progetto_Sapore/install/nodes:/home/nicola/Desktop/Progetto_Sapore/install/iiwa_config_moveit_config:/home/nicola/Desktop/Progetto_Sapore/install/iiwa_description:/home/nicola/Desktop/Progetto_Sapore/install/build_scene_package:/opt/ros/jazzy/opt/sdformat_vendor:/opt/ros/jazzy/opt/gz_math_vendor:/opt/ros/jazzy/opt/gz_utils_vendor:/opt/ros/jazzy/opt/gz_tools_vendor:/opt/ros/jazzy/opt/gz_cmake_vendor:/opt/ros/jazzy DEBUGINFOD_URLS=https://debuginfod.ubuntu.com /usr/bin/cmake --build /home/nicola/Desktop/Progetto_Sapore/build/nodes -- -j8 -l8
[0.086s] [ 20%] Built target interactive_reach
[0.086s] [ 40%] Built target Raggiungibilita
[0.096s] [ 60%] Built target test_reach
[0.099s] [ 80%] Built target Reac_marker
[0.116s] [ 90%] [32mBuilding CXX object CMakeFiles/Reach.dir/src/test_reach.cpp.o[0m
[3.315s] In file included from [01m[K/home/nicola/Desktop/Progetto_Sapore/src/nodes/src/test_reach.cpp:9[m[K:
[3.315s] [01m[K/opt/ros/jazzy/include/moveit_ros_planning/moveit/planning_scene_monitor/planning_scene_monitor.h:50:77:[m[K [01;36m[Knote: [m[Kâ€˜[01m[K#pragma message: .h header is obsolete. Please use the .hpp header instead.[m[Kâ€™
[3.315s]    50 | #pragma message(".h header is obsolete. Please use the .hpp header instead."[01;36m[K)[m[K
[3.315s]       |                                                                             [01;36m[K^[m[K
[5.609s] In file included from [01m[K/home/nicola/Desktop/Progetto_Sapore/src/nodes/src/test_reach.cpp:10[m[K:
[5.609s] [01m[K/opt/ros/jazzy/include/moveit_core/moveit/planning_scene/planning_scene.h:50:77:[m[K [01;36m[Knote: [m[Kâ€˜[01m[K#pragma message: .h header is obsolete. Please use the .hpp header instead.[m[Kâ€™
[5.609s]    50 | #pragma message(".h header is obsolete. Please use the .hpp header instead."[01;36m[K)[m[K
[5.609s]       |                                                                             [01;36m[K^[m[K
[5.609s] In file included from [01m[K/home/nicola/Desktop/Progetto_Sapore/src/nodes/src/test_reach.cpp:11[m[K:
[5.609s] [01m[K/opt/ros/jazzy/include/moveit_ros_planning/moveit/robot_model_loader/robot_model_loader.h:50:77:[m[K [01;36m[Knote: [m[Kâ€˜[01m[K#pragma message: .h header is obsolete. Please use the .hpp header instead.[m[Kâ€™
[5.609s]    50 | #pragma message(".h header is obsolete. Please use the .hpp header instead."[01;36m[K)[m[K
[5.609s]       |                                                                             [01;36m[K^[m[K
[5.609s] In file included from [01m[K/home/nicola/Desktop/Progetto_Sapore/src/nodes/src/test_reach.cpp:12[m[K:
[5.609s] [01m[K/opt/ros/jazzy/include/moveit_core/moveit/robot_state/robot_state.h:51:77:[m[K [01;36m[Knote: [m[Kâ€˜[01m[K#pragma message: .h header is obsolete. Please use the .hpp header instead.[m[Kâ€™
[5.609s]    51 | #pragma message(".h header is obsolete. Please use the .hpp header instead."[01;36m[K)[m[K
[5.609s]       |                                                                             [01;36m[K^[m[K
[5.610s] In file included from [01m[K/home/nicola/Desktop/Progetto_Sapore/src/nodes/src/test_reach.cpp:13[m[K:
[5.610s] [01m[K/opt/ros/jazzy/include/moveit_core/moveit/collision_detection/collision_common.h:50:77:[m[K [01;36m[Knote: [m[Kâ€˜[01m[K#pragma message: .h header is obsolete. Please use the .hpp header instead.[m[Kâ€™
[5.610s]    50 | #pragma message(".h header is obsolete. Please use the .hpp header instead."[01;36m[K)[m[K
[5.610s]       |                                                                             [01;36m[K^[m[K
[5.626s] In file included from [01m[K/home/nicola/Desktop/Progetto_Sapore/src/nodes/src/test_reach.cpp:21[m[K:
[5.626s] [01m[K/opt/ros/jazzy/include/moveit_ros_planning_interface/moveit/move_group_interface/move_group_interface.h:51:77:[m[K [01;36m[Knote: [m[Kâ€˜[01m[K#pragma message: .h header is obsolete. Please use the .hpp header instead.[m[Kâ€™
[5.626s]    51 | #pragma message(".h header is obsolete. Please use the .hpp header instead."[01;36m[K)[m[K
[5.626s]       |                                                                             [01;36m[K^[m[K
[6.095s] [01m[K/home/nicola/Desktop/Progetto_Sapore/src/nodes/src/test_reach.cpp:[m[K In member function â€˜[01m[Kbool ReachabilityIKNode::[01;32m[KtestCartesianoPouring[m[K(const geometry_msgs::msg::PoseStamped&, const std::string&, double, int)[m[Kâ€™:
[6.095s] [01m[K/home/nicola/Desktop/Progetto_Sapore/src/nodes/src/test_reach.cpp:348:54:[m[K [01;35m[Kwarning: [m[Kâ€˜[01m[Kdouble moveit::planning_interface::MoveGroupInterface::[01;32m[KcomputeCartesianPath[m[K(const std::vector<geometry_msgs::msg::Pose_<std::allocator<void> >, std::allocator<geometry_msgs::msg::Pose_<std::allocator<void> > > >&, double, double, moveit_msgs::msg::RobotTrajectory&, bool, moveit_msgs::msg::MoveItErrorCodes*)[m[Kâ€™ is deprecated: Drop jump_threshold [[01;35m[K]8;;https://gcc.gnu.org/onlinedocs/gcc/Warning-Options.html#index-Wdeprecated-declarations-Wdeprecated-declarations]8;;[m[K]
[6.095s]   348 |     double fraction = [01;35m[Kmove_group.computeCartesianPath(waypoints, eef_step, jump_threshold, trajectory)[m[K;
[6.096s]       |                       [01;35m[K~~~~~~~~~~~~~~~~~~~~~~~~~~~~~~~^~~~~~~~~~~~~~~~~~~~~~~~~~~~~~~~~~~~~~~~~~~~~~~~~[m[K
[6.096s] In file included from [01m[K/opt/ros/jazzy/include/moveit_ros_planning_interface/moveit/move_group_interface/move_group_interface.h:52[m[K:
[6.096s] [01m[K/opt/ros/jazzy/include/moveit_ros_planning_interface/moveit/move_group_interface/move_group_interface.hpp:765:3:[m[K [01;36m[Knote: [m[Kdeclared here
[6.096s]   765 |   [01;36m[KcomputeCartesianPath[m[K(const std::vector<geometry_msgs::msg::Pose>& waypoints, double eef_step,
[6.096s]       |   [01;36m[K^~~~~~~~~~~~~~~~~~~~[m[K
[6.096s] [01m[K/home/nicola/Desktop/Progetto_Sapore/src/nodes/src/test_reach.cpp:359:75:[m[K [01;31m[Kerror: [m[Kno matching function for call to â€˜[01m[Kplanning_scene_monitor::LockedPlanningSceneRO::LockedPlanningSceneRO(planning_scene::PlanningScenePtr&)[m[Kâ€™
[6.096s]   359 |         planning_scene_monitor::LockedPlanningSceneRO scene(planning_scene[01;31m[K)[m[K;
[6.096s]       |                                                                           [01;31m[K^[m[K
[6.096s] In file included from [01m[K/opt/ros/jazzy/include/moveit_ros_planning/moveit/planning_scene_monitor/planning_scene_monitor.h:51[m[K:
[6.097s] [01m[K/opt/ros/jazzy/include/moveit_ros_planning/moveit/planning_scene_monitor/planning_scene_monitor.hpp:656:3:[m[K [01;36m[Knote: [m[Kcandidate: â€˜[01m[Kplanning_scene_monitor::LockedPlanningSceneRO::[01;32m[KLockedPlanningSceneRO[m[K(const planning_scene_monitor::PlanningSceneMonitorPtr&, bool)[m[Kâ€™
[6.097s]   656 |   [01;36m[KLockedPlanningSceneRO[m[K(const PlanningSceneMonitorPtr& planning_scene_monitor, bool read_only)
[6.097s]       |   [01;36m[K^~~~~~~~~~~~~~~~~~~~~[m[K
[6.097s] [01m[K/opt/ros/jazzy/include/moveit_ros_planning/moveit/planning_scene_monitor/planning_scene_monitor.hpp:656:3:[m[K [01;36m[Knote: [m[K  candidate expects 2 arguments, 1 provided
[6.097s] [01m[K/opt/ros/jazzy/include/moveit_ros_planning/moveit/planning_scene_monitor/planning_scene_monitor.hpp:629:3:[m[K [01;36m[Knote: [m[Kcandidate: â€˜[01m[Kplanning_scene_monitor::LockedPlanningSceneRO::[01;32m[KLockedPlanningSceneRO[m[K(const planning_scene_monitor::PlanningSceneMonitorPtr&)[m[Kâ€™
[6.097s]   629 |   [01;36m[KLockedPlanningSceneRO[m[K(const PlanningSceneMonitorPtr& planning_scene_monitor)
[6.097s]       |   [01;36m[K^~~~~~~~~~~~~~~~~~~~~[m[K
[6.097s] [01m[K/opt/ros/jazzy/include/moveit_ros_planning/moveit/planning_scene_monitor/planning_scene_monitor.hpp:629:56:[m[K [01;36m[Knote: [m[K  no known conversion for argument 1 from â€˜[01m[Kplanning_scene::PlanningScenePtr[m[Kâ€™ {aka â€˜[01m[Kstd::shared_ptr<planning_scene::PlanningScene>[m[Kâ€™} to â€˜[01m[Kconst planning_scene_monitor::PlanningSceneMonitorPtr&[m[Kâ€™ {aka â€˜[01m[Kconst std::shared_ptr<planning_scene_monitor::PlanningSceneMonitor>&[m[Kâ€™}
[6.097s]   629 |   LockedPlanningSceneRO([01;36m[Kconst PlanningSceneMonitorPtr& planning_scene_monitor[m[K)
[6.097s]       |                         [01;36m[K~~~~~~~~~~~~~~~~~~~~~~~~~~~~~~~^~~~~~~~~~~~~~~~~~~~~~[m[K
[6.097s] [01m[K/opt/ros/jazzy/include/moveit_ros_planning/moveit/planning_scene_monitor/planning_scene_monitor.hpp:626:7:[m[K [01;36m[Knote: [m[Kcandidate: â€˜[01m[Kplanning_scene_monitor::LockedPlanningSceneRO::[01;32m[KLockedPlanningSceneRO[m[K(const planning_scene_monitor::LockedPlanningSceneRO&)[m[Kâ€™
[6.097s]   626 | class [01;36m[KLockedPlanningSceneRO[m[K
[6.097s]       |       [01;36m[K^~~~~~~~~~~~~~~~~~~~~[m[K
[6.097s] [01m[K/opt/ros/jazzy/include/moveit_ros_planning/moveit/planning_scene_monitor/planning_scene_monitor.hpp:626:7:[m[K [01;36m[Knote: [m[K  no known conversion for argument 1 from â€˜[01m[Kplanning_scene::PlanningScenePtr[m[Kâ€™ {aka â€˜[01m[Kstd::shared_ptr<planning_scene::PlanningScene>[m[Kâ€™} to â€˜[01m[Kconst planning_scene_monitor::LockedPlanningSceneRO&[m[Kâ€™
[6.097s] [01m[K/opt/ros/jazzy/include/moveit_ros_planning/moveit/planning_scene_monitor/planning_scene_monitor.hpp:626:7:[m[K [01;36m[Knote: [m[Kcandidate: â€˜[01m[Kplanning_scene_monitor::LockedPlanningSceneRO::[01;32m[KLockedPlanningSceneRO[m[K(planning_scene_monitor::LockedPlanningSceneRO&&)[m[Kâ€™
[6.097s] [01m[K/opt/ros/jazzy/include/moveit_ros_planning/moveit/planning_scene_monitor/planning_scene_monitor.hpp:626:7:[m[K [01;36m[Knote: [m[K  no known conversion for argument 1 from â€˜[01m[Kplanning_scene::PlanningScenePtr[m[Kâ€™ {aka â€˜[01m[Kstd::shared_ptr<planning_scene::PlanningScene>[m[Kâ€™} to â€˜[01m[Kplanning_scene_monitor::LockedPlanningSceneRO&&[m[Kâ€™
[6.099s] [01m[K/home/nicola/Desktop/Progetto_Sapore/src/nodes/src/test_reach.cpp:388:19:[m[K [01;31m[Kerror: [m[Kâ€˜[01m[KrobotStateToRobotStateMsg[m[Kâ€™ is not a member of â€˜[01m[Kmoveit::core[m[Kâ€™
[6.099s]   388 |     moveit::core::[01;31m[KrobotStateToRobotStateMsg[m[K(*start_state, disp.trajectory_start);
[6.099s]       |                   [01;31m[K^~~~~~~~~~~~~~~~~~~~~~~~~[m[K
[6.105s] [01m[K/home/nicola/Desktop/Progetto_Sapore/src/nodes/src/test_reach.cpp:[m[K In member function â€˜[01m[Kint ReachabilityIKNode::[01;32m[KtestReachability[m[K(const geometry_msgs::msg::PoseStamped&, const std::string&)[m[Kâ€™:
[6.106s] [01m[K/home/nicola/Desktop/Progetto_Sapore/src/nodes/src/test_reach.cpp:400:14:[m[K [01;35m[Kwarning: [m[Kunused variable â€˜[01m[Kall_orientations_reachable[m[Kâ€™ [[01;35m[K]8;;https://gcc.gnu.org/onlinedocs/gcc/Warning-Options.html#index-Wunused-variable-Wunused-variable]8;;[m[K]
[6.106s]   400 |         bool [01;35m[Kall_orientations_reachable[m[K = true;
[6.106s]       |              [01;35m[K^~~~~~~~~~~~~~~~~~~~~~~~~~[m[K
[9.499s] gmake[2]: *** [CMakeFiles/Reach.dir/build.make:76: CMakeFiles/Reach.dir/src/test_reach.cpp.o] Error 1
[9.499s] gmake[1]: *** [CMakeFiles/Makefile2:145: CMakeFiles/Reach.dir/all] Error 2
[9.499s] gmake: *** [Makefile:146: all] Error 2
[9.501s] Invoked command in '/home/nicola/Desktop/Progetto_Sapore/build/nodes' returned '2': CMAKE_PREFIX_PATH=/home/nicola/Desktop/Progetto_Sapore/install/interfaces:/home/nicola/Desktop/Progetto_Sapore/install/nodes:/home/nicola/Desktop/Progetto_Sapore/install/iiwa_config_moveit_config:/home/nicola/Desktop/Progetto_Sapore/install/iiwa_description:/home/nicola/Desktop/Progetto_Sapore/install/build_scene_package:/opt/ros/jazzy/opt/sdformat_vendor:/opt/ros/jazzy/opt/gz_math_vendor:/opt/ros/jazzy/opt/gz_utils_vendor:/opt/ros/jazzy/opt/gz_tools_vendor:/opt/ros/jazzy/opt/gz_cmake_vendor:/opt/ros/jazzy DEBUGINFOD_URLS=https://debuginfod.ubuntu.com /usr/bin/cmake --build /home/nicola/Desktop/Progetto_Sapore/build/nodes -- -j8 -l8
