[ 25%] [32mBuilding CXX object CMakeFiles/build_scene_simple.dir/src/build_scene_simple.cpp.o[0m
[ 75%] Built target build_scene_mesh
In file included from [01m[K/home/nicola/Desktop/Progetto_Sapore/src/build_scene_package/src/build_scene_simple.cpp:13[m[K:
[01m[K/opt/ros/jazzy/include/moveit_visual_tools/moveit_visual_tools.h:56:10:[m[K [01;31m[Kfatal error: [m[Kgraph_msgs/msg/geometry_graph.hpp: No such file or directory
   56 | #include [01;31m[K<graph_msgs/msg/geometry_graph.hpp>[m[K
      |          [01;31m[K^~~~~~~~~~~~~~~~~~~~~~~~~~~~~~~~~~~[m[K
compilation terminated.
gmake[2]: *** [CMakeFiles/build_scene_simple.dir/build.make:76: CMakeFiles/build_scene_simple.dir/src/build_scene_simple.cpp.o] Error 1
gmake[1]: *** [CMakeFiles/Makefile2:139: CMakeFiles/build_scene_simple.dir/all] Error 2
gmake: *** [Makefile:146: all] Error 2
