In file included from [01m[K/home/nicola/OneDrive/Magistrale/AIRP/AIPR/ProgrammazionedeiRobot/EsercitazioneairpMio/ros_esercitazione/IIWA/src/nodes/src/test_reach.cpp:9[m[K:
[01m[K/opt/ros/jazzy/include/moveit_ros_planning/moveit/planning_scene_monitor/planning_scene_monitor.h:50:77:[m[K [01;36m[Knote: [m[Kâ€˜[01m[K#pragma message: .h header is obsolete. Please use the .hpp header instead.[m[Kâ€™
   50 | #pragma message(".h header is obsolete. Please use the .hpp header instead."[01;36m[K)[m[K
      |                                                                             [01;36m[K^[m[K
In file included from [01m[K/home/nicola/OneDrive/Magistrale/AIRP/AIPR/ProgrammazionedeiRobot/EsercitazioneairpMio/ros_esercitazione/IIWA/src/nodes/src/test_reach.cpp:10[m[K:
[01m[K/opt/ros/jazzy/include/moveit_core/moveit/planning_scene/planning_scene.h:50:77:[m[K [01;36m[Knote: [m[Kâ€˜[01m[K#pragma message: .h header is obsolete. Please use the .hpp header instead.[m[Kâ€™
   50 | #pragma message(".h header is obsolete. Please use the .hpp header instead."[01;36m[K)[m[K
      |                                                                             [01;36m[K^[m[K
In file included from [01m[K/home/nicola/OneDrive/Magistrale/AIRP/AIPR/ProgrammazionedeiRobot/EsercitazioneairpMio/ros_esercitazione/IIWA/src/nodes/src/test_reach.cpp:11[m[K:
[01m[K/opt/ros/jazzy/include/moveit_core/moveit/robot_state/robot_state.h:51:77:[m[K [01;36m[Knote: [m[Kâ€˜[01m[K#pragma message: .h header is obsolete. Please use the .hpp header instead.[m[Kâ€™
   51 | #pragma message(".h header is obsolete. Please use the .hpp header instead."[01;36m[K)[m[K
      |                                                                             [01;36m[K^[m[K
In file included from [01m[K/home/nicola/OneDrive/Magistrale/AIRP/AIPR/ProgrammazionedeiRobot/EsercitazioneairpMio/ros_esercitazione/IIWA/src/nodes/src/test_reach.cpp:12[m[K:
[01m[K/opt/ros/jazzy/include/moveit_core/moveit/collision_detection/collision_common.h:50:77:[m[K [01;36m[Knote: [m[Kâ€˜[01m[K#pragma message: .h header is obsolete. Please use the .hpp header instead.[m[Kâ€™
   50 | #pragma message(".h header is obsolete. Please use the .hpp header instead."[01;36m[K)[m[K
      |                                                                             [01;36m[K^[m[K
In file included from [01m[K/home/nicola/OneDrive/Magistrale/AIRP/AIPR/ProgrammazionedeiRobot/EsercitazioneairpMio/ros_esercitazione/IIWA/src/nodes/src/test_reach.cpp:13[m[K:
[01m[K/opt/ros/jazzy/include/moveit_core/moveit/robot_model/robot_model.h:51:77:[m[K [01;36m[Knote: [m[Kâ€˜[01m[K#pragma message: .h header is obsolete. Please use the .hpp header instead.[m[Kâ€™
   51 | #pragma message(".h header is obsolete. Please use the .hpp header instead."[01;36m[K)[m[K
      |                                                                             [01;36m[K^[m[K
[01m[K/home/nicola/OneDrive/Magistrale/AIRP/AIPR/ProgrammazionedeiRobot/EsercitazioneairpMio/ros_esercitazione/IIWA/src/nodes/src/test_reach.cpp:[m[K In member function â€˜[01m[Kvoid ReachabilityIKNode::[01;32m[KtestReachability[m[K(const std::vector<geometry_msgs::msg::PoseStamped_<std::allocator<void> >, std::allocator<geometry_msgs::msg::PoseStamped_<std::allocator<void> > > >&, const std::string&)[m[Kâ€™:
[01m[K/home/nicola/OneDrive/Magistrale/AIRP/AIPR/ProgrammazionedeiRobot/EsercitazioneairpMio/ros_esercitazione/IIWA/src/nodes/src/test_reach.cpp:188:91:[m[K [01;31m[Kerror: [m[Kâ€˜[01m[KFAILURE_COLLISION[m[Kâ€™ is not a member of â€˜[01m[Kmoveit_msgs::msg::MoveItErrorCodes[m[Kâ€™ {aka â€˜[01m[Kmoveit_msgs::msg::MoveItErrorCodes_<std::allocator<void> >[m[Kâ€™}
  188 |                 {     if (response->error_code.val == moveit_msgs::msg::MoveItErrorCodes::[01;31m[KFAILURE_COLLISION[m[K){
      |                                                                                           [01;31m[K^~~~~~~~~~~~~~~~~[m[K
gmake[2]: *** [CMakeFiles/Reach.dir/build.make:76: CMakeFiles/Reach.dir/src/test_reach.cpp.o] Error 1
gmake[1]: *** [CMakeFiles/Makefile2:251: CMakeFiles/Reach.dir/all] Error 2
gmake: *** [Makefile:146: all] Error 2
