In file included from [01m[K/home/nicola/Desktop/Progetto_Sapore/src/nodes/src/Reachability_interactive.cpp:7[m[K:
[01m[K/opt/ros/jazzy/include/moveit_ros_planning/moveit/planning_scene_monitor/planning_scene_monitor.h:50:77:[m[K [01;36m[Knote: [m[Kâ€˜[01m[K#pragma message: .h header is obsolete. Please use the .hpp header instead.[m[Kâ€™
   50 | #pragma message(".h header is obsolete. Please use the .hpp header instead."[01;36m[K)[m[K
      |                                                                             [01;36m[K^[m[K
[01m[K/home/nicola/Desktop/Progetto_Sapore/src/nodes/src/Reachability_interactive.cpp:[m[K In lambda function:
[01m[K/home/nicola/Desktop/Progetto_Sapore/src/nodes/src/Reachability_interactive.cpp:135:63:[m[K [01;31m[Kerror: [m[Kâ€˜[01m[Kgroup_name[m[Kâ€™ is not captured
  135 |       if (response_no_coll->solution.joint_state.name[i].find([01;31m[Kgroup_name[m[K) != std::string::npos)
      |                                                               [01;31m[K^~~~~~~~~~[m[K
[01m[K/home/nicola/Desktop/Progetto_Sapore/src/nodes/src/Reachability_interactive.cpp:106:65:[m[K [01;36m[Knote: [m[Kthe lambda has no capture-default
  106 |     client_->async_send_request(req, [this, pose, planning_scene[01;36m[K][m[K(rclcpp::Client<GetPositionIK>::SharedFuture future) {
      |                                                                 [01;36m[K^[m[K
[01m[K/home/nicola/Desktop/Progetto_Sapore/src/nodes/src/Reachability_interactive.cpp:94:91:[m[K [01;36m[Knote: [m[Kâ€˜[01m[Kconst std::string& group_name[m[Kâ€™ declared here
   94 |     void testReachability(const geometry_msgs::msg::PoseStamped &pose, [01;36m[Kconst std::string &group_name[m[K)
      |                                                                        [01;36m[K~~~~~~~~~~~~~~~~~~~^~~~~~~~~~[m[K
[01m[K/home/nicola/Desktop/Progetto_Sapore/src/nodes/src/Reachability_interactive.cpp:144:12:[m[K [01;31m[Kerror: [m[Kbase operand of â€˜[01m[K->[m[Kâ€™ has non-pointer type â€˜[01m[Kmoveit::core::RobotState[m[Kâ€™
  144 | robot_state[01;31m[K->[m[KsetVariablePositions(candidate_js.name, candidate_js.position));
      |            [01;31m[K^~[m[K
[01m[K/home/nicola/Desktop/Progetto_Sapore/src/nodes/src/Reachability_interactive.cpp:145:1:[m[K [01;31m[Kerror: [m[Kâ€˜[01m[Kcurrent_state[m[Kâ€™ was not declared in this scope; did you mean â€˜[01m[Krobot_state[m[Kâ€™?
  145 | [01;31m[Kcurrent_state[m[K.update();
      | [01;31m[K^~~~~~~~~~~~~[m[K
      | [32m[Krobot_state[m[K
gmake[2]: *** [CMakeFiles/Reac_marker.dir/build.make:76: CMakeFiles/Reac_marker.dir/src/Reachability_interactive.cpp.o] Error 1
gmake[1]: *** [CMakeFiles/Makefile2:249: CMakeFiles/Reac_marker.dir/all] Error 2
gmake: *** [Makefile:146: all] Error 2
