[0.011s] Invoking command in '/home/nicola/Desktop/Progetto_Sapore/build/nodes': CMAKE_PREFIX_PATH=/home/nicola/Desktop/Progetto_Sapore/install/interfaces:/home/nicola/Desktop/Progetto_Sapore/install/nodes:/home/nicola/Desktop/Progetto_Sapore/install/iiwa_config_moveit_config:/home/nicola/Desktop/Progetto_Sapore/install/iiwa_description:/home/nicola/Desktop/Progetto_Sapore/install/build_scene_package:/opt/ros/jazzy/opt/sdformat_vendor:/opt/ros/jazzy/opt/gz_math_vendor:/opt/ros/jazzy/opt/gz_utils_vendor:/opt/ros/jazzy/opt/gz_tools_vendor:/opt/ros/jazzy/opt/gz_cmake_vendor:/opt/ros/jazzy DEBUGINFOD_URLS=https://debuginfod.ubuntu.com /usr/bin/cmake --build /home/nicola/Desktop/Progetto_Sapore/build/nodes -- -j8 -l8
[0.082s] [ 40%] Built target interactive_reach
[0.082s] [ 40%] Built target Raggiungibilita
[0.088s] [ 60%] Built target test_reach
[0.095s] [ 80%] Built target Reach
[0.096s] [ 90%] [32mBuilding CXX object CMakeFiles/Reac_marker.dir/src/Reachability_interactive.cpp.o[0m
[3.560s] In file included from [01m[K/home/nicola/Desktop/Progetto_Sapore/src/nodes/src/Reachability_interactive.cpp:7[m[K:
[3.560s] [01m[K/opt/ros/jazzy/include/moveit_ros_planning/moveit/planning_scene_monitor/planning_scene_monitor.h:50:77:[m[K [01;36m[Knote: [m[Kâ€˜[01m[K#pragma message: .h header is obsolete. Please use the .hpp header instead.[m[Kâ€™
[3.560s]    50 | #pragma message(".h header is obsolete. Please use the .hpp header instead."[01;36m[K)[m[K
[3.560s]       |                                                                             [01;36m[K^[m[K
[6.329s] [01m[K/home/nicola/Desktop/Progetto_Sapore/src/nodes/src/Reachability_interactive.cpp:[m[K In lambda function:
[6.329s] [01m[K/home/nicola/Desktop/Progetto_Sapore/src/nodes/src/Reachability_interactive.cpp:135:63:[m[K [01;31m[Kerror: [m[Kâ€˜[01m[Kgroup_name[m[Kâ€™ is not captured
[6.329s]   135 |       if (response_no_coll->solution.joint_state.name[i].find([01;31m[Kgroup_name[m[K) != std::string::npos)
[6.330s]       |                                                               [01;31m[K^~~~~~~~~~[m[K
[6.330s] [01m[K/home/nicola/Desktop/Progetto_Sapore/src/nodes/src/Reachability_interactive.cpp:106:65:[m[K [01;36m[Knote: [m[Kthe lambda has no capture-default
[6.330s]   106 |     client_->async_send_request(req, [this, pose, planning_scene[01;36m[K][m[K(rclcpp::Client<GetPositionIK>::SharedFuture future) {
[6.330s]       |                                                                 [01;36m[K^[m[K
[6.330s] [01m[K/home/nicola/Desktop/Progetto_Sapore/src/nodes/src/Reachability_interactive.cpp:94:91:[m[K [01;36m[Knote: [m[Kâ€˜[01m[Kconst std::string& group_name[m[Kâ€™ declared here
[6.330s]    94 |     void testReachability(const geometry_msgs::msg::PoseStamped &pose, [01;36m[Kconst std::string &group_name[m[K)
[6.330s]       |                                                                        [01;36m[K~~~~~~~~~~~~~~~~~~~^~~~~~~~~~[m[K
[6.330s] [01m[K/home/nicola/Desktop/Progetto_Sapore/src/nodes/src/Reachability_interactive.cpp:144:12:[m[K [01;31m[Kerror: [m[Kbase operand of â€˜[01m[K->[m[Kâ€™ has non-pointer type â€˜[01m[Kmoveit::core::RobotState[m[Kâ€™
[6.330s]   144 | robot_state[01;31m[K->[m[KsetVariablePositions(candidate_js.name, candidate_js.position));
[6.330s]       |            [01;31m[K^~[m[K
[6.343s] [01m[K/home/nicola/Desktop/Progetto_Sapore/src/nodes/src/Reachability_interactive.cpp:145:1:[m[K [01;31m[Kerror: [m[Kâ€˜[01m[Kcurrent_state[m[Kâ€™ was not declared in this scope; did you mean â€˜[01m[Krobot_state[m[Kâ€™?
[6.343s]   145 | [01;31m[Kcurrent_state[m[K.update();
[6.343s]       | [01;31m[K^~~~~~~~~~~~~[m[K
[6.343s]       | [32m[Krobot_state[m[K
[11.676s] gmake[2]: *** [CMakeFiles/Reac_marker.dir/build.make:76: CMakeFiles/Reac_marker.dir/src/Reachability_interactive.cpp.o] Error 1
[11.676s] gmake[1]: *** [CMakeFiles/Makefile2:249: CMakeFiles/Reac_marker.dir/all] Error 2
[11.677s] gmake: *** [Makefile:146: all] Error 2
[11.679s] Invoked command in '/home/nicola/Desktop/Progetto_Sapore/build/nodes' returned '2': CMAKE_PREFIX_PATH=/home/nicola/Desktop/Progetto_Sapore/install/interfaces:/home/nicola/Desktop/Progetto_Sapore/install/nodes:/home/nicola/Desktop/Progetto_Sapore/install/iiwa_config_moveit_config:/home/nicola/Desktop/Progetto_Sapore/install/iiwa_description:/home/nicola/Desktop/Progetto_Sapore/install/build_scene_package:/opt/ros/jazzy/opt/sdformat_vendor:/opt/ros/jazzy/opt/gz_math_vendor:/opt/ros/jazzy/opt/gz_utils_vendor:/opt/ros/jazzy/opt/gz_tools_vendor:/opt/ros/jazzy/opt/gz_cmake_vendor:/opt/ros/jazzy DEBUGINFOD_URLS=https://debuginfod.ubuntu.com /usr/bin/cmake --build /home/nicola/Desktop/Progetto_Sapore/build/nodes -- -j8 -l8
