[ 20%] Built target Raggiungibilita
[ 40%] Built target interactive_reach
[ 60%] Built target Reac_marker
[ 80%] Built target test_reach
[ 90%] [32mBuilding CXX object CMakeFiles/Reach.dir/src/test_reach.cpp.o[0m
In file included from [01m[K/home/nicola/Desktop/Progetto_Sapore/src/nodes/src/test_reach.cpp:9[m[K:
[01m[K/opt/ros/jazzy/include/moveit_ros_planning/moveit/planning_scene_monitor/planning_scene_monitor.h:50:77:[m[K [01;36m[Knote: [m[Kâ€˜[01m[K#pragma message: .h header is obsolete. Please use the .hpp header instead.[m[Kâ€™
   50 | #pragma message(".h header is obsolete. Please use the .hpp header instead."[01;36m[K)[m[K
      |                                                                             [01;36m[K^[m[K
In file included from [01m[K/home/nicola/Desktop/Progetto_Sapore/src/nodes/src/test_reach.cpp:10[m[K:
[01m[K/opt/ros/jazzy/include/moveit_core/moveit/planning_scene/planning_scene.h:50:77:[m[K [01;36m[Knote: [m[Kâ€˜[01m[K#pragma message: .h header is obsolete. Please use the .hpp header instead.[m[Kâ€™
   50 | #pragma message(".h header is obsolete. Please use the .hpp header instead."[01;36m[K)[m[K
      |                                                                             [01;36m[K^[m[K
In file included from [01m[K/home/nicola/Desktop/Progetto_Sapore/src/nodes/src/test_reach.cpp:11[m[K:
[01m[K/opt/ros/jazzy/include/moveit_ros_planning/moveit/robot_model_loader/robot_model_loader.h:50:77:[m[K [01;36m[Knote: [m[Kâ€˜[01m[K#pragma message: .h header is obsolete. Please use the .hpp header instead.[m[Kâ€™
   50 | #pragma message(".h header is obsolete. Please use the .hpp header instead."[01;36m[K)[m[K
      |                                                                             [01;36m[K^[m[K
In file included from [01m[K/home/nicola/Desktop/Progetto_Sapore/src/nodes/src/test_reach.cpp:12[m[K:
[01m[K/opt/ros/jazzy/include/moveit_core/moveit/robot_state/robot_state.h:51:77:[m[K [01;36m[Knote: [m[Kâ€˜[01m[K#pragma message: .h header is obsolete. Please use the .hpp header instead.[m[Kâ€™
   51 | #pragma message(".h header is obsolete. Please use the .hpp header instead."[01;36m[K)[m[K
      |                                                                             [01;36m[K^[m[K
In file included from [01m[K/home/nicola/Desktop/Progetto_Sapore/src/nodes/src/test_reach.cpp:13[m[K:
[01m[K/opt/ros/jazzy/include/moveit_core/moveit/collision_detection/collision_common.h:50:77:[m[K [01;36m[Knote: [m[Kâ€˜[01m[K#pragma message: .h header is obsolete. Please use the .hpp header instead.[m[Kâ€™
   50 | #pragma message(".h header is obsolete. Please use the .hpp header instead."[01;36m[K)[m[K
      |                                                                             [01;36m[K^[m[K
In file included from [01m[K/home/nicola/Desktop/Progetto_Sapore/src/nodes/src/test_reach.cpp:21[m[K:
[01m[K/opt/ros/jazzy/include/moveit_ros_planning_interface/moveit/move_group_interface/move_group_interface.h:51:77:[m[K [01;36m[Knote: [m[Kâ€˜[01m[K#pragma message: .h header is obsolete. Please use the .hpp header instead.[m[Kâ€™
   51 | #pragma message(".h header is obsolete. Please use the .hpp header instead."[01;36m[K)[m[K
      |                                                                             [01;36m[K^[m[K
In file included from [01m[K/home/nicola/Desktop/Progetto_Sapore/src/nodes/src/test_reach.cpp:22[m[K:
[01m[K/opt/ros/jazzy/include/moveit_core/moveit/robot_state/conversions.h:50:77:[m[K [01;36m[Knote: [m[Kâ€˜[01m[K#pragma message: .h header is obsolete. Please use the .hpp header instead.[m[Kâ€™
   50 | #pragma message(".h header is obsolete. Please use the .hpp header instead."[01;36m[K)[m[K
      |                                                                             [01;36m[K^[m[K
[01m[K/home/nicola/Desktop/Progetto_Sapore/src/nodes/src/test_reach.cpp:[m[K In member function â€˜[01m[Kbool ReachabilityIKNode::[01;32m[KtestPlannerPouring[m[K(const geometry_msgs::msg::PoseStamped&, const std::string&, double, double)[m[Kâ€™:
[01m[K/home/nicola/Desktop/Progetto_Sapore/src/nodes/src/test_reach.cpp:328:57:[m[K [01;31m[Kerror: [m[Kâ€˜[01m[KMoveItErrorCode[m[Kâ€™ in namespace â€˜[01m[Kmoveit::planning_interface[m[Kâ€™ does not name a type
  328 |     using MoveItErrorCode = moveit::planning_interface::[01;31m[KMoveItErrorCode[m[K;
      |                                                         [01;31m[K^~~~~~~~~~~~~~~[m[K
[01m[K/home/nicola/Desktop/Progetto_Sapore/src/nodes/src/test_reach.cpp:331:10:[m[K [01;31m[Kerror: [m[Kâ€˜[01m[Kmove_group_[m[Kâ€™ was not declared in this scope
  331 |     if (![01;31m[Kmove_group_[m[K) {
      |          [01;31m[K^~~~~~~~~~~[m[K
[01m[K/home/nicola/Desktop/Progetto_Sapore/src/nodes/src/test_reach.cpp:336:5:[m[K [01;31m[Kerror: [m[Kâ€˜[01m[Kmove_group_[m[Kâ€™ was not declared in this scope
  336 |     [01;31m[Kmove_group_[m[K->setPlannerId("RRTConnectkConfigDefault");
      |     [01;31m[K^~~~~~~~~~~[m[K
[01m[K/home/nicola/Desktop/Progetto_Sapore/src/nodes/src/test_reach.cpp:360:5:[m[K [01;31m[Kerror: [m[Kâ€˜[01m[KMoveItErrorCode[m[Kâ€™ was not declared in this scope; did you mean â€˜[01m[Kmoveit::core::MoveItErrorCode[m[Kâ€™?
  360 |     [01;31m[KMoveItErrorCode[m[K ok = move_group_->plan(plan);
      |     [01;31m[K^~~~~~~~~~~~~~~[m[K
      |     [32m[Kmoveit::core::MoveItErrorCode[m[K
In file included from [01m[K/opt/ros/jazzy/include/moveit_ros_planning_interface/moveit/move_group_interface/move_group_interface.hpp:42[m[K,
                 from [01m[K/opt/ros/jazzy/include/moveit_ros_planning_interface/moveit/move_group_interface/move_group_interface.h:52[m[K:
[01m[K/opt/ros/jazzy/include/moveit_core/moveit/utils/moveit_error_code.hpp:47:7:[m[K [01;36m[Knote: [m[Kâ€˜[01m[Kmoveit::core::MoveItErrorCode[m[Kâ€™ declared here
   47 | class [01;36m[KMoveItErrorCode[m[K : public moveit_msgs::msg::MoveItErrorCodes
      |       [01;36m[K^~~~~~~~~~~~~~~[m[K
[01m[K/home/nicola/Desktop/Progetto_Sapore/src/nodes/src/test_reach.cpp:362:21:[m[K [01;31m[Kerror: [m[Kâ€˜[01m[Kok[m[Kâ€™ was not declared in this scope; did you mean â€˜[01m[Krclcpp::ok[m[Kâ€™?
  362 |     bool success = ([01;31m[Kok[m[K == MoveItErrorCode::SUCCESS);
      |                     [01;31m[K^~[m[K
      |                     [32m[Krclcpp::ok[m[K
In file included from [01m[K/opt/ros/jazzy/include/rclcpp/rclcpp/logging.hpp:25[m[K,
                 from [01m[K/opt/ros/jazzy/include/rclcpp/rclcpp/copy_all_parameter_values.hpp:27[m[K,
                 from [01m[K/opt/ros/jazzy/include/rclcpp/rclcpp/rclcpp.hpp:171[m[K,
                 from [01m[K/home/nicola/Desktop/Progetto_Sapore/src/nodes/src/test_reach.cpp:1[m[K:
[01m[K/opt/ros/jazzy/include/rclcpp/rclcpp/utilities.hpp:176:1:[m[K [01;36m[Knote: [m[Kâ€˜[01m[Krclcpp::ok[m[Kâ€™ declared here
  176 | [01;36m[Kok[m[K(rclcpp::Context::SharedPtr context = nullptr);
      | [01;36m[K^~[m[K
[01m[K/home/nicola/Desktop/Progetto_Sapore/src/nodes/src/test_reach.cpp:362:27:[m[K [01;31m[Kerror: [m[Kâ€˜[01m[KMoveItErrorCode[m[Kâ€™ is not a class, namespace, or enumeration
  362 |     bool success = (ok == [01;31m[KMoveItErrorCode[m[K::SUCCESS);
      |                           [01;31m[K^~~~~~~~~~~~~~~[m[K
[01m[K/home/nicola/Desktop/Progetto_Sapore/src/nodes/src/test_reach.cpp:378:26:[m[K [01;31m[Kerror: [m[Kâ€˜[01m[KMoveItErrorCode[m[Kâ€™ is not a class, namespace, or enumeration
  378 |         success = (ok == [01;31m[KMoveItErrorCode[m[K::SUCCESS);
      |                          [01;31m[K^~~~~~~~~~~~~~~[m[K
[01m[K/home/nicola/Desktop/Progetto_Sapore/src/nodes/src/test_reach.cpp:387:40:[m[K [01;31m[Kerror: [m[Kâ€˜[01m[Kstruct moveit::planning_interface::MoveGroupInterface::Plan[m[Kâ€™ has no member named â€˜[01m[Ktrajectory_[m[Kâ€™; did you mean â€˜[01m[Ktrajectory[m[Kâ€™?
  387 |         disp.trajectory.push_back(plan.[01;31m[Ktrajectory_[m[K);
      |                                        [01;31m[K^~~~~~~~~~~[m[K
      |                                        [32m[Ktrajectory[m[K
[01m[K/home/nicola/Desktop/Progetto_Sapore/src/nodes/src/test_reach.cpp:[m[K In member function â€˜[01m[Kint ReachabilityIKNode::[01;32m[KtestReachability[m[K(const geometry_msgs::msg::PoseStamped&, const std::string&)[m[Kâ€™:
[01m[K/home/nicola/Desktop/Progetto_Sapore/src/nodes/src/test_reach.cpp:406:14:[m[K [01;35m[Kwarning: [m[Kunused variable â€˜[01m[Kall_orientations_reachable[m[Kâ€™ [[01;35m[K]8;;https://gcc.gnu.org/onlinedocs/gcc/Warning-Options.html#index-Wunused-variable-Wunused-variable]8;;[m[K]
  406 |         bool [01;35m[Kall_orientations_reachable[m[K = true;
      |              [01;35m[K^~~~~~~~~~~~~~~~~~~~~~~~~~[m[K
gmake[2]: *** [CMakeFiles/Reach.dir/build.make:76: CMakeFiles/Reach.dir/src/test_reach.cpp.o] Error 1
gmake[1]: *** [CMakeFiles/Makefile2:145: CMakeFiles/Reach.dir/all] Error 2
gmake: *** [Makefile:146: all] Error 2
