In file included from [01m[K/home/nicola/Desktop/Progetto_Sapore/src/nodes/src/Reachability_interactive.cpp:9[m[K:
[01m[K/opt/ros/jazzy/include/moveit_ros_planning/moveit/planning_scene_monitor/planning_scene_monitor.h:50:77:[m[K [01;36m[Knote: [m[Kâ€˜[01m[K#pragma message: .h header is obsolete. Please use the .hpp header instead.[m[Kâ€™
   50 | #pragma message(".h header is obsolete. Please use the .hpp header instead."[01;36m[K)[m[K
      |                                                                             [01;36m[K^[m[K
[01m[K/home/nicola/Desktop/Progetto_Sapore/src/nodes/src/Reachability_interactive.cpp:[m[K In member function â€˜[01m[Kbool ReachabilityIKNode::[01;32m[KCheckLinkCollision[m[K(bool, const geometry_msgs::msg::PoseStamped&)[m[Kâ€™:
[01m[K/home/nicola/Desktop/Progetto_Sapore/src/nodes/src/Reachability_interactive.cpp:257:44:[m[K [01;31m[Kerror: [m[Kâ€˜[01m[Kgroup_name[m[Kâ€™ was not declared in this scope; did you mean â€˜[01m[Kgroup_[m[Kâ€™?
  257 |             collision_request.group_name = [01;31m[Kgroup_name[m[K;
      |                                            [01;31m[K^~~~~~~~~~[m[K
      |                                            [32m[Kgroup_[m[K
[01m[K/home/nicola/Desktop/Progetto_Sapore/src/nodes/src/Reachability_interactive.cpp:264:17:[m[K [01;31m[Kerror: [m[Kâ€˜[01m[Kdisplay_msg[m[Kâ€™ was not declared in this scope
  264 |                 [01;31m[Kdisplay_msg[m[K.state.joint_state = candidate_js; // Usa i joint_state che hai trovato
      |                 [01;31m[K^~~~~~~~~~~[m[K
gmake[2]: *** [CMakeFiles/Reac_marker.dir/build.make:76: CMakeFiles/Reac_marker.dir/src/Reachability_interactive.cpp.o] Error 1
gmake[1]: *** [CMakeFiles/Makefile2:249: CMakeFiles/Reac_marker.dir/all] Error 2
gmake: *** [Makefile:146: all] Error 2
