[0.017s] Invoking command in '/home/nicola/Desktop/Progetto_Sapore/build/nodes': CMAKE_PREFIX_PATH=/home/nicola/Desktop/Progetto_Sapore/install/interfaces:/home/nicola/Desktop/Progetto_Sapore/install/nodes:/home/nicola/Desktop/Progetto_Sapore/install/iiwa_config_moveit_config:/home/nicola/Desktop/Progetto_Sapore/install/iiwa_description:/home/nicola/Desktop/Progetto_Sapore/install/build_scene_package:/opt/ros/jazzy/opt/sdformat_vendor:/opt/ros/jazzy/opt/gz_math_vendor:/opt/ros/jazzy/opt/gz_utils_vendor:/opt/ros/jazzy/opt/gz_tools_vendor:/opt/ros/jazzy/opt/gz_cmake_vendor:/opt/ros/jazzy DEBUGINFOD_URLS=https://debuginfod.ubuntu.com /usr/bin/cmake --build /home/nicola/Desktop/Progetto_Sapore/build/nodes -- -j8 -l8
[0.111s] [ 33%] Built target Raggiungibilita
[0.126s] [ 66%] Built target Reach
[0.131s] [ 83%] [32mBuilding CXX object CMakeFiles/test_reach.dir/src/test_Reachability.cpp.o[0m
[4.446s] In file included from [01m[K/home/nicola/Desktop/Progetto_Sapore/src/nodes/src/test_Reachability.cpp:6[m[K:
[4.446s] [01m[K/opt/ros/jazzy/include/moveit_ros_planning/moveit/robot_model_loader/robot_model_loader.h:50:77:[m[K [01;36m[Knote: [m[Kâ€˜[01m[K#pragma message: .h header is obsolete. Please use the .hpp header instead.[m[Kâ€™
[4.446s]    50 | #pragma message(".h header is obsolete. Please use the .hpp header instead."[01;36m[K)[m[K
[4.447s]       |                                                                             [01;36m[K^[m[K
[6.228s] In file included from [01m[K/home/nicola/Desktop/Progetto_Sapore/src/nodes/src/test_Reachability.cpp:7[m[K:
[6.229s] [01m[K/opt/ros/jazzy/include/moveit_core/moveit/robot_state/robot_state.h:51:77:[m[K [01;36m[Knote: [m[Kâ€˜[01m[K#pragma message: .h header is obsolete. Please use the .hpp header instead.[m[Kâ€™
[6.229s]    51 | #pragma message(".h header is obsolete. Please use the .hpp header instead."[01;36m[K)[m[K
[6.229s]       |                                                                             [01;36m[K^[m[K
[6.437s] In file included from [01m[K/home/nicola/Desktop/Progetto_Sapore/src/nodes/src/test_Reachability.cpp:8[m[K:
[6.437s] [01m[K/opt/ros/jazzy/include/moveit_core/moveit/planning_scene/planning_scene.h:50:77:[m[K [01;36m[Knote: [m[Kâ€˜[01m[K#pragma message: .h header is obsolete. Please use the .hpp header instead.[m[Kâ€™
[6.437s]    50 | #pragma message(".h header is obsolete. Please use the .hpp header instead."[01;36m[K)[m[K
[6.437s]       |                                                                             [01;36m[K^[m[K
[7.164s] In file included from [01m[K/home/nicola/Desktop/Progetto_Sapore/src/nodes/src/test_Reachability.cpp:9[m[K:
[7.164s] [01m[K/opt/ros/jazzy/include/moveit_core/moveit/collision_detection/collision_common.h:50:77:[m[K [01;36m[Knote: [m[Kâ€˜[01m[K#pragma message: .h header is obsolete. Please use the .hpp header instead.[m[Kâ€™
[7.164s]    50 | #pragma message(".h header is obsolete. Please use the .hpp header instead."[01;36m[K)[m[K
[7.164s]       |                                                                             [01;36m[K^[m[K
[7.164s] In file included from [01m[K/home/nicola/Desktop/Progetto_Sapore/src/nodes/src/test_Reachability.cpp:10[m[K:
[7.165s] [01m[K/opt/ros/jazzy/include/moveit_core/moveit/kinematics_base/kinematics_base.h:50:77:[m[K [01;36m[Knote: [m[Kâ€˜[01m[K#pragma message: .h header is obsolete. Please use the .hpp header instead.[m[Kâ€™
[7.165s]    50 | #pragma message(".h header is obsolete. Please use the .hpp header instead."[01;36m[K)[m[K
[7.165s]       |                                                                             [01;36m[K^[m[K
[7.186s] [01m[K/home/nicola/Desktop/Progetto_Sapore/src/nodes/src/test_Reachability.cpp:[m[K In member function â€˜[01m[Kvoid MultiIKNode::[01;32m[KgenerateGridAndComputeIK[m[K()[m[Kâ€™:
[7.186s] [01m[K/home/nicola/Desktop/Progetto_Sapore/src/nodes/src/test_Reachability.cpp:103:60:[m[K [01;31m[Kerror: [m[Kredeclaration of â€˜[01m[Kmoveit::core::GroupStateValidityCallbackFn no_constraint[m[Kâ€™
[7.186s]   103 |                 moveit::core::GroupStateValidityCallbackFn [01;31m[Kno_constraint[m[K;
[7.186s]       |                                                            [01;31m[K^~~~~~~~~~~~~[m[K
[7.186s] [01m[K/home/nicola/Desktop/Progetto_Sapore/src/nodes/src/test_Reachability.cpp:101:60:[m[K [01;36m[Knote: [m[Kâ€˜[01m[Kmoveit::core::GroupStateValidityCallbackFn no_constraint[m[Kâ€™ previously declared here
[7.186s]   101 |                 moveit::core::GroupStateValidityCallbackFn [01;36m[Kno_constraint[m[K;
[7.187s]       |                                                            [01;36m[K^~~~~~~~~~~~~[m[K
[10.636s] gmake[2]: *** [CMakeFiles/test_reach.dir/build.make:76: CMakeFiles/test_reach.dir/src/test_Reachability.cpp.o] Error 1
[10.636s] gmake[1]: *** [CMakeFiles/Makefile2:193: CMakeFiles/test_reach.dir/all] Error 2
[10.637s] gmake: *** [Makefile:146: all] Error 2
[10.640s] Invoked command in '/home/nicola/Desktop/Progetto_Sapore/build/nodes' returned '2': CMAKE_PREFIX_PATH=/home/nicola/Desktop/Progetto_Sapore/install/interfaces:/home/nicola/Desktop/Progetto_Sapore/install/nodes:/home/nicola/Desktop/Progetto_Sapore/install/iiwa_config_moveit_config:/home/nicola/Desktop/Progetto_Sapore/install/iiwa_description:/home/nicola/Desktop/Progetto_Sapore/install/build_scene_package:/opt/ros/jazzy/opt/sdformat_vendor:/opt/ros/jazzy/opt/gz_math_vendor:/opt/ros/jazzy/opt/gz_utils_vendor:/opt/ros/jazzy/opt/gz_tools_vendor:/opt/ros/jazzy/opt/gz_cmake_vendor:/opt/ros/jazzy DEBUGINFOD_URLS=https://debuginfod.ubuntu.com /usr/bin/cmake --build /home/nicola/Desktop/Progetto_Sapore/build/nodes -- -j8 -l8
