[0.015s] Invoking command in '/home/nicola/Desktop/Progetto_Sapore/build/robot_skills': CMAKE_PREFIX_PATH=${CMAKE_PREFIX_PATH}:/opt/ros/jazzy DEBUGINFOD_URLS=https://debuginfod.ubuntu.com /usr/bin/cmake --build /home/nicola/Desktop/Progetto_Sapore/build/robot_skills -- -j8 -l8
[0.137s] -- Found ament_cmake: 2.5.4 (/opt/ros/jazzy/share/ament_cmake/cmake)
[0.563s] -- Found rclcpp: 28.1.9 (/opt/ros/jazzy/share/rclcpp/cmake)
[0.620s] -- Found rosidl_generator_c: 4.6.5 (/opt/ros/jazzy/share/rosidl_generator_c/cmake)
[0.635s] -- Found rosidl_generator_cpp: 4.6.5 (/opt/ros/jazzy/share/rosidl_generator_cpp/cmake)
[0.661s] -- Using all available rosidl_typesupport_c: rosidl_typesupport_fastrtps_c;rosidl_typesupport_introspection_c
[0.694s] -- Using all available rosidl_typesupport_cpp: rosidl_typesupport_fastrtps_cpp;rosidl_typesupport_introspection_cpp
[0.778s] -- Found rmw_implementation_cmake: 7.3.2 (/opt/ros/jazzy/share/rmw_implementation_cmake/cmake)
[0.780s] -- Found rmw_fastrtps_cpp: 8.4.2 (/opt/ros/jazzy/share/rmw_fastrtps_cpp/cmake)
[0.892s] -- Using RMW implementation 'rmw_fastrtps_cpp' as default
[0.996s] -- Found moveit_ros_planning_interface: 2.12.3 (/opt/ros/jazzy/share/moveit_ros_planning_interface/cmake)
[1.011s] -- Found Boost: /usr/lib/x86_64-linux-gnu/cmake/Boost-1.83.0/BoostConfig.cmake (found version "1.83.0") found components: date_time filesystem program_options system thread 
[1.377s] -- Found Boost: /usr/lib/x86_64-linux-gnu/cmake/Boost-1.83.0/BoostConfig.cmake (found version "1.83.0") found components: chrono date_time filesystem iostreams program_options regex serialization system thread 
[1.413s] -- Found parameter_traits: 0.4.0 (/opt/ros/jazzy/share/parameter_traits/cmake)
[1.420s] -- Found rclcpp_lifecycle: 28.1.9 (/opt/ros/jazzy/share/rclcpp_lifecycle/cmake)
[1.484s] -- Found Boost: /usr/lib/x86_64-linux-gnu/cmake/Boost-1.83.0/BoostConfig.cmake (found version "1.83.0") found components: filesystem 
[1.551s] -- Ensuring Eigen3 include directory is part of orocos-kdl CMake target
[1.708s] -- Found Boost: /usr/lib/x86_64-linux-gnu/cmake/Boost-1.83.0/BoostConfig.cmake (found version "1.83.0") found components: system filesystem date_time program_options thread chrono 
[1.760s] -- Found Boost: /usr/lib/x86_64-linux-gnu/cmake/Boost-1.83.0/BoostConfig.cmake (found version "1.83.0") found components: thread system filesystem regex date_time program_options 
[1.789s] -- Found Boost: /usr/lib/x86_64-linux-gnu/cmake/Boost-1.83.0/BoostConfig.cmake (found version "1.83.0") found components: system filesystem date_time program_options thread 
[1.841s] -- Found ament_lint_auto: 0.17.2 (/opt/ros/jazzy/share/ament_lint_auto/cmake)
[1.959s] -- Added test 'cppcheck' to perform static code analysis on C / C++ code
[1.960s] -- Configured cppcheck include dirs: $<BUILD_INTERFACE:/home/nicola/Desktop/Progetto_Sapore/src/robot_skills/include>;/home/nicola/Desktop/Progetto_Sapore/src/robot_skills/include
[1.960s] -- Configured cppcheck exclude dirs and/or files: 
[1.960s] -- Added test 'flake8' to check Python code syntax and style conventions
[1.960s] -- Configured 'flake8' exclude dirs and/or files: 
[1.961s] -- Added test 'lint_cmake' to check CMake code style
[1.962s] -- Added test 'pep257' to check Python code against some of the docstring style conventions in PEP 257
[1.963s] -- Added test 'uncrustify' to check C / C++ code style
[1.963s] -- Configured uncrustify additional arguments: 
[1.964s] -- Added test 'xmllint' to check XML markup files
[1.966s] -- Configuring done (1.8s)
[2.047s] -- Generating done (0.0s)
[2.057s] -- Build files have been written to: /home/nicola/Desktop/Progetto_Sapore/build/robot_skills
[2.096s] [ 25%] [32mBuilding CXX object CMakeFiles/SaveYaml.dir/src/SaveYaml.cpp.o[0m
[2.985s] In file included from [01m[K/home/nicola/Desktop/Progetto_Sapore/src/robot_skills/include/SaveYaml.hpp:3[m[K,
[2.985s]                  from [01m[K/home/nicola/Desktop/Progetto_Sapore/src/robot_skills/src/SaveYaml.cpp:2[m[K:
[2.985s] [01m[K/opt/ros/jazzy/include/moveit_ros_planning_interface/moveit/move_group_interface/move_group_interface.h:51:77:[m[K [01;36m[Knote: [m[Kâ€˜[01m[K#pragma message: .h header is obsolete. Please use the .hpp header instead.[m[Kâ€™
[2.985s]    51 | a message(".h header is obsolete. Please use the .hpp header instead."[01;36m[K)[m[K
[2.985s]       |                                                                       [01;36m[K^[m[K
[2.986s] 
[7.027s] In file included from [01m[K/opt/ros/jazzy/include/moveit_core/moveit/kinematics_base/kinematics_base.hpp:42[m[K,
[7.027s]                  from [01m[K/opt/ros/jazzy/include/moveit_core/moveit/robot_model/joint_model_group.hpp:42[m[K,
[7.027s]                  from [01m[K/opt/ros/jazzy/include/moveit_core/moveit/robot_model/robot_model.hpp:45[m[K,
[7.028s]                  from [01m[K/opt/ros/jazzy/include/moveit_core/moveit/robot_state/robot_state.hpp:40[m[K,
[7.028s]                  from [01m[K/opt/ros/jazzy/include/moveit_ros_planning_interface/moveit/move_group_interface/move_group_interface.hpp:41[m[K,
[7.028s]                  from [01m[K/opt/ros/jazzy/include/moveit_ros_planning_interface/moveit/move_group_interface/move_group_interface.h:52[m[K:
[7.028s] [01m[K/home/nicola/Desktop/Progetto_Sapore/src/robot_skills/src/SaveYaml.cpp:[m[K In function â€˜[01m[Kvoid YAML::[01;32m[KsavePlanToYAML[m[K(const moveit::planning_interface::MoveGroupInterface::Plan&, const geometry_msgs::msg::PoseStamped&, const std::string&, int&, const std::string&)[m[Kâ€™:
[7.028s] [01m[K/home/nicola/Desktop/Progetto_Sapore/src/robot_skills/src/SaveYaml.cpp:28:26:[m[K [01;31m[Kerror: [m[Kinvalid use of â€˜[01m[Kthis[m[Kâ€™ in non-member function
[7.028s]    28 |             RCLCPP_ERROR([01;31m[Kthis[m[K->get_logger(), "âŒ Impossibile aprire file: %s", plans_output_file_.c_str());
[7.028s]       |                          [01;31m[K^~~~[m[K
[7.029s] [01m[K/home/nicola/Desktop/Progetto_Sapore/src/robot_skills/src/SaveYaml.cpp:28:26:[m[K [01;31m[Kerror: [m[Kinvalid use of â€˜[01m[Kthis[m[Kâ€™ in non-member function
[7.029s] [01m[K/home/nicola/Desktop/Progetto_Sapore/src/robot_skills/src/SaveYaml.cpp:28:13:[m[K [01;31m[Kerror: [m[Ktemplate argument 1 is invalid
[7.029s]    28 |             [01;31m[KRCLCPP_ERROR[m[K(this->get_logger(), "âŒ Impossibile aprire file: %s", plans_output_file_.c_str());
[7.029s]       |             [01;31m[K^~~~~~~~~~~~[m[K
[7.029s] [01m[K/home/nicola/Desktop/Progetto_Sapore/src/robot_skills/src/SaveYaml.cpp:28:13:[m[K [01;31m[Kerror: [m[Ktemplate argument 1 is invalid
[7.029s]    28 |             [01;31m[KRCLCPP_ERROR[m[K(this->get_logger(), "âŒ Impossibile aprire file: %s", plans_output_file_.c_str());
[7.029s]       |             [01;31m[K^~~~~~~~~~~~[m[K
[7.029s] [01m[K/home/nicola/Desktop/Progetto_Sapore/src/robot_skills/src/SaveYaml.cpp:28:13:[m[K [01;31m[Kerror: [m[Ktemplate argument 1 is invalid
[7.029s]    28 |             [01;31m[KRCLCPP_ERROR[m[K(this->get_logger(), "âŒ Impossibile aprire file: %s", plans_output_file_.c_str());
[7.029s]       |             [01;31m[K^~~~~~~~~~~~[m[K
[7.030s] In file included from [01m[K/opt/ros/jazzy/include/rclcpp/rclcpp/logging.hpp:24[m[K:
[7.030s] [01m[K/home/nicola/Desktop/Progetto_Sapore/src/robot_skills/src/SaveYaml.cpp:28:26:[m[K [01;31m[Kerror: [m[Kinvalid use of â€˜[01m[Kthis[m[Kâ€™ in non-member function
[7.030s]    28 |             RCLCPP_ERROR([01;31m[Kthis[m[K->get_logger(), "âŒ Impossibile aprire file: %s", plans_output_file_.c_str());
[7.030s]       |                          [01;31m[K^~~~[m[K
[7.030s] [01m[K/home/nicola/Desktop/Progetto_Sapore/src/robot_skills/src/SaveYaml.cpp:28:26:[m[K [01;31m[Kerror: [m[Kinvalid use of â€˜[01m[Kthis[m[Kâ€™ in non-member function
[7.030s]    28 |             RCLCPP_ERROR([01;31m[Kthis[m[K->get_logger(), "âŒ Impossibile aprire file: %s", plans_output_file_.c_str());
[7.030s]       |                          [01;31m[K^~~~[m[K
[7.036s] [01m[K/home/nicola/Desktop/Progetto_Sapore/src/robot_skills/src/SaveYaml.cpp:95:21:[m[K [01;31m[Kerror: [m[Kinvalid use of â€˜[01m[Kthis[m[Kâ€™ in non-member function
[7.036s]    95 |         RCLCPP_INFO([01;31m[Kthis[m[K->get_logger(), "ðŸ’¾ Piano %d salvato (%zu waypoints) in %s",
[7.036s]       |                     [01;31m[K^~~~[m[K
[7.036s] [01m[K/home/nicola/Desktop/Progetto_Sapore/src/robot_skills/src/SaveYaml.cpp:95:21:[m[K [01;31m[Kerror: [m[Kinvalid use of â€˜[01m[Kthis[m[Kâ€™ in non-member function
[7.036s] [01m[K/home/nicola/Desktop/Progetto_Sapore/src/robot_skills/src/SaveYaml.cpp:95:9:[m[K [01;31m[Kerror: [m[Ktemplate argument 1 is invalid
[7.036s]    95 |         [01;31m[KRCLCPP_INFO[m[K(this->get_logger(), "ðŸ’¾ Piano %d salvato (%zu waypoints) in %s",
[7.036s]       |         [01;31m[K^~~~~~~~~~~[m[K
[7.037s] [01m[K/home/nicola/Desktop/Progetto_Sapore/src/robot_skills/src/SaveYaml.cpp:95:9:[m[K [01;31m[Kerror: [m[Ktemplate argument 1 is invalid
[7.037s]    95 |         [01;31m[KRCLCPP_INFO[m[K(this->get_logger(), "ðŸ’¾ Piano %d salvato (%zu waypoints) in %s",
[7.037s]       |         [01;31m[K^~~~~~~~~~~[m[K
[7.037s] [01m[K/home/nicola/Desktop/Progetto_Sapore/src/robot_skills/src/SaveYaml.cpp:95:9:[m[K [01;31m[Kerror: [m[Ktemplate argument 1 is invalid
[7.037s]    95 |         [01;31m[KRCLCPP_INFO[m[K(this->get_logger(), "ðŸ’¾ Piano %d salvato (%zu waypoints) in %s",
[7.037s]       |         [01;31m[K^~~~~~~~~~~[m[K
[7.037s] [01m[K/home/nicola/Desktop/Progetto_Sapore/src/robot_skills/src/SaveYaml.cpp:95:21:[m[K [01;31m[Kerror: [m[Kinvalid use of â€˜[01m[Kthis[m[Kâ€™ in non-member function
[7.037s]    95 |         RCLCPP_INFO([01;31m[Kthis[m[K->get_logger(), "ðŸ’¾ Piano %d salvato (%zu waypoints) in %s",
[7.037s]       |                     [01;31m[K^~~~[m[K
[7.038s] [01m[K/home/nicola/Desktop/Progetto_Sapore/src/robot_skills/src/SaveYaml.cpp:95:21:[m[K [01;31m[Kerror: [m[Kinvalid use of â€˜[01m[Kthis[m[Kâ€™ in non-member function
[7.038s]    95 |         RCLCPP_INFO([01;31m[Kthis[m[K->get_logger(), "ðŸ’¾ Piano %d salvato (%zu waypoints) in %s",
[7.038s]       |                     [01;31m[K^~~~[m[K
[9.184s] gmake[2]: *** [CMakeFiles/SaveYaml.dir/build.make:76: CMakeFiles/SaveYaml.dir/src/SaveYaml.cpp.o] Error 1
[9.184s] gmake[1]: *** [CMakeFiles/Makefile2:139: CMakeFiles/SaveYaml.dir/all] Error 2
[9.184s] gmake: *** [Makefile:146: all] Error 2
[9.186s] Invoked command in '/home/nicola/Desktop/Progetto_Sapore/build/robot_skills' returned '2': CMAKE_PREFIX_PATH=${CMAKE_PREFIX_PATH}:/opt/ros/jazzy DEBUGINFOD_URLS=https://debuginfod.ubuntu.com /usr/bin/cmake --build /home/nicola/Desktop/Progetto_Sapore/build/robot_skills -- -j8 -l8
