[01m[K/home/nicola/OneDrive/Magistrale/AIRP/AIPR/ProgrammazionedeiRobot/EsercitazioneairpMio/ros_esercitazione/IIWA/src/build_scene_package/src/build_scene.cpp:177:2:[m[K [01;31m[Kerror: [m[Kexpected â€˜[01m[K}[m[Kâ€™ at end of input
  177 | }
      |  [01;31m[K^[m[K
[01m[K/home/nicola/OneDrive/Magistrale/AIRP/AIPR/ProgrammazionedeiRobot/EsercitazioneairpMio/ros_esercitazione/IIWA/src/build_scene_package/src/build_scene.cpp:14:1:[m[K [01;36m[Knote: [m[Kto match this â€˜[01m[K{[m[Kâ€™
   14 | [01;36m[K{[m[K
      | [01;36m[K^[m[K
[01m[K/home/nicola/OneDrive/Magistrale/AIRP/AIPR/ProgrammazionedeiRobot/EsercitazioneairpMio/ros_esercitazione/IIWA/src/build_scene_package/src/build_scene.cpp:[m[K In constructor â€˜[01m[KBuildSceneNode::[01;32m[KBuildSceneNode[m[K()[m[Kâ€™:
[01m[K/home/nicola/OneDrive/Magistrale/AIRP/AIPR/ProgrammazionedeiRobot/EsercitazioneairpMio/ros_esercitazione/IIWA/src/build_scene_package/src/build_scene.cpp:19:9:[m[K [01;31m[Kerror: [m[Kâ€˜[01m[Kplanning_scene_publisher_[m[Kâ€™ was not declared in this scope
   19 |         [01;31m[Kplanning_scene_publisher_[m[K = this->create_publisher<moveit_msgs::msg::PlanningScene>(
      |         [01;31m[K^~~~~~~~~~~~~~~~~~~~~~~~~[m[K
[01m[K/home/nicola/OneDrive/Magistrale/AIRP/AIPR/ProgrammazionedeiRobot/EsercitazioneairpMio/ros_esercitazione/IIWA/src/build_scene_package/src/build_scene.cpp:23:9:[m[K [01;31m[Kerror: [m[Kâ€˜[01m[Ktimer_[m[Kâ€™ was not declared in this scope; did you mean â€˜[01m[Ktimer_t[m[Kâ€™?
   23 |         [01;31m[Ktimer_[m[K = this->create_wall_timer(
      |         [01;31m[K^~~~~~[m[K
      |         [32m[Ktimer_t[m[K
[01m[K/home/nicola/OneDrive/Magistrale/AIRP/AIPR/ProgrammazionedeiRobot/EsercitazioneairpMio/ros_esercitazione/IIWA/src/build_scene_package/src/build_scene.cpp:[m[K In member function â€˜[01m[Kvoid BuildSceneNode::[01;32m[KpublishScene[m[K()[m[Kâ€™:
[01m[K/home/nicola/OneDrive/Magistrale/AIRP/AIPR/ProgrammazionedeiRobot/EsercitazioneairpMio/ros_esercitazione/IIWA/src/build_scene_package/src/build_scene.cpp:150:42:[m[K [01;31m[Kerror: [m[Kâ€˜[01m[KloadMesh[m[Kâ€™ was not declared in this scope
  150 |         shape_msgs::msg::Mesh mesh_msg = [01;31m[KloadMesh[m[K(mesh_path);
      |                                          [01;31m[K^~~~~~~~[m[K
[01m[K/home/nicola/OneDrive/Magistrale/AIRP/AIPR/ProgrammazionedeiRobot/EsercitazioneairpMio/ros_esercitazione/IIWA/src/build_scene_package/src/build_scene.cpp:[m[K At global scope:
[01m[K/home/nicola/OneDrive/Magistrale/AIRP/AIPR/ProgrammazionedeiRobot/EsercitazioneairpMio/ros_esercitazione/IIWA/src/build_scene_package/src/build_scene.cpp:177:2:[m[K [01;31m[Kerror: [m[Kexpected unqualified-id at end of input
  177 | }
      |  [01;31m[K^[m[K
gmake[2]: *** [CMakeFiles/build_scene.dir/build.make:76: CMakeFiles/build_scene.dir/src/build_scene.cpp.o] Error 1
gmake[1]: *** [CMakeFiles/Makefile2:137: CMakeFiles/build_scene.dir/all] Error 2
gmake: *** [Makefile:146: all] Error 2
