In file included from [01m[K/home/nicola/OneDrive/Magistrale/AIRP/AIPR/ProgrammazionedeiRobot/EsercitazioneairpMio/ros_esercitazione/IIWA/src/nodes/src/test_Reachability.cpp:6[m[K:
[01m[K/opt/ros/jazzy/include/moveit_ros_planning_interface/moveit/move_group_interface/move_group_interface.h:51:77:[m[K [01;36m[Knote: [m[Kâ€˜[01m[K#pragma message: .h header is obsolete. Please use the .hpp header instead.[m[Kâ€™
   51 | #pragma message(".h header is obsolete. Please use the .hpp header instead."[01;36m[K)[m[K
      |                                                                             [01;36m[K^[m[K
In file included from [01m[K/home/nicola/OneDrive/Magistrale/AIRP/AIPR/ProgrammazionedeiRobot/EsercitazioneairpMio/ros_esercitazione/IIWA/src/nodes/src/test_Reachability.cpp:7[m[K:
[01m[K/opt/ros/jazzy/include/moveit_ros_planning_interface/moveit/planning_scene_interface/planning_scene_interface.h:50:77:[m[K [01;36m[Knote: [m[Kâ€˜[01m[K#pragma message: .h header is obsolete. Please use the .hpp header instead.[m[Kâ€™
   50 | #pragma message(".h header is obsolete. Please use the .hpp header instead."[01;36m[K)[m[K
      |                                                                             [01;36m[K^[m[K
In file included from [01m[K/home/nicola/OneDrive/Magistrale/AIRP/AIPR/ProgrammazionedeiRobot/EsercitazioneairpMio/ros_esercitazione/IIWA/src/nodes/src/test_Reachability.cpp:8[m[K:
[01m[K/opt/ros/jazzy/include/moveit_ros_planning/moveit/planning_scene_monitor/planning_scene_monitor.h:50:77:[m[K [01;36m[Knote: [m[Kâ€˜[01m[K#pragma message: .h header is obsolete. Please use the .hpp header instead.[m[Kâ€™
   50 | #pragma message(".h header is obsolete. Please use the .hpp header instead."[01;36m[K)[m[K
      |                                                                             [01;36m[K^[m[K
gmake[2]: *** [CMakeFiles/test_Reach.dir/build.make:76: CMakeFiles/test_Reach.dir/src/test_Reachability.cpp.o] Interrupt
gmake[1]: *** [CMakeFiles/Makefile2:251: CMakeFiles/test_Reach.dir/all] Interrupt
gmake: *** [Makefile:146: all] Interrupt
