[0.038s] Invoking command in '/home/nicola/OneDrive/Magistrale/AIRP/AIPR/ProgrammazionedeiRobot/EsercitazioneairpMio/ros_esercitazione/IIWA/build/nodes': CMAKE_PREFIX_PATH=/home/nicola/OneDrive/Magistrale/AIRP/AIPR/ProgrammazionedeiRobot/EsercitazioneairpMio/ros_esercitazione/IIWA/install/interfaces:/home/nicola/OneDrive/Magistrale/AIRP/AIPR/ProgrammazionedeiRobot/EsercitazioneairpMio/ros_esercitazione/IIWA/install/nodes:/home/nicola/OneDrive/Magistrale/AIRP/AIPR/ProgrammazionedeiRobot/EsercitazioneairpMio/ros_esercitazione/IIWA/install/iiwa_config_moveit_config:/home/nicola/OneDrive/Magistrale/AIRP/AIPR/ProgrammazionedeiRobot/EsercitazioneairpMio/ros_esercitazione/IIWA/install/iiwa_description:/home/nicola/OneDrive/Magistrale/AIRP/AIPR/ProgrammazionedeiRobot/EsercitazioneairpMio/ros_esercitazione/IIWA/install/build_scene_package:/opt/ros/jazzy/opt/sdformat_vendor:/opt/ros/jazzy/opt/gz_math_vendor:/opt/ros/jazzy/opt/gz_utils_vendor:/opt/ros/jazzy/opt/gz_tools_vendor:/opt/ros/jazzy/opt/gz_cmake_vendor:/opt/ros/jazzy DEBUGINFOD_URLS=https://debuginfod.ubuntu.com /usr/bin/cmake --build /home/nicola/OneDrive/Magistrale/AIRP/AIPR/ProgrammazionedeiRobot/EsercitazioneairpMio/ros_esercitazione/IIWA/build/nodes -- -j8 -l8
[0.193s] [ 16%] Built target jtraj_node
[0.195s] [ 33%] Built target jtraj_left_node
[0.198s] [ 50%] Built target task
[0.202s] [ 66%] Built target jtraj_right_node
[0.242s] [ 75%] [32mBuilding CXX object CMakeFiles/Reach.dir/src/test_reach.cpp.o[0m
[0.278s] [ 91%] Built target test_reach
[16.688s] [01m[K/home/nicola/OneDrive/Magistrale/AIRP/AIPR/ProgrammazionedeiRobot/EsercitazioneairpMio/ros_esercitazione/IIWA/src/nodes/src/test_reach.cpp:172:20:[m[K [01;31m[Kerror: [m[Kâ€˜[01m[KGetPositionIK[m[Kâ€™ was not declared in this scope
[16.688s]   172 |     rclcpp::Client<[01;31m[KGetPositionIK[m[K>::SharedPtr client_;
[16.688s]       |                    [01;31m[K^~~~~~~~~~~~~[m[K
[16.688s] [01m[K/home/nicola/OneDrive/Magistrale/AIRP/AIPR/ProgrammazionedeiRobot/EsercitazioneairpMio/ros_esercitazione/IIWA/src/nodes/src/test_reach.cpp:172:33:[m[K [01;31m[Kerror: [m[Ktemplate argument 1 is invalid
[16.688s]   172 |     rclcpp::Client<GetPositionIK[01;31m[K>[m[K::SharedPtr client_;
[16.688s]       |                                 [01;31m[K^[m[K
[16.689s] [01m[K/home/nicola/OneDrive/Magistrale/AIRP/AIPR/ProgrammazionedeiRobot/EsercitazioneairpMio/ros_esercitazione/IIWA/src/nodes/src/test_reach.cpp:172:36:[m[K [01;31m[Kerror: [m[Kexpected â€˜[01m[K;[m[Kâ€™ at end of member declaration
[16.689s]   172 |     rclcpp::Client<GetPositionIK>::[01;31m[KSharedPtr[m[K client_;
[16.689s]       |                                    [01;31m[K^~~~~~~~~[m[K
[16.689s]       |                                             [32m[K;[m[K
[16.696s] [01m[K/home/nicola/OneDrive/Magistrale/AIRP/AIPR/ProgrammazionedeiRobot/EsercitazioneairpMio/ros_esercitazione/IIWA/src/nodes/src/test_reach.cpp:172:46:[m[K [01;31m[Kerror: [m[Kâ€˜[01m[Kclient_[m[Kâ€™ does not name a type
[16.697s]   172 |     rclcpp::Client<GetPositionIK>::SharedPtr [01;31m[Kclient_[m[K;
[16.697s]       |                                              [01;31m[K^~~~~~~[m[K
[16.748s] [01m[K/home/nicola/OneDrive/Magistrale/AIRP/AIPR/ProgrammazionedeiRobot/EsercitazioneairpMio/ros_esercitazione/IIWA/src/nodes/src/test_reach.cpp:[m[K In constructor â€˜[01m[KReachabilityNodes::[01;32m[KReachabilityNodes[m[K()[m[Kâ€™:
[16.748s] [01m[K/home/nicola/OneDrive/Magistrale/AIRP/AIPR/ProgrammazionedeiRobot/EsercitazioneairpMio/ros_esercitazione/IIWA/src/nodes/src/test_reach.cpp:25:9:[m[K [01;31m[Kerror: [m[Kâ€˜[01m[Kclient_[m[Kâ€™ was not declared in this scope
[16.748s]    25 |         [01;31m[Kclient_[m[K = this->create_client<GetPositionIK>("/compute_ik");
[16.749s]       |         [01;31m[K^~~~~~~[m[K
[16.798s] [01m[K/home/nicola/OneDrive/Magistrale/AIRP/AIPR/ProgrammazionedeiRobot/EsercitazioneairpMio/ros_esercitazione/IIWA/src/nodes/src/test_reach.cpp:25:39:[m[K [01;31m[Kerror: [m[Kâ€˜[01m[KGetPositionIK[m[Kâ€™ was not declared in this scope
[16.799s]    25 |         client_ = this->create_client<[01;31m[KGetPositionIK[m[K>("/compute_ik");
[16.799s]       |                                       [01;31m[K^~~~~~~~~~~~~[m[K
[16.799s] [01m[K/home/nicola/OneDrive/Magistrale/AIRP/AIPR/ProgrammazionedeiRobot/EsercitazioneairpMio/ros_esercitazione/IIWA/src/nodes/src/test_reach.cpp:25:53:[m[K [01;31m[Kerror: [m[Kno matching function for call to â€˜[01m[KReachabilityNodes::create_client<<expression error> >(const char [12])[m[Kâ€™
[16.799s]    25 |         client_ = [01;31m[Kthis->create_client<GetPositionIK>("/compute_ik")[m[K;
[16.799s]       |                   [01;31m[K~~~~~~~~~~~~~~~~~~~~~~~~~~~~~~~~~~^~~~~~~~~~~~~~~[m[K
[16.800s] In file included from [01m[K/opt/ros/jazzy/include/rclcpp/rclcpp/executors/single_threaded_executor.hpp:28[m[K,
[16.800s]                  from [01m[K/opt/ros/jazzy/include/rclcpp/rclcpp/executors.hpp:22[m[K,
[16.800s]                  from [01m[K/opt/ros/jazzy/include/rclcpp/rclcpp/rclcpp.hpp:172[m[K,
[16.800s]                  from [01m[K/home/nicola/OneDrive/Magistrale/AIRP/AIPR/ProgrammazionedeiRobot/EsercitazioneairpMio/ros_esercitazione/IIWA/src/nodes/src/test_reach.cpp:1[m[K:
[16.807s] [01m[K/opt/ros/jazzy/include/rclcpp/rclcpp/node.hpp:271:3:[m[K [01;36m[Knote: [m[Kcandidate: â€˜[01m[Ktemplate<class ServiceT> typename rclcpp::Client<ServiceT>::SharedPtr rclcpp::Node::[01;32m[Kcreate_client[m[K(const std::string&, const rmw_qos_profile_t&, rclcpp::CallbackGroup::SharedPtr)[m[Kâ€™
[16.807s]   271 |   [01;36m[Kcreate_client[m[K(
[16.807s]       |   [01;36m[K^~~~~~~~~~~~~[m[K
[16.808s] [01m[K/opt/ros/jazzy/include/rclcpp/rclcpp/node.hpp:271:3:[m[K [01;36m[Knote: [m[K  candidate expects 2 arguments, 1 provided
[16.808s] [01m[K/opt/ros/jazzy/include/rclcpp/rclcpp/node.hpp:285:3:[m[K [01;36m[Knote: [m[Kcandidate: â€˜[01m[Ktemplate<class ServiceT> typename rclcpp::Client<ServiceT>::SharedPtr rclcpp::Node::[01;32m[Kcreate_client[m[K(const std::string&, const rclcpp::QoS&, rclcpp::CallbackGroup::SharedPtr)[m[Kâ€™
[16.808s]   285 |   [01;36m[Kcreate_client[m[K(
[16.808s]       |   [01;36m[K^~~~~~~~~~~~~[m[K
[16.809s] [01m[K/opt/ros/jazzy/include/rclcpp/rclcpp/node.hpp:285:3:[m[K [01;36m[Knote: [m[K  template argument deduction/substitution failed:
[16.809s] [01m[K/home/nicola/OneDrive/Magistrale/AIRP/AIPR/ProgrammazionedeiRobot/EsercitazioneairpMio/ros_esercitazione/IIWA/src/nodes/src/test_reach.cpp:25:53:[m[K [01;31m[Kerror: [m[Ktemplate argument 1 is invalid
[16.809s]    25 |         client_ = [01;31m[Kthis->create_client<GetPositionIK>("/compute_ik")[m[K;
[16.809s]       |                   [01;31m[K~~~~~~~~~~~~~~~~~~~~~~~~~~~~~~~~~~^~~~~~~~~~~~~~~[m[K
[25.552s] gmake[2]: *** [CMakeFiles/Reach.dir/build.make:76: CMakeFiles/Reach.dir/src/test_reach.cpp.o] Error 1
[25.552s] gmake[1]: *** [CMakeFiles/Makefile2:251: CMakeFiles/Reach.dir/all] Error 2
[25.553s] gmake: *** [Makefile:146: all] Error 2
[25.559s] Invoked command in '/home/nicola/OneDrive/Magistrale/AIRP/AIPR/ProgrammazionedeiRobot/EsercitazioneairpMio/ros_esercitazione/IIWA/build/nodes' returned '2': CMAKE_PREFIX_PATH=/home/nicola/OneDrive/Magistrale/AIRP/AIPR/ProgrammazionedeiRobot/EsercitazioneairpMio/ros_esercitazione/IIWA/install/interfaces:/home/nicola/OneDrive/Magistrale/AIRP/AIPR/ProgrammazionedeiRobot/EsercitazioneairpMio/ros_esercitazione/IIWA/install/nodes:/home/nicola/OneDrive/Magistrale/AIRP/AIPR/ProgrammazionedeiRobot/EsercitazioneairpMio/ros_esercitazione/IIWA/install/iiwa_config_moveit_config:/home/nicola/OneDrive/Magistrale/AIRP/AIPR/ProgrammazionedeiRobot/EsercitazioneairpMio/ros_esercitazione/IIWA/install/iiwa_description:/home/nicola/OneDrive/Magistrale/AIRP/AIPR/ProgrammazionedeiRobot/EsercitazioneairpMio/ros_esercitazione/IIWA/install/build_scene_package:/opt/ros/jazzy/opt/sdformat_vendor:/opt/ros/jazzy/opt/gz_math_vendor:/opt/ros/jazzy/opt/gz_utils_vendor:/opt/ros/jazzy/opt/gz_tools_vendor:/opt/ros/jazzy/opt/gz_cmake_vendor:/opt/ros/jazzy DEBUGINFOD_URLS=https://debuginfod.ubuntu.com /usr/bin/cmake --build /home/nicola/OneDrive/Magistrale/AIRP/AIPR/ProgrammazionedeiRobot/EsercitazioneairpMio/ros_esercitazione/IIWA/build/nodes -- -j8 -l8
