In file included from [01m[K/home/nicola/OneDrive/Magistrale/AIRP/AIPR/ProgrammazionedeiRobot/EsercitazioneairpMio/ros_esercitazione/IIWA/src/build_scene_package/src/build_scene_simple.cpp:2[m[K:
[01m[K/opt/ros/jazzy/include/moveit_ros_planning_interface/moveit/planning_scene_interface/planning_scene_interface.h:50:77:[m[K [01;36m[Knote: [m[Kâ€˜[01m[K#pragma message: .h header is obsolete. Please use the .hpp header instead.[m[Kâ€™
   50 | #pragma message(".h header is obsolete. Please use the .hpp header instead."[01;36m[K)[m[K
      |                                                                             [01;36m[K^[m[K
[01m[K/home/nicola/OneDrive/Magistrale/AIRP/AIPR/ProgrammazionedeiRobot/EsercitazioneairpMio/ros_esercitazione/IIWA/src/build_scene_package/src/build_scene_simple.cpp:[m[K In member function â€˜[01m[Kvoid MeshSceneNode::[01;32m[KinsertMeshObstacle[m[K(std::string, geometry_msgs::msg::Pose, std::string)[m[Kâ€™:
[01m[K/home/nicola/OneDrive/Magistrale/AIRP/AIPR/ProgrammazionedeiRobot/EsercitazioneairpMio/ros_esercitazione/IIWA/src/build_scene_package/src/build_scene_simple.cpp:58:21:[m[K [01;31m[Kerror: [m[Kdeclaration of â€˜[01m[Kstd::string mesh_resource[m[Kâ€™ shadows a parameter
   58 |         std::string [01;31m[Kmesh_resource[m[K = mesh_resource; // Percorso della mesh
      |                     [01;31m[K^~~~~~~~~~~~~[m[K
[01m[K/home/nicola/OneDrive/Magistrale/AIRP/AIPR/ProgrammazionedeiRobot/EsercitazioneairpMio/ros_esercitazione/IIWA/src/build_scene_package/src/build_scene_simple.cpp:49:41:[m[K [01;36m[Knote: [m[Kâ€˜[01m[Kstd::string mesh_resource[m[Kâ€™ previously declared here
   49 |     void insertMeshObstacle([01;36m[Kstd::string mesh_resource[m[K, geometry_msgs::msg::Pose pose,std::string id)
      |                             [01;36m[K~~~~~~~~~~~~^~~~~~~~~~~~~[m[K
[01m[K/home/nicola/OneDrive/Magistrale/AIRP/AIPR/ProgrammazionedeiRobot/EsercitazioneairpMio/ros_esercitazione/IIWA/src/build_scene_package/src/build_scene_simple.cpp:49:41:[m[K [01;35m[Kwarning: [m[Kunused parameter â€˜[01m[Kmesh_resource[m[Kâ€™ [[01;35m[K]8;;https://gcc.gnu.org/onlinedocs/gcc/Warning-Options.html#index-Wunused-parameter-Wunused-parameter]8;;[m[K]
gmake[2]: *** [CMakeFiles/build_scene_simple.dir/build.make:76: CMakeFiles/build_scene_simple.dir/src/build_scene_simple.cpp.o] Error 1
gmake[1]: *** [CMakeFiles/Makefile2:165: CMakeFiles/build_scene_simple.dir/all] Error 2
gmake: *** [Makefile:146: all] Error 2
